
Challenge file is read: /apc/dataset/test/10fold_10K_b/fold-001.json
category      instances    precision    recall      ndcg    extender    precision    recall      ndcg    extender
----------  -----------  -----------  --------  --------  ----------  -----------  --------  --------  ----------
1                   329     0.191362  0.55031   0.39266      1.81763    0.0630435  0.55031   0.266156     5.01216
2                   322     0.207703  0.514521  0.397619     2.27019    0.0703652  0.514521  0.272914     5.58075
3                   349     0.19328   0.501774  0.381023     1.77937    0.0742402  0.501774  0.269414     4.4212
mean               1000     0.197293  0.521847  0.390196     1.95       0.0693087  0.521847  0.269469     4.989

Challenge file is read: /apc/dataset/test/10fold_10K_b/fold-002.json
category      instances    precision    recall      ndcg    extender    precision    recall      ndcg    extender
----------  -----------  -----------  --------  --------  ----------  -----------  --------  --------  ----------
1                   323     0.176152  0.542706  0.372799     2.01548    0.0525818  0.542706  0.249978     6.30341
2                   316     0.190968  0.498799  0.379206     1.93987    0.0671429  0.498799  0.263195     4.93354
3                   361     0.198344  0.499586  0.383977     1.31856    0.07235    0.499586  0.271168     4.30471
mean               1000     0.188845  0.513265  0.378859     1.74       0.0643194  0.513265  0.261804     5.149

Challenge file is read: /apc/dataset/test/10fold_10K_b/fold-003.json
category      instances    precision    recall      ndcg    extender    precision    recall      ndcg    extender
----------  -----------  -----------  --------  --------  ----------  -----------  --------  --------  ----------
1                   332     0.17755   0.530564  0.367748     2.29819    0.0826942  0.530564  0.27546      5.18072
2                   318     0.185904  0.499398  0.371355     1.84906    0.0940303  0.499398  0.282748     3.90881
3                   350     0.198591  0.48792   0.379821     1.54571    0.0945802  0.48792   0.289353     3.72286
mean               1000     0.187571  0.505728  0.373121     1.892      0.0904592  0.505728  0.28264      4.266

Challenge file is read: /apc/dataset/test/10fold_10K_b/fold-004.json
category      instances    precision    recall      ndcg    extender    precision    recall      ndcg    extender
----------  -----------  -----------  --------  --------  ----------  -----------  --------  --------  ----------
1                   333     0.188384  0.519507  0.380203     2.15616    0.0571637  0.519507  0.252973     4.88589
2                   341     0.197933  0.513319  0.390754     1.62757    0.0771289  0.513319  0.276324     4.1437
3                   326     0.200286  0.510631  0.394458     1.46012    0.0845023  0.510631  0.283299     3.97546
mean               1000     0.19552   0.514504  0.388448     1.749      0.0728842  0.514504  0.270822     4.336

Challenge file is read: /apc/dataset/test/10fold_10K_b/fold-005.json
category      instances    precision    recall      ndcg    extender    precision    recall      ndcg    extender
----------  -----------  -----------  --------  --------  ----------  -----------  --------  --------  ----------
1                   300     0.212812  0.54235   0.404782     1.16333    0.0853334  0.54235   0.287948     3.81
2                   360     0.212361  0.519464  0.401379     2.09722    0.101766   0.519464  0.300152     4.20556
3                   340     0.195846  0.487859  0.376115     1.83235    0.096941   0.487859  0.292635     3.79412
mean               1000     0.206881  0.515584  0.39381      1.727      0.0951957  0.515584  0.293935     3.947

Challenge file is read: /apc/dataset/test/10fold_10K_b/fold-006.json
category      instances    precision    recall      ndcg    extender    precision    recall      ndcg    extender
----------  -----------  -----------  --------  --------  ----------  -----------  --------  --------  ----------
1                   352     0.189889  0.564182  0.39877      1.8267     0.0919572  0.564182  0.300821     3.89205
2                   318     0.196459  0.521236  0.389163     1.59434    0.0968184  0.521236  0.292872     3.63208
3                   330     0.186824  0.500071  0.377512     1.77576    0.107628   0.500071  0.307401     3.11212
mean               1000     0.190967  0.529368  0.3887       1.736      0.0986743  0.529368  0.300464     3.552

Challenge file is read: /apc/dataset/test/10fold_10K_b/fold-007.json
category      instances    precision    recall      ndcg    extender    precision    recall      ndcg    extender
----------  -----------  -----------  --------  --------  ----------  -----------  --------  --------  ----------
1                   349     0.168935  0.527348  0.362446     2.84814    0.0499022  0.527348  0.240025     6.29226
2                   338     0.203226  0.51312   0.394922     2.17456    0.0804607  0.51312   0.282683     5.03254
3                   313     0.218076  0.523684  0.408586     1.13738    0.0869884  0.523684  0.292154     3.50479
mean               1000     0.195906  0.521392  0.387865     2.085      0.071839   0.521392  0.27076      4.994

Challenge file is read: /apc/dataset/test/10fold_10K_b/fold-008.json
category      instances    precision    recall      ndcg    extender    precision    recall      ndcg    extender
----------  -----------  -----------  --------  --------  ----------  -----------  --------  --------  ----------
1                   316     0.185004  0.537625  0.381393     2.31646    0.0650268  0.537625  0.264928     5.07911
2                   346     0.210152  0.516299  0.39484      2.34682    0.0746487  0.516299  0.274051     5.60116
3                   338     0.201991  0.51106   0.386802     1.73373    0.0807832  0.51106   0.2849       4.18935
mean               1000     0.199447  0.521267  0.387874     2.13       0.0736816  0.521267  0.274835     4.959

Challenge file is read: /apc/dataset/test/10fold_10K_b/fold-009.json
category      instances    precision    recall      ndcg    extender    precision    recall      ndcg    extender
----------  -----------  -----------  --------  --------  ----------  -----------  --------  --------  ----------
1                   331     0.162144  0.509471  0.347926     1.65559    0.0726649  0.509471  0.264632     4.18429
2                   334     0.191032  0.508417  0.383158     1.83832    0.0932149  0.508417  0.292221     3.72754
3                   335     0.197216  0.506922  0.391768     1.99701    0.0891444  0.506922  0.29298      3.93134
mean               1000     0.183542  0.508265  0.37438      1.831      0.0850492  0.508265  0.283343     3.947

Challenge file is read: /apc/dataset/test/10fold_10K_b/fold-010.json
category      instances    precision    recall      ndcg    extender    precision    recall      ndcg    extender
----------  -----------  -----------  --------  --------  ----------  -----------  --------  --------  ----------
1                   357     0.184084  0.530249  0.379952     1.88515    0.0776469  0.530249  0.277603     4.59384
2                   329     0.200062  0.500701  0.382476     2.02432    0.0961602  0.500701  0.290196     4.10638
3                   314     0.19257   0.492348  0.375349     2.55732    0.0919299  0.492348  0.286448     4.98089
mean               1000     0.192005  0.508627  0.379337     2.142      0.0882226  0.508627  0.284523     4.555
