*** SORTER = GeometricMeanSort 
*** FEATURES = 33 only

Challenge file is read: /apc/dataset/test/10fold_10K_b/fold-001.json
category      instances    precision    recall      ndcg    extender    precision    recall      ndcg    extender
----------  -----------  -----------  --------  --------  ----------  -----------  --------  --------  ----------
1                   329     0.197409  0.554308  0.397183     1.77508     0.10287   0.554308  0.308702     4.17021
2                   322     0.214278  0.521285  0.405189     2.15528     0.11327   0.521285  0.312595     4.36957
3                   349     0.194898  0.505837  0.383488     1.73639     0.101219  0.505837  0.300273     3.82521
mean               1000     0.201964  0.526758  0.394981     1.884       0.105642  0.526758  0.307014     4.114

Challenge file is read: /apc/dataset/test/10fold_10K_b/fold-002.json
category      instances    precision    recall      ndcg    extender    precision    recall      ndcg    extender
----------  -----------  -----------  --------  --------  ----------  -----------  --------  --------  ----------
1                   323     0.18184   0.547606  0.380008     2          0.0742283  0.547606  0.271922     5.21981
2                   316     0.192032  0.503847  0.383893     1.87975    0.0892254  0.503847  0.280403     4.1519
3                   361     0.202521  0.502385  0.388063     1.2964     0.0893259  0.502385  0.28799      3.80886
mean               1000     0.192527  0.517453  0.384144     1.708      0.0844176  0.517453  0.280403     4.373

Challenge file is read: /apc/dataset/test/10fold_10K_b/fold-003.json
category      instances    precision    recall      ndcg    extender    precision    recall      ndcg    extender
----------  -----------  -----------  --------  --------  ----------  -----------  --------  --------  ----------
1                   332     0.183705  0.533634  0.373696     2.18675     0.10599   0.533634  0.299587     4.39458
2                   318     0.192254  0.502036  0.377866     1.80818     0.122971  0.502036  0.311995     3.34277
3                   350     0.202509  0.491351  0.383911     1.49143     0.131783  0.491351  0.317691     2.99143
mean               1000     0.193005  0.508787  0.378597     1.823       0.120418  0.508787  0.309869     3.569

Challenge file is read: /apc/dataset/test/10fold_10K_b/fold-004.json
category      instances    precision    recall      ndcg    extender    precision    recall      ndcg    extender
----------  -----------  -----------  --------  --------  ----------  -----------  --------  --------  ----------
1                   333     0.191286  0.52681   0.385655     2.10811    0.0945284  0.52681   0.296245     3.997
2                   341     0.207454  0.517709  0.396784     1.56012    0.117516   0.517709  0.318603     3.21114
3                   326     0.202842  0.514513  0.399601     1.42638    0.113274   0.514513  0.314869     3.17485
mean               1000     0.200567  0.519698  0.393997     1.699      0.108478   0.519698  0.309941     3.461

Challenge file is read: /apc/dataset/test/10fold_10K_b/fold-005.json
category      instances    precision    recall      ndcg    extender    precision    recall      ndcg    extender
----------  -----------  -----------  --------  --------  ----------  -----------  --------  --------  ----------
1                   300     0.217027  0.550121  0.415199     1.09667     0.135292  0.550121  0.339242     3.12333
2                   360     0.221094  0.524923  0.409004     2.06944     0.129838  0.524923  0.330435     3.74167
3                   340     0.200195  0.492607  0.379504     1.83529     0.134926  0.492607  0.321545     3.22941
mean               1000     0.212768  0.521495  0.400832     1.698       0.133204  0.521495  0.330055     3.382

Challenge file is read: /apc/dataset/test/10fold_10K_b/fold-006.json
category      instances    precision    recall      ndcg    extender    precision    recall      ndcg    extender
----------  -----------  -----------  --------  --------  ----------  -----------  --------  --------  ----------
1                   352     0.198294  0.573005  0.406775     1.75       0.0866664  0.573005  0.297433     3.99716
2                   318     0.199882  0.524341  0.393424     1.50943    0.101309   0.524341  0.300404     3.65094
3                   330     0.192237  0.508017  0.384666     1.64242    0.101598   0.508017  0.300394     3.61515
mean               1000     0.1968    0.536084  0.395233     1.638      0.0962501  0.536084  0.299355     3.761

Challenge file is read: /apc/dataset/test/10fold_10K_b/fold-007.json
category      instances    precision    recall      ndcg    extender    precision    recall      ndcg    extender
----------  -----------  -----------  --------  --------  ----------  -----------  --------  --------  ----------
1                   349     0.173283  0.530928  0.367922     2.77937    0.0629815  0.530928  0.255389     5.84527
2                   338     0.208711  0.51739   0.40061      2.10059    0.0883809  0.51739   0.292198     4.93491
3                   313     0.222104  0.526465  0.411193     1.20447    0.0900261  0.526465  0.299818     3.54633
mean               1000     0.200539  0.524955  0.392514     2.057      0.0800314  0.524955  0.281737     4.818

Challenge file is read: /apc/dataset/test/10fold_10K_b/fold-008.json
category      instances    precision    recall      ndcg    extender    precision    recall      ndcg    extender
----------  -----------  -----------  --------  --------  ----------  -----------  --------  --------  ----------
1                   316     0.186806  0.543337  0.386257     2.22152    0.0684696  0.543337  0.274949     5.25633
2                   346     0.214621  0.519705  0.399492     2.34682    0.0816527  0.519705  0.280258     5.69075
3                   338     0.208351  0.515086  0.391332     1.68343    0.0870391  0.515086  0.289719     3.90828
mean               1000     0.203712  0.525612  0.392551     2.083      0.0793075  0.525612  0.281778     4.951

Challenge file is read: /apc/dataset/test/10fold_10K_b/fold-009.json
category      instances    precision    recall      ndcg    extender    precision    recall      ndcg    extender
----------  -----------  -----------  --------  --------  ----------  -----------  --------  --------  ----------
1                   331     0.169359  0.515649  0.355437     1.59819     0.09693   0.515649  0.283049     3.99698
2                   334     0.196515  0.510247  0.3871       1.86527     0.112421  0.510247  0.30683      3.5479
3                   335     0.203474  0.509942  0.396762     1.94627     0.129046  0.509942  0.320679     3.39701
mean               1000     0.189858  0.511933  0.379857     1.804       0.112863  0.511933  0.303598     3.646

Challenge file is read: /apc/dataset/test/10fold_10K_b/fold-010.json
category      instances    precision    recall      ndcg    extender    precision    recall      ndcg    extender
----------  -----------  -----------  --------  --------  ----------  -----------  --------  --------  ----------
1                   357     0.188956  0.53429   0.38535      1.81513    0.0780332  0.53429   0.275525     5.0028
2                   329     0.205684  0.507115  0.386143     1.8693     0.101921   0.507115  0.298304     3.90578
3                   314     0.195154  0.496885  0.379985     2.45223    0.102922   0.496885  0.292989     4.33439
mean               1000     0.196406  0.513604  0.383926     2.033      0.0937074  0.513604  0.288503     4.432


*** SORTER = GeometricMeanSort 
*** FEATURES = 1...14, 33

Challenge file is read: /apc/dataset/test/10fold_10K_b/fold-001.json
category      instances    precision    recall      ndcg    extender    precision    recall      ndcg    extender
----------  -----------  -----------  --------  --------  ----------  -----------  --------  --------  ----------
1                   329     0.197409  0.554308  0.397183     1.77508    0.0753177  0.554308  0.279502     4.80243
2                   322     0.214278  0.521285  0.405189     2.15528    0.0976222  0.521285  0.296496     4.14596
3                   349     0.194898  0.505837  0.383488     1.73639    0.0873245  0.505837  0.286834     3.56447
mean               1000     0.201964  0.526758  0.394981     1.884      0.0866901  0.526758  0.287533     4.159

Challenge file is read: /apc/dataset/test/10fold_10K_b/fold-002.json
category      instances    precision    recall      ndcg    extender    precision    recall      ndcg    extender
----------  -----------  -----------  --------  --------  ----------  -----------  --------  --------  ----------
1                   323     0.18184   0.547606  0.380008     2          0.0588064  0.547606  0.263516     5.01548
2                   316     0.192032  0.503847  0.383893     1.87975    0.0756344  0.503847  0.268698     4.5443
3                   361     0.202521  0.502385  0.388063     1.2964     0.0850235  0.502385  0.282954     3.4072
mean               1000     0.192527  0.517453  0.384144     1.708      0.0735884  0.517453  0.272171     4.286

Challenge file is read: /apc/dataset/test/10fold_10K_b/fold-003.json
category      instances    precision    recall      ndcg    extender    precision    recall      ndcg    extender
----------  -----------  -----------  --------  --------  ----------  -----------  --------  --------  ----------
1                   332     0.183705  0.533634  0.373696     2.18675    0.0955977  0.533634  0.286162     4.84337
2                   318     0.192254  0.502036  0.377866     1.80818    0.0916011  0.502036  0.282178     4.17925
3                   350     0.202509  0.491351  0.383911     1.49143    0.105869   0.491351  0.299127     2.97429
mean               1000     0.193005  0.508787  0.378597     1.823      0.0979216  0.508787  0.289433     3.978

Challenge file is read: /apc/dataset/test/10fold_10K_b/fold-004.json
category      instances    precision    recall      ndcg    extender    precision    recall      ndcg    extender
----------  -----------  -----------  --------  --------  ----------  -----------  --------  --------  ----------
1                   333     0.191286  0.52681   0.385655     2.10811    0.0871847  0.52681   0.28374      4.44144
2                   341     0.207454  0.517709  0.396784     1.56012    0.0997398  0.517709  0.300453     3.59531
3                   326     0.202842  0.514513  0.399601     1.42638    0.114671   0.514513  0.314135     3.46012
mean               1000     0.200567  0.519698  0.393997     1.699      0.100427   0.519698  0.299348     3.833

Challenge file is read: /apc/dataset/test/10fold_10K_b/fold-005.json
category      instances    precision    recall      ndcg    extender    precision    recall      ndcg    extender
----------  -----------  -----------  --------  --------  ----------  -----------  --------  --------  ----------
1                   300     0.217027  0.550121  0.415199     1.09667    0.0866974  0.550121  0.291675     4.2
2                   360     0.221094  0.524923  0.409004     2.06944    0.0903656  0.524923  0.296694     4.65833
3                   340     0.200195  0.492607  0.379504     1.83529    0.103206   0.492607  0.296042     3.73529
mean               1000     0.212768  0.521495  0.400832     1.698      0.093631   0.521495  0.294967     4.207

Challenge file is read: /apc/dataset/test/10fold_10K_b/fold-006.json
category      instances    precision    recall      ndcg    extender    precision    recall      ndcg    extender
----------  -----------  -----------  --------  --------  ----------  -----------  --------  --------  ----------
1                   352     0.198294  0.573005  0.406775     1.75       0.0731137  0.573005  0.287119     4.73295
2                   318     0.199882  0.524341  0.393424     1.50943    0.0866486  0.524341  0.287395     4.09119
3                   330     0.192237  0.508017  0.384666     1.64242    0.0843586  0.508017  0.286434     3.79394
mean               1000     0.1968    0.536084  0.395233     1.638      0.0811286  0.536084  0.28698      4.219

Challenge file is read: /apc/dataset/test/10fold_10K_b/fold-007.json
category      instances    precision    recall      ndcg    extender    precision    recall      ndcg    extender
----------  -----------  -----------  --------  --------  ----------  -----------  --------  --------  ----------
1                   349     0.173283  0.530928  0.367922     2.77937    0.0619946  0.530928  0.253834     5.9914
2                   338     0.208711  0.51739   0.40061      2.10059    0.0757309  0.51739   0.282027     5.07988
3                   313     0.222104  0.526465  0.411193     1.20447    0.0847595  0.526465  0.295808     3.72524
mean               1000     0.200539  0.524955  0.392514     2.057      0.0737629  0.524955  0.276501     4.974

Challenge file is read: /apc/dataset/test/10fold_10K_b/fold-008.json
category      instances    precision    recall      ndcg    extender    precision    recall      ndcg    extender
----------  -----------  -----------  --------  --------  ----------  -----------  --------  --------  ----------
1                   316     0.186806  0.543337  0.386257     2.22152    0.0834779  0.543337  0.284316     4.51582
2                   346     0.214621  0.519705  0.399492     2.34682    0.0972685  0.519705  0.293787     4.74566
3                   338     0.208351  0.515086  0.391332     1.68343    0.102645   0.515086  0.303134     3.84615
mean               1000     0.203712  0.525612  0.392551     2.083      0.094728   0.525612  0.293953     4.369

Challenge file is read: /apc/dataset/test/10fold_10K_b/fold-009.json
category      instances    precision    recall      ndcg    extender    precision    recall      ndcg    extender
----------  -----------  -----------  --------  --------  ----------  -----------  --------  --------  ----------
1                   331     0.169359  0.515649  0.355437     1.59819    0.0698449  0.515649  0.260274     4.16616
2                   334     0.196515  0.510247  0.3871       1.86527    0.0914522  0.510247  0.288704     3.6018
3                   335     0.203474  0.509942  0.396762     1.94627    0.0978995  0.509942  0.296385     3.78806
mean               1000     0.189858  0.511933  0.379857     1.804      0.08646    0.511933  0.281867     3.851

Challenge file is read: /apc/dataset/test/10fold_10K_b/fold-010.json
category      instances    precision    recall      ndcg    extender    precision    recall      ndcg    extender
----------  -----------  -----------  --------  --------  ----------  -----------  --------  --------  ----------
1                   357     0.188956  0.53429   0.38535      1.81513    0.0805646  0.53429   0.278076     4.69468
2                   329     0.205684  0.507115  0.386143     1.8693     0.0994754  0.507115  0.292751     4.09422
3                   314     0.195154  0.496885  0.379985     2.45223    0.0880702  0.496885  0.286835     4.63694
mean               1000     0.196406  0.513604  0.383926     2.033      0.089143   0.513604  0.285654     4.479


*** SORTER = GeometricMeanSort 
*** FEATURES = 1...14, 16

Challenge file is read: /apc/dataset/test/10fold_10K_b/fold-001.json
category      instances    precision    recall      ndcg    extender    precision    recall      ndcg    extender
----------  -----------  -----------  --------  --------  ----------  -----------  --------  --------  ----------
1                   329     0.197409  0.554308  0.397183     1.77508    0.0674709  0.554308  0.274169     5.32523
2                   322     0.214278  0.521285  0.405189     2.15528    0.083138   0.521285  0.289077     4.6087
3                   349     0.194898  0.505837  0.383488     1.73639    0.0783906  0.505837  0.279164     4.05731
mean               1000     0.201964  0.526758  0.394981     1.884      0.0763267  0.526758  0.280713     4.652

Challenge file is read: /apc/dataset/test/10fold_10K_b/fold-002.json
category      instances    precision    recall      ndcg    extender    precision    recall      ndcg    extender
----------  -----------  -----------  --------  --------  ----------  -----------  --------  --------  ----------
1                   323     0.18184   0.547606  0.380008     2          0.0542465  0.547606  0.257036     5.44272
2                   316     0.192032  0.503847  0.383893     1.87975    0.0675699  0.503847  0.263995     4.75949
3                   361     0.202521  0.502385  0.388063     1.2964     0.0727271  0.502385  0.275122     3.5928
mean               1000     0.192527  0.517453  0.384144     1.708      0.0651282  0.517453  0.265764     4.559

Challenge file is read: /apc/dataset/test/10fold_10K_b/fold-003.json
category      instances    precision    recall      ndcg    extender    precision    recall      ndcg    extender
----------  -----------  -----------  --------  --------  ----------  -----------  --------  --------  ----------
1                   332     0.183705  0.533634  0.373696     2.18675    0.0860604  0.533634  0.283701     4.43976
2                   318     0.192254  0.502036  0.377866     1.80818    0.0952595  0.502036  0.286258     3.78931
3                   350     0.202509  0.491351  0.383911     1.49143    0.108839   0.491351  0.299814     3.08
mean               1000     0.193005  0.508787  0.378597     1.823      0.0969584  0.508787  0.290154     3.757

Challenge file is read: /apc/dataset/test/10fold_10K_b/fold-004.json
category      instances    precision    recall      ndcg    extender    precision    recall      ndcg    extender
----------  -----------  -----------  --------  --------  ----------  -----------  --------  --------  ----------
1                   333     0.191286  0.52681   0.385655     2.10811    0.0574666  0.52681   0.254937     5.24024
2                   341     0.207454  0.517709  0.396784     1.56012    0.0700141  0.517709  0.273885     4.30792
3                   326     0.202842  0.514513  0.399601     1.42638    0.0734319  0.514513  0.281424     4.46319
mean               1000     0.200567  0.519698  0.393997     1.699      0.06695    0.519698  0.270033     4.669

Challenge file is read: /apc/dataset/test/10fold_10K_b/fold-005.json
category      instances    precision    recall      ndcg    extender    precision    recall      ndcg    extender
----------  -----------  -----------  --------  --------  ----------  -----------  --------  --------  ----------
1                   300     0.217027  0.550121  0.415199     1.09667    0.0829449  0.550121  0.289357     4.02667
2                   360     0.221094  0.524923  0.409004     2.06944    0.0964509  0.524923  0.298861     4.26944
3                   340     0.200195  0.492607  0.379504     1.83529    0.105319   0.492607  0.298853     3.31471
mean               1000     0.212768  0.521495  0.400832     1.698      0.0954143  0.521495  0.296007     3.872

Challenge file is read: /apc/dataset/test/10fold_10K_b/fold-006.json
category      instances    precision    recall      ndcg    extender    precision    recall      ndcg    extender
----------  -----------  -----------  --------  --------  ----------  -----------  --------  --------  ----------
1                   352     0.198294  0.573005  0.406775     1.75       0.0838502  0.573005  0.293287     4.3892
2                   318     0.199882  0.524341  0.393424     1.50943    0.103638   0.524341  0.304982     3.20126
3                   330     0.192237  0.508017  0.384666     1.64242    0.093538   0.508017  0.294403     3.19394
mean               1000     0.1968    0.536084  0.395233     1.638      0.0933396  0.536084  0.297374     3.617

Challenge file is read: /apc/dataset/test/10fold_10K_b/fold-007.json
category      instances    precision    recall      ndcg    extender    precision    recall      ndcg    extender
----------  -----------  -----------  --------  --------  ----------  -----------  --------  --------  ----------
1                   349     0.173283  0.530928  0.367922     2.77937    0.0531476  0.530928  0.244531     5.90544
2                   338     0.208711  0.51739   0.40061      2.10059    0.0737151  0.51739   0.277423     5.07396
3                   313     0.222104  0.526465  0.411193     1.20447    0.0842741  0.526465  0.294494     3.66773
mean               1000     0.200539  0.524955  0.392514     2.057      0.069842   0.524955  0.271287     4.924

Challenge file is read: /apc/dataset/test/10fold_10K_b/fold-008.json
category      instances    precision    recall      ndcg    extender    precision    recall      ndcg    extender
----------  -----------  -----------  --------  --------  ----------  -----------  --------  --------  ----------
1                   316     0.186806  0.543337  0.386257     2.22152    0.0796015  0.543337  0.282691     4.54747
2                   346     0.214621  0.519705  0.399492     2.34682    0.0987795  0.519705  0.299546     4.73988
3                   338     0.208351  0.515086  0.391332     1.68343    0.0958626  0.515086  0.295048     3.8787
mean               1000     0.203712  0.525612  0.392551     2.083      0.0917334  0.525612  0.292699     4.388

Challenge file is read: /apc/dataset/test/10fold_10K_b/fold-009.json
category      instances    precision    recall      ndcg    extender    precision    recall      ndcg    extender
----------  -----------  -----------  --------  --------  ----------  -----------  --------  --------  ----------
1                   331     0.169359  0.515649  0.355437     1.59819    0.0682496  0.515649  0.259631     4.31118
2                   334     0.196515  0.510247  0.3871       1.86527    0.0880378  0.510247  0.287799     4.05389
3                   335     0.203474  0.509942  0.396762     1.94627    0.0957015  0.509942  0.297171     3.74627
mean               1000     0.189858  0.511933  0.379857     1.804      0.0840553  0.511933  0.281615     4.036

Challenge file is read: /apc/dataset/test/10fold_10K_b/fold-010.json
category      instances    precision    recall      ndcg    extender    precision    recall      ndcg    extender
----------  -----------  -----------  --------  --------  ----------  -----------  --------  --------  ----------
1                   357     0.188956  0.53429   0.38535      1.81513    0.0620124  0.53429   0.260066     4.62185
2                   329     0.205684  0.507115  0.386143     1.8693     0.0679201  0.507115  0.269776     4.68085
3                   314     0.195154  0.496885  0.379985     2.45223    0.0795772  0.496885  0.273356     5.02229
mean               1000     0.196406  0.513604  0.383926     2.033      0.0694714  0.513604  0.267434     4.767


*** SORTER = GeometricMeanSort 
*** FEATURES = 1...14, 17

Challenge file is read: /apc/dataset/test/10fold_10K_b/fold-001.json
category      instances    precision    recall      ndcg    extender    precision    recall      ndcg    extender
----------  -----------  -----------  --------  --------  ----------  -----------  --------  --------  ----------
1                   329     0.197409  0.554308  0.397183     1.77508    0.0620739  0.554308  0.268661     4.2766
2                   322     0.214278  0.521285  0.405189     2.15528    0.075273   0.521285  0.281136     4.48758
3                   349     0.194898  0.505837  0.383488     1.73639    0.0767904  0.505837  0.273767     3.9255
mean               1000     0.201964  0.526758  0.394981     1.884      0.07146    0.526758  0.27446      4.222

Challenge file is read: /apc/dataset/test/10fold_10K_b/fold-002.json
category      instances    precision    recall      ndcg    extender    precision    recall      ndcg    extender
----------  -----------  -----------  --------  --------  ----------  -----------  --------  --------  ----------
1                   323     0.18184   0.547606  0.380008     2          0.0534649  0.547606  0.254803     5.25387
2                   316     0.192032  0.503847  0.383893     1.87975    0.0611691  0.503847  0.257407     4.37025
3                   361     0.202521  0.502385  0.388063     1.2964     0.0767326  0.502385  0.272021     3.51524
mean               1000     0.192527  0.517453  0.384144     1.708      0.0642991  0.517453  0.261841     4.347

Challenge file is read: /apc/dataset/test/10fold_10K_b/fold-003.json
category      instances    precision    recall      ndcg    extender    precision    recall      ndcg    extender
----------  -----------  -----------  --------  --------  ----------  -----------  --------  --------  ----------
1                   332     0.183705  0.533634  0.373696     2.18675    0.0647276  0.533634  0.259188     5.06325
2                   318     0.192254  0.502036  0.377866     1.80818    0.0736165  0.502036  0.271903     3.79874
3                   350     0.202509  0.491351  0.383911     1.49143    0.0852704  0.491351  0.277507     3.26286
mean               1000     0.193005  0.508787  0.378597     1.823      0.0747442  0.508787  0.269643     4.031

Challenge file is read: /apc/dataset/test/10fold_10K_b/fold-004.json
category      instances    precision    recall      ndcg    extender    precision    recall      ndcg    extender
----------  -----------  -----------  --------  --------  ----------  -----------  --------  --------  ----------
1                   333     0.191286  0.52681   0.385655     2.10811    0.0727054  0.52681   0.271729     4.21922
2                   341     0.207454  0.517709  0.396784     1.56012    0.088411   0.517709  0.288813     3.69208
3                   326     0.202842  0.514513  0.399601     1.42638    0.0982433  0.514513  0.298759     2.62577
mean               1000     0.200567  0.519698  0.393997     1.699      0.0863864  0.519698  0.286366     3.52

Challenge file is read: /apc/dataset/test/10fold_10K_b/fold-005.json
category      instances    precision    recall      ndcg    extender    precision    recall      ndcg    extender
----------  -----------  -----------  --------  --------  ----------  -----------  --------  --------  ----------
1                   300     0.217027  0.550121  0.415199     1.09667    0.0638504  0.550121  0.27412      3.58667
2                   360     0.221094  0.524923  0.409004     2.06944    0.0858844  0.524923  0.290981     4.38611
3                   340     0.200195  0.492607  0.379504     1.83529    0.089719   0.492607  0.285123     3.72059
mean               1000     0.212768  0.521495  0.400832     1.698      0.080578   0.521495  0.283931     3.92

Challenge file is read: /apc/dataset/test/10fold_10K_b/fold-006.json
category      instances    precision    recall      ndcg    extender    precision    recall      ndcg    extender
----------  -----------  -----------  --------  --------  ----------  -----------  --------  --------  ----------
1                   352     0.198294  0.573005  0.406775     1.75       0.0606491  0.573005  0.275753     4.8267
2                   318     0.199882  0.524341  0.393424     1.50943    0.0705624  0.524341  0.278482     3.55346
3                   330     0.192237  0.508017  0.384666     1.64242    0.0787853  0.508017  0.28147      3.98485
mean               1000     0.1968    0.536084  0.395233     1.638      0.0697865  0.536084  0.278507     4.144

Challenge file is read: /apc/dataset/test/10fold_10K_b/fold-007.json
category      instances    precision    recall      ndcg    extender    precision    recall      ndcg    extender
----------  -----------  -----------  --------  --------  ----------  -----------  --------  --------  ----------
1                   349     0.173283  0.530928  0.367922     2.77937    0.050031   0.530928  0.240452     6.09456
2                   338     0.208711  0.51739   0.40061      2.10059    0.0722524  0.51739   0.27739      4.49112
3                   313     0.222104  0.526465  0.411193     1.20447    0.0843052  0.526465  0.293862     3.4345
mean               1000     0.200539  0.524955  0.392514     2.057      0.0682697  0.524955  0.269654     4.72

Challenge file is read: /apc/dataset/test/10fold_10K_b/fold-008.json
category      instances    precision    recall      ndcg    extender    precision    recall      ndcg    extender
----------  -----------  -----------  --------  --------  ----------  -----------  --------  --------  ----------
1                   316     0.186806  0.543337  0.386257     2.22152    0.0560157  0.543337  0.260556     4.80696
2                   346     0.214621  0.519705  0.399492     2.34682    0.0749129  0.519705  0.275319     5.44798
3                   338     0.208351  0.515086  0.391332     1.68343    0.0791664  0.515086  0.27905      3.92012
mean               1000     0.203712  0.525612  0.392551     2.083      0.0703791  0.525612  0.271915     4.729

Challenge file is read: /apc/dataset/test/10fold_10K_b/fold-009.json
category      instances    precision    recall      ndcg    extender    precision    recall      ndcg    extender
----------  -----------  -----------  --------  --------  ----------  -----------  --------  --------  ----------
1                   331     0.169359  0.515649  0.355437     1.59819    0.0558228  0.515649  0.250554     4.44713
2                   334     0.196515  0.510247  0.3871       1.86527    0.0854189  0.510247  0.282506     3.50599
3                   335     0.203474  0.509942  0.396762     1.94627    0.0909958  0.509942  0.287513     3.90448
mean               1000     0.189858  0.511933  0.379857     1.804      0.0774909  0.511933  0.273607     3.951

Challenge file is read: /apc/dataset/test/10fold_10K_b/fold-010.json
category      instances    precision    recall      ndcg    extender    precision    recall      ndcg    extender
----------  -----------  -----------  --------  --------  ----------  -----------  --------  --------  ----------
1                   357     0.188956  0.53429   0.38535      1.81513    0.0646891  0.53429   0.264832     4.45658
2                   329     0.205684  0.507115  0.386143     1.8693     0.0866488  0.507115  0.281457     4.1003
3                   314     0.195154  0.496885  0.379985     2.45223    0.083428   0.496885  0.280377     5.17516
mean               1000     0.196406  0.513604  0.383926     2.033      0.0777978  0.513604  0.275183     4.565


*** SORTER = GeometricMeanSort 
*** FEATURES = 1...14, 16, 17

Challenge file is read: /apc/dataset/test/10fold_10K_b/fold-001.json
category      instances    precision    recall      ndcg    extender    precision    recall      ndcg    extender
----------  -----------  -----------  --------  --------  ----------  -----------  --------  --------  ----------
1                   329     0.197409  0.554308  0.397183     1.77508    0.0623737  0.554308  0.2673       5.06079
2                   322     0.214278  0.521285  0.405189     2.15528    0.0771715  0.521285  0.277821     4.95652
3                   349     0.194898  0.505837  0.383488     1.73639    0.0711301  0.505837  0.269684     4.6447
mean               1000     0.201964  0.526758  0.394981     1.884      0.0701946  0.526758  0.27152      4.882

Challenge file is read: /apc/dataset/test/10fold_10K_b/fold-002.json
category      instances    precision    recall      ndcg    extender    precision    recall      ndcg    extender
----------  -----------  -----------  --------  --------  ----------  -----------  --------  --------  ----------
1                   323     0.18184   0.547606  0.380008     2          0.0561438  0.547606  0.260982     4.81424
2                   316     0.192032  0.503847  0.383893     1.87975    0.0762836  0.503847  0.273178     4.34494
3                   361     0.202521  0.502385  0.388063     1.2964     0.0811185  0.502385  0.278557     3.72299
mean               1000     0.192527  0.517453  0.384144     1.708      0.0715238  0.517453  0.27118      4.272

Challenge file is read: /apc/dataset/test/10fold_10K_b/fold-003.json
category      instances    precision    recall      ndcg    extender    precision    recall      ndcg    extender
----------  -----------  -----------  --------  --------  ----------  -----------  --------  --------  ----------
1                   332     0.183705  0.533634  0.373696     2.18675     0.10545   0.533634  0.299991     4.51205
2                   318     0.192254  0.502036  0.377866     1.80818     0.100767  0.502036  0.293267     4.11321
3                   350     0.202509  0.491351  0.383911     1.49143     0.102799  0.491351  0.294455     3.01143
mean               1000     0.193005  0.508787  0.378597     1.823       0.103033  0.508787  0.295915     3.86

Challenge file is read: /apc/dataset/test/10fold_10K_b/fold-004.json
category      instances    precision    recall      ndcg    extender    precision    recall      ndcg    extender
----------  -----------  -----------  --------  --------  ----------  -----------  --------  --------  ----------
1                   333     0.191286  0.52681   0.385655     2.10811    0.0606803  0.52681   0.263952     5.0991
2                   341     0.207454  0.517709  0.396784     1.56012    0.0877765  0.517709  0.288399     4.1173
3                   326     0.202842  0.514513  0.399601     1.42638    0.0858676  0.514513  0.293239     3.88957
mean               1000     0.200567  0.519698  0.393997     1.699      0.0781311  0.519698  0.281836     4.37

Challenge file is read: /apc/dataset/test/10fold_10K_b/fold-005.json
category      instances    precision    recall      ndcg    extender    precision    recall      ndcg    extender
----------  -----------  -----------  --------  --------  ----------  -----------  --------  --------  ----------
1                   300     0.217027  0.550121  0.415199     1.09667    0.0790855  0.550121  0.285765     4.4
2                   360     0.221094  0.524923  0.409004     2.06944    0.101929   0.524923  0.302327     3.91389
3                   340     0.200195  0.492607  0.379504     1.83529    0.107527   0.492607  0.296944     3.62059
mean               1000     0.212768  0.521495  0.400832     1.698      0.0969794  0.521495  0.295528     3.96

Challenge file is read: /apc/dataset/test/10fold_10K_b/fold-006.json
category      instances    precision    recall      ndcg    extender    precision    recall      ndcg    extender
----------  -----------  -----------  --------  --------  ----------  -----------  --------  --------  ----------
1                   352     0.198294  0.573005  0.406775     1.75       0.0886695  0.573005  0.300192     4.09375
2                   318     0.199882  0.524341  0.393424     1.50943    0.0957956  0.524341  0.298398     3.56289
3                   330     0.192237  0.508017  0.384666     1.64242    0.104465   0.508017  0.303011     3.4697
mean               1000     0.1968    0.536084  0.395233     1.638      0.0961479  0.536084  0.300552     3.719

Challenge file is read: /apc/dataset/test/10fold_10K_b/fold-007.json
category      instances    precision    recall      ndcg    extender    precision    recall      ndcg    extender
----------  -----------  -----------  --------  --------  ----------  -----------  --------  --------  ----------
1                   349     0.173283  0.530928  0.367922     2.77937    0.055395   0.530928  0.248404     5.74499
2                   338     0.208711  0.51739   0.40061      2.10059    0.0749396  0.51739   0.279439     5.05325
3                   313     0.222104  0.526465  0.411193     1.20447    0.0970652  0.526465  0.301347     3.58147
mean               1000     0.200539  0.524955  0.392514     2.057      0.0750438  0.524955  0.275465     4.834

Challenge file is read: /apc/dataset/test/10fold_10K_b/fold-008.json
category      instances    precision    recall      ndcg    extender    precision    recall      ndcg    extender
----------  -----------  -----------  --------  --------  ----------  -----------  --------  --------  ----------
1                   316     0.186806  0.543337  0.386257     2.22152    0.0640837  0.543337  0.26863      5.10127
2                   346     0.214621  0.519705  0.399492     2.34682    0.0887455  0.519705  0.285929     4.65607
3                   338     0.208351  0.515086  0.391332     1.68343    0.0880817  0.515086  0.288167     4.26331
mean               1000     0.203712  0.525612  0.392551     2.083      0.080728   0.525612  0.281219     4.664

Challenge file is read: /apc/dataset/test/10fold_10K_b/fold-009.json
category      instances    precision    recall      ndcg    extender    precision    recall      ndcg    extender
----------  -----------  -----------  --------  --------  ----------  -----------  --------  --------  ----------
1                   331     0.169359  0.515649  0.355437     1.59819    0.0626566  0.515649  0.253164     4.56495
2                   334     0.196515  0.510247  0.3871       1.86527    0.0915447  0.510247  0.285119     4.06587
3                   335     0.203474  0.509942  0.396762     1.94627    0.0963521  0.509942  0.298831     3.8597
mean               1000     0.189858  0.511933  0.379857     1.804      0.0835932  0.511933  0.279135     4.162

Challenge file is read: /apc/dataset/test/10fold_10K_b/fold-010.json
category      instances    precision    recall      ndcg    extender    precision    recall      ndcg    extender
----------  -----------  -----------  --------  --------  ----------  -----------  --------  --------  ----------
1                   357     0.188956  0.53429   0.38535      1.81513    0.0747987  0.53429   0.272902     5.15126
2                   329     0.205684  0.507115  0.386143     1.8693     0.0814535  0.507115  0.278161     4.56535
3                   314     0.195154  0.496885  0.379985     2.45223    0.0914779  0.496885  0.283654     4.72293
mean               1000     0.196406  0.513604  0.383926     2.033      0.0822254  0.513604  0.278008     4.824


*** SORTER = GeometricMeanSort 
*** FEATURES = 1...14, 15, 16, 17

Challenge file is read: /apc/dataset/test/10fold_10K_b/fold-001.json
category      instances    precision    recall      ndcg    extender    precision    recall      ndcg    extender
----------  -----------  -----------  --------  --------  ----------  -----------  --------  --------  ----------
1                   329     0.197409  0.554308  0.397183     1.77508    0.0525377  0.554308  0.261818     5.26444
2                   322     0.214278  0.521285  0.405189     2.15528    0.0776784  0.521285  0.276626     5.00621
3                   349     0.194898  0.505837  0.383488     1.73639    0.0739965  0.505837  0.270578     4.20057
mean               1000     0.201964  0.526758  0.394981     1.884      0.0681222  0.526758  0.269643     4.81

Challenge file is read: /apc/dataset/test/10fold_10K_b/fold-002.json
category      instances    precision    recall      ndcg    extender    precision    recall      ndcg    extender
----------  -----------  -----------  --------  --------  ----------  -----------  --------  --------  ----------
1                   323     0.18184   0.547606  0.380008     2          0.0453644  0.547606  0.251291     5.613
2                   316     0.192032  0.503847  0.383893     1.87975    0.0619866  0.503847  0.260541     4.51266
3                   361     0.202521  0.502385  0.388063     1.2964     0.066109   0.502385  0.268284     3.82548
mean               1000     0.192527  0.517453  0.384144     1.708      0.0581058  0.517453  0.260348     4.62

Challenge file is read: /apc/dataset/test/10fold_10K_b/fold-003.json
category      instances    precision    recall      ndcg    extender    precision    recall      ndcg    extender
----------  -----------  -----------  --------  --------  ----------  -----------  --------  --------  ----------
1                   332     0.183705  0.533634  0.373696     2.18675     0.113826  0.533634  0.305901     4.16265
2                   318     0.192254  0.502036  0.377866     1.80818     0.110432  0.502036  0.304427     3.5566
3                   350     0.202509  0.491351  0.383911     1.49143     0.124368  0.491351  0.315333     3.05429
mean               1000     0.193005  0.508787  0.378597     1.823       0.116436  0.508787  0.308734     3.582

Challenge file is read: /apc/dataset/test/10fold_10K_b/fold-004.json
category      instances    precision    recall      ndcg    extender    precision    recall      ndcg    extender
----------  -----------  -----------  --------  --------  ----------  -----------  --------  --------  ----------
1                   333     0.191286  0.52681   0.385655     2.10811    0.0485773  0.52681   0.249865     6.15315
2                   341     0.207454  0.517709  0.396784     1.56012    0.0611432  0.517709  0.268517     5.18475
3                   326     0.202842  0.514513  0.399601     1.42638    0.0630823  0.514513  0.27375      4.63804
mean               1000     0.200567  0.519698  0.393997     1.699      0.0575909  0.519698  0.264012     5.329

Challenge file is read: /apc/dataset/test/10fold_10K_b/fold-005.json
category      instances    precision    recall      ndcg    extender    precision    recall      ndcg    extender
----------  -----------  -----------  --------  --------  ----------  -----------  --------  --------  ----------
1                   300     0.217027  0.550121  0.415199     1.09667    0.0946565  0.550121  0.303717     4.13667
2                   360     0.221094  0.524923  0.409004     2.06944    0.117562   0.524923  0.317363     3.86667
3                   340     0.200195  0.492607  0.379504     1.83529    0.117631   0.492607  0.309982     3.15588
mean               1000     0.212768  0.521495  0.400832     1.698      0.110714   0.521495  0.31076      3.706

Challenge file is read: /apc/dataset/test/10fold_10K_b/fold-006.json
category      instances    precision    recall      ndcg    extender    precision    recall      ndcg    extender
----------  -----------  -----------  --------  --------  ----------  -----------  --------  --------  ----------
1                   352     0.198294  0.573005  0.406775     1.75       0.0633899  0.573005  0.273078     5.45739
2                   318     0.199882  0.524341  0.393424     1.50943    0.0696713  0.524341  0.276576     4.33019
3                   330     0.192237  0.508017  0.384666     1.64242    0.0781643  0.508017  0.281716     3.98485
mean               1000     0.1968    0.536084  0.395233     1.638      0.0702629  0.536084  0.277041     4.613

Challenge file is read: /apc/dataset/test/10fold_10K_b/fold-007.json
category      instances    precision    recall      ndcg    extender    precision    recall      ndcg    extender
----------  -----------  -----------  --------  --------  ----------  -----------  --------  --------  ----------
1                   349     0.173283  0.530928  0.367922     2.77937    0.0572871  0.530928  0.249767     6.39828
2                   338     0.208711  0.51739   0.40061      2.10059    0.0736623  0.51739   0.281279     4.78402
3                   313     0.222104  0.526465  0.411193     1.20447    0.0888376  0.526465  0.297931     4.03195
mean               1000     0.200539  0.524955  0.392514     2.057      0.0726972  0.524955  0.275493     5.112

Challenge file is read: /apc/dataset/test/10fold_10K_b/fold-008.json
category      instances    precision    recall      ndcg    extender    precision    recall      ndcg    extender
----------  -----------  -----------  --------  --------  ----------  -----------  --------  --------  ----------
1                   316     0.186806  0.543337  0.386257     2.22152    0.0594963  0.543337  0.261708     4.98101
2                   346     0.214621  0.519705  0.399492     2.34682    0.0695474  0.519705  0.271339     5.59249
3                   338     0.208351  0.515086  0.391332     1.68343    0.0667147  0.515086  0.275273     4.48225
mean               1000     0.203712  0.525612  0.392551     2.083      0.0654138  0.525612  0.269625     5.024

Challenge file is read: /apc/dataset/test/10fold_10K_b/fold-009.json
category      instances    precision    recall      ndcg    extender    precision    recall      ndcg    extender
----------  -----------  -----------  --------  --------  ----------  -----------  --------  --------  ----------
1                   331     0.169359  0.515649  0.355437     1.59819    0.0637682  0.515649  0.253467     4.50755
2                   334     0.196515  0.510247  0.3871       1.86527    0.0824981  0.510247  0.28323      4.00898
3                   335     0.203474  0.509942  0.396762     1.94627    0.085949   0.509942  0.288544     4.28358
mean               1000     0.189858  0.511933  0.379857     1.804      0.0774546  0.511933  0.275159     4.266

Challenge file is read: /apc/dataset/test/10fold_10K_b/fold-010.json
category      instances    precision    recall      ndcg    extender    precision    recall      ndcg    extender
----------  -----------  -----------  --------  --------  ----------  -----------  --------  --------  ----------
1                   357     0.188956  0.53429   0.38535      1.81513    0.0730453  0.53429   0.272357     5.10364
2                   329     0.205684  0.507115  0.386143     1.8693     0.0793245  0.507115  0.278254     4.69605
3                   314     0.195154  0.496885  0.379985     2.45223    0.0819498  0.496885  0.280122     4.70382
mean               1000     0.196406  0.513604  0.383926     2.033      0.0779072  0.513604  0.276735     4.844


*** SORTER = GeometricMeanSort 
*** FEATURES = 1...14, 16, 17, 33

Challenge file is read: /apc/dataset/test/10fold_10K_b/fold-001.json
category      instances    precision    recall      ndcg    extender    precision    recall      ndcg    extender
----------  -----------  -----------  --------  --------  ----------  -----------  --------  --------  ----------
1                   329     0.197409  0.554308  0.397183     1.77508    0.0682825  0.554308  0.276279     5.02736
2                   322     0.214278  0.521285  0.405189     2.15528    0.0831405  0.521285  0.28521      4.27019
3                   349     0.194898  0.505837  0.383488     1.73639    0.0754743  0.505837  0.274099     4.149
mean               1000     0.201964  0.526758  0.394981     1.884      0.0755767  0.526758  0.278394     4.477

Challenge file is read: /apc/dataset/test/10fold_10K_b/fold-002.json
category      instances    precision    recall      ndcg    extender    precision    recall      ndcg    extender
----------  -----------  -----------  --------  --------  ----------  -----------  --------  --------  ----------
1                   323     0.18184   0.547606  0.380008     2          0.0520894  0.547606  0.251453     6.01548
2                   316     0.192032  0.503847  0.383893     1.87975    0.0684037  0.503847  0.266944     5.09177
3                   361     0.202521  0.502385  0.388063     1.2964     0.0743111  0.502385  0.275198     3.66205
mean               1000     0.192527  0.517453  0.384144     1.708      0.0652667  0.517453  0.26492      4.874

Challenge file is read: /apc/dataset/test/10fold_10K_b/fold-003.json
category      instances    precision    recall      ndcg    extender    precision    recall      ndcg    extender
----------  -----------  -----------  --------  --------  ----------  -----------  --------  --------  ----------
1                   332     0.183705  0.533634  0.373696     2.18675    0.0808335  0.533634  0.276316     4.89458
2                   318     0.192254  0.502036  0.377866     1.80818    0.0711553  0.502036  0.266053     5.12579
3                   350     0.202509  0.491351  0.383911     1.49143    0.093874   0.491351  0.286766     3.26857
mean               1000     0.193005  0.508787  0.378597     1.823      0.08232    0.508787  0.27671      4.399

Challenge file is read: /apc/dataset/test/10fold_10K_b/fold-004.json
category      instances    precision    recall      ndcg    extender    precision    recall      ndcg    extender
----------  -----------  -----------  --------  --------  ----------  -----------  --------  --------  ----------
1                   333     0.191286  0.52681   0.385655     2.10811    0.0634644  0.52681   0.265028     5.00901
2                   341     0.207454  0.517709  0.396784     1.56012    0.0908834  0.517709  0.293211     3.8827
3                   326     0.202842  0.514513  0.399601     1.42638    0.0930587  0.514513  0.298642     3.50307
mean               1000     0.200567  0.519698  0.393997     1.699      0.082462   0.519698  0.285596     4.134

Challenge file is read: /apc/dataset/test/10fold_10K_b/fold-005.json
category      instances    precision    recall      ndcg    extender    precision    recall      ndcg    extender
----------  -----------  -----------  --------  --------  ----------  -----------  --------  --------  ----------
1                   300     0.217027  0.550121  0.415199     1.09667    0.0872886  0.550121  0.295574     3.73333
2                   360     0.221094  0.524923  0.409004     2.06944    0.0952998  0.524923  0.301271     4.4
3                   340     0.200195  0.492607  0.379504     1.83529    0.0952516  0.492607  0.290484     3.70882
mean               1000     0.212768  0.521495  0.400832     1.698      0.0928801  0.521495  0.295894     3.965

Challenge file is read: /apc/dataset/test/10fold_10K_b/fold-006.json
category      instances    precision    recall      ndcg    extender    precision    recall      ndcg    extender
----------  -----------  -----------  --------  --------  ----------  -----------  --------  --------  ----------
1                   352     0.198294  0.573005  0.406775     1.75       0.0978459  0.573005  0.305318     3.96307
2                   318     0.199882  0.524341  0.393424     1.50943    0.106237   0.524341  0.30603      3.3522
3                   330     0.192237  0.508017  0.384666     1.64242    0.11125    0.508017  0.31011      3.17273
mean               1000     0.1968    0.536084  0.395233     1.638      0.104938   0.536084  0.307126     3.508

Challenge file is read: /apc/dataset/test/10fold_10K_b/fold-007.json
category      instances    precision    recall      ndcg    extender    precision    recall      ndcg    extender
----------  -----------  -----------  --------  --------  ----------  -----------  --------  --------  ----------
1                   349     0.173283  0.530928  0.367922     2.77937    0.0617809  0.530928  0.255328     5.83095
2                   338     0.208711  0.51739   0.40061      2.10059    0.0793731  0.51739   0.284479     4.73373
3                   313     0.222104  0.526465  0.411193     1.20447    0.0812942  0.526465  0.292059     3.95847
mean               1000     0.200539  0.524955  0.392514     2.057      0.0738347  0.524955  0.276678     4.874

Challenge file is read: /apc/dataset/test/10fold_10K_b/fold-008.json
category      instances    precision    recall      ndcg    extender    precision    recall      ndcg    extender
----------  -----------  -----------  --------  --------  ----------  -----------  --------  --------  ----------
1                   316     0.186806  0.543337  0.386257     2.22152    0.0630299  0.543337  0.269657     5.08544
2                   346     0.214621  0.519705  0.399492     2.34682    0.0832522  0.519705  0.279314     5.01445
3                   338     0.208351  0.515086  0.391332     1.68343    0.0818555  0.515086  0.28444      4.42012
mean               1000     0.203712  0.525612  0.392551     2.083      0.0763899  0.525612  0.277995     4.836

Challenge file is read: /apc/dataset/test/10fold_10K_b/fold-009.json
category      instances    precision    recall      ndcg    extender    precision    recall      ndcg    extender
----------  -----------  -----------  --------  --------  ----------  -----------  --------  --------  ----------
1                   331     0.169359  0.515649  0.355437     1.59819    0.0895485  0.515649  0.281389     3.28399
2                   334     0.196515  0.510247  0.3871       1.86527    0.120465   0.510247  0.313075     3.32635
3                   335     0.203474  0.509942  0.396762     1.94627    0.117939   0.509942  0.314039     3.30746
mean               1000     0.189858  0.511933  0.379857     1.804      0.109385   0.511933  0.30291      3.306

Challenge file is read: /apc/dataset/test/10fold_10K_b/fold-010.json
category      instances    precision    recall      ndcg    extender    precision    recall      ndcg    extender
----------  -----------  -----------  --------  --------  ----------  -----------  --------  --------  ----------
1                   357     0.188956  0.53429   0.38535      1.81513    0.0668606  0.53429   0.269207     5.28291
2                   329     0.205684  0.507115  0.386143     1.8693     0.0842437  0.507115  0.282776     4.40729
3                   314     0.195154  0.496885  0.379985     2.45223    0.0875731  0.496885  0.282606     5.15605
mean               1000     0.196406  0.513604  0.383926     2.033      0.0790834  0.513604  0.277879     4.955
