*** SORTER = NoSort 
*** FEATURES = 33 only

Challenge file is read: /apc/dataset/test/10fold_10K_b/fold-001.json
category      instances    precision    recall      ndcg    extender    precision    recall      ndcg    extender
----------  -----------  -----------  --------  --------  ----------  -----------  --------  --------  ----------
1                   329     0.116412  0.462249  0.279257     4.63526    0.0420167  0.462249  0.214406     6.57447
2                   322     0.128701  0.435835  0.286181     3.85404    0.0558357  0.435835  0.227399     5.75466
3                   349     0.116251  0.403917  0.261017     3.66189    0.0521238  0.403917  0.213253     5.13467
mean               1000     0.120313  0.433386  0.275121     4.044      0.0499938  0.433386  0.218187     5.808

Challenge file is read: /apc/dataset/test/10fold_10K_b/fold-002.json
category      instances    precision    recall      ndcg    extender    precision    recall      ndcg    extender
----------  -----------  -----------  --------  --------  ----------  -----------  --------  --------  ----------
1                   323     0.111118  0.465868  0.275015     4.18885    0.0396022  0.465868  0.211898     5.81115
2                   316     0.116252  0.40828   0.264761     4.33544    0.0438977  0.40828   0.20501      5.93038
3                   361     0.128999  0.40887   0.274305     3.31025    0.0537569  0.40887   0.216589     4.64266
mean               1000     0.119195  0.427094  0.271519     3.918      0.0460694  0.427094  0.211415     5.427

Challenge file is read: /apc/dataset/test/10fold_10K_b/fold-003.json
category      instances    precision    recall      ndcg    extender    precision    recall      ndcg    extender
----------  -----------  -----------  --------  --------  ----------  -----------  --------  --------  ----------
1                   332     0.112733  0.458084  0.272162     4.67169    0.0455926  0.458084  0.215397     6.77108
2                   318     0.120616  0.410133  0.267924     3.87736    0.0487899  0.410133  0.208747     6.18239
3                   350     0.122524  0.396903  0.266348     3.51429    0.0580048  0.396903  0.217407     4.7
mean               1000     0.118667  0.421422  0.268779     4.014      0.0509536  0.421422  0.213986     5.859

Challenge file is read: /apc/dataset/test/10fold_10K_b/fold-004.json
category      instances    precision    recall      ndcg    extender    precision    recall      ndcg    extender
----------  -----------  -----------  --------  --------  ----------  -----------  --------  --------  ----------
1                   333     0.119201  0.444578  0.275795     3.89489    0.0464697  0.444578  0.213352     5.94294
2                   341     0.136023  0.425141  0.287096     3.48094    0.0608853  0.425141  0.23059      4.93548
3                   326     0.12434   0.421162  0.279396     3.91411    0.0563114  0.421162  0.226298     5.68405
mean               1000     0.126613  0.430316  0.280823     3.76       0.0545938  0.430316  0.22345      5.515

Challenge file is read: /apc/dataset/test/10fold_10K_b/fold-005.json
category      instances    precision    recall      ndcg    extender    precision    recall      ndcg    extender
----------  -----------  -----------  --------  --------  ----------  -----------  --------  --------  ----------
1                   300     0.148377  0.474047  0.312191     2.73       0.0530006  0.474047  0.231999     4.30667
2                   360     0.141447  0.432585  0.294045     4.21389    0.0647255  0.432585  0.236719     5.11111
3                   340     0.125597  0.390902  0.26521      4.10882    0.0661788  0.390902  0.224436     5.51471
mean               1000     0.138137  0.430851  0.289685     3.733      0.0617021  0.430851  0.231127     5.007

Challenge file is read: /apc/dataset/test/10fold_10K_b/fold-006.json
category      instances    precision    recall      ndcg    extender    precision    recall      ndcg    extender
----------  -----------  -----------  --------  --------  ----------  -----------  --------  --------  ----------
1                   352     0.127144  0.493467  0.297676     4.27841    0.0433986  0.493467  0.229968     6.02557
2                   318     0.120388  0.425082  0.275241     3.36478    0.051648   0.425082  0.220438     4.99057
3                   330     0.120687  0.408742  0.265769     3.5697     0.0555757  0.408742  0.220142     5.03636
mean               1000     0.122865  0.443761  0.280012     3.754      0.0500403  0.443761  0.223695     5.37

Challenge file is read: /apc/dataset/test/10fold_10K_b/fold-007.json
category      instances    precision    recall      ndcg    extender    precision    recall      ndcg    extender
----------  -----------  -----------  --------  --------  ----------  -----------  --------  --------  ----------
1                   349     0.109666  0.440643  0.258852     4.72206    0.0373875  0.440643  0.197275     7.04871
2                   338     0.131397  0.42018   0.281969     3.87574    0.0529784  0.42018   0.221563     5.71893
3                   313     0.136324  0.426446  0.287773     3.32268    0.0596714  0.426446  0.23253      4.6262
mean               1000     0.125355  0.429283  0.275718     3.998      0.0496321  0.429283  0.216519     5.841

Challenge file is read: /apc/dataset/test/10fold_10K_b/fold-008.json
category      instances    precision    recall      ndcg    extender    precision    recall      ndcg    extender
----------  -----------  -----------  --------  --------  ----------  -----------  --------  --------  ----------
1                   316     0.113339  0.447162  0.273073     4.09494    0.0413993  0.447162  0.213126     6.16139
2                   346     0.134405  0.436868  0.285257     4.39595    0.0477895  0.436868  0.22243      6.41908
3                   338     0.126045  0.411058  0.272082     3.5355     0.0565002  0.411058  0.220188     5.7574
mean               1000     0.124922  0.431397  0.276954     4.01       0.0487144  0.431397  0.218732     6.114

Challenge file is read: /apc/dataset/test/10fold_10K_b/fold-009.json
category      instances    precision    recall      ndcg    extender    precision    recall      ndcg    extender
----------  -----------  -----------  --------  --------  ----------  -----------  --------  --------  ----------
1                   331     0.105701  0.435132  0.259783     3.429      0.0429319  0.435132  0.205489     5.59819
2                   334     0.114503  0.402478  0.262767     4.18862    0.058055   0.402478  0.218178     5.70359
3                   335     0.113942  0.407278  0.268388     3.76418    0.0586306  0.407278  0.220857     5.3791
mean               1000     0.111402  0.414895  0.263662     3.795      0.0532421  0.414895  0.214875     5.56

Challenge file is read: /apc/dataset/test/10fold_10K_b/fold-010.json
category      instances    precision    recall      ndcg    extender    precision    recall      ndcg    extender
----------  -----------  -----------  --------  --------  ----------  -----------  --------  --------  ----------
1                   357     0.115436  0.44021   0.268349     4.01961    0.0449111  0.44021   0.211516     5.98599
2                   329     0.119138  0.414757  0.270137     4.03647    0.0553891  0.414757  0.219326     5.74468
3                   314     0.109294  0.401552  0.261117     5.09236    0.0608831  0.401552  0.222081     5.61146
mean               1000     0.114726  0.419697  0.266667     4.362      0.0533736  0.419697  0.217403     5.789


*** SORTER = NoSort 
*** FEATURES = 1...14, 33

Challenge file is read: /apc/dataset/test/10fold_10K_b/fold-001.json
category      instances    precision    recall      ndcg    extender    precision    recall      ndcg    extender
----------  -----------  -----------  --------  --------  ----------  -----------  --------  --------  ----------
1                   329     0.116412  0.462249  0.279257     4.63526    0.047982   0.462249  0.218765     6.81155
2                   322     0.128701  0.435835  0.286181     3.85404    0.0522205  0.435835  0.223019     5.59938
3                   349     0.116251  0.403917  0.261017     3.66189    0.0511713  0.403917  0.209871     5.17479
mean               1000     0.120313  0.433386  0.275121     4.044      0.0504599  0.433386  0.217031     5.85

Challenge file is read: /apc/dataset/test/10fold_10K_b/fold-002.json
category      instances    precision    recall      ndcg    extender    precision    recall      ndcg    extender
----------  -----------  -----------  --------  --------  ----------  -----------  --------  --------  ----------
1                   323     0.111118  0.465868  0.275015     4.18885    0.0390951  0.465868  0.211626     6.14551
2                   316     0.116252  0.40828   0.264761     4.33544    0.0491937  0.40828   0.206421     6.37975
3                   361     0.128999  0.40887   0.274305     3.31025    0.0547548  0.40887   0.214987     4.54848
mean               1000     0.119195  0.427094  0.271519     3.918      0.0479394  0.427094  0.211195     5.643

Challenge file is read: /apc/dataset/test/10fold_10K_b/fold-003.json
category      instances    precision    recall      ndcg    extender    precision    recall      ndcg    extender
----------  -----------  -----------  --------  --------  ----------  -----------  --------  --------  ----------
1                   332     0.112733  0.458084  0.272162     4.67169    0.0419451  0.458084  0.211173     6.95482
2                   318     0.120616  0.410133  0.267924     3.87736    0.0548208  0.410133  0.212865     5.66038
3                   350     0.122524  0.396903  0.266348     3.51429    0.0515043  0.396903  0.212422     5.04857
mean               1000     0.118667  0.421422  0.268779     4.014      0.0493853  0.421422  0.212148     5.876

Challenge file is read: /apc/dataset/test/10fold_10K_b/fold-004.json
category      instances    precision    recall      ndcg    extender    precision    recall      ndcg    extender
----------  -----------  -----------  --------  --------  ----------  -----------  --------  --------  ----------
1                   333     0.119201  0.444578  0.275795     3.89489    0.0422388  0.444578  0.211634     6.30931
2                   341     0.136023  0.425141  0.287096     3.48094    0.0587307  0.425141  0.226862     5.36364
3                   326     0.12434   0.421162  0.279396     3.91411    0.0541338  0.421162  0.225474     5.28528
mean               1000     0.126613  0.430316  0.280823     3.76       0.0517403  0.430316  0.221339     5.653

Challenge file is read: /apc/dataset/test/10fold_10K_b/fold-005.json
category      instances    precision    recall      ndcg    extender    precision    recall      ndcg    extender
----------  -----------  -----------  --------  --------  ----------  -----------  --------  --------  ----------
1                   300     0.148377  0.474047  0.312191     2.73       0.0521485  0.474047  0.231347     4.95333
2                   360     0.141447  0.432585  0.294045     4.21389    0.0586751  0.432585  0.233762     5.27222
3                   340     0.125597  0.390902  0.26521      4.10882    0.0628288  0.390902  0.220247     5.39412
mean               1000     0.138137  0.430851  0.289685     3.733      0.0581294  0.430851  0.228442     5.218

Challenge file is read: /apc/dataset/test/10fold_10K_b/fold-006.json
category      instances    precision    recall      ndcg    extender    precision    recall      ndcg    extender
----------  -----------  -----------  --------  --------  ----------  -----------  --------  --------  ----------
1                   352     0.127144  0.493467  0.297676     4.27841    0.0489861  0.493467  0.232        5.69602
2                   318     0.120388  0.425082  0.275241     3.36478    0.0573354  0.425082  0.223136     4.66981
3                   330     0.120687  0.408742  0.265769     3.5697     0.0583661  0.408742  0.221593     4.98788
mean               1000     0.122865  0.443761  0.280012     3.754      0.0547366  0.443761  0.225747     5.136

Challenge file is read: /apc/dataset/test/10fold_10K_b/fold-007.json
category      instances    precision    recall      ndcg    extender    precision    recall      ndcg    extender
----------  -----------  -----------  --------  --------  ----------  -----------  --------  --------  ----------
1                   349     0.109666  0.440643  0.258852     4.72206    0.0377514  0.440643  0.201174     7.39828
2                   338     0.131397  0.42018   0.281969     3.87574    0.0522965  0.42018   0.218249     6.50296
3                   313     0.136324  0.426446  0.287773     3.32268    0.0571227  0.426446  0.230412     4.76038
mean               1000     0.125355  0.429283  0.275718     3.998      0.0487309  0.429283  0.216097     6.27

Challenge file is read: /apc/dataset/test/10fold_10K_b/fold-008.json
category      instances    precision    recall      ndcg    extender    precision    recall      ndcg    extender
----------  -----------  -----------  --------  --------  ----------  -----------  --------  --------  ----------
1                   316     0.113339  0.447162  0.273073     4.09494    0.0479227  0.447162  0.214733     6.35759
2                   346     0.134405  0.436868  0.285257     4.39595    0.0587849  0.436868  0.229525     5.90173
3                   338     0.126045  0.411058  0.272082     3.5355     0.0583951  0.411058  0.223151     5.15089
mean               1000     0.124922  0.431397  0.276954     4.01       0.0552207  0.431397  0.222696     5.792

Challenge file is read: /apc/dataset/test/10fold_10K_b/fold-009.json
category      instances    precision    recall      ndcg    extender    precision    recall      ndcg    extender
----------  -----------  -----------  --------  --------  ----------  -----------  --------  --------  ----------
1                   331     0.105701  0.435132  0.259783     3.429      0.0396707  0.435132  0.204838     5.38671
2                   334     0.114503  0.402478  0.262767     4.18862    0.04938    0.402478  0.211445     5.38623
3                   335     0.113942  0.407278  0.268388     3.76418    0.0577245  0.407278  0.221376     5.20597
mean               1000     0.111402  0.414895  0.263662     3.795      0.0489616  0.414895  0.212585     5.326

Challenge file is read: /apc/dataset/test/10fold_10K_b/fold-010.json
category      instances    precision    recall      ndcg    extender    precision    recall      ndcg    extender
----------  -----------  -----------  --------  --------  ----------  -----------  --------  --------  ----------
1                   357     0.115436  0.44021   0.268349     4.01961    0.0449889  0.44021   0.210496     6.16807
2                   329     0.119138  0.414757  0.270137     4.03647    0.0574373  0.414757  0.22039      5.41337
3                   314     0.109294  0.401552  0.261117     5.09236    0.0596587  0.401552  0.220146     6.09873
mean               1000     0.114726  0.419697  0.266667     4.362      0.0536907  0.419697  0.216781     5.898


*** SORTER = NoSort 
*** FEATURES = 1...14, 16

Challenge file is read: /apc/dataset/test/10fold_10K_b/fold-001.json
category      instances    precision    recall      ndcg    extender    precision    recall      ndcg    extender
----------  -----------  -----------  --------  --------  ----------  -----------  --------  --------  ----------
1                   329     0.116412  0.462249  0.279257     4.63526    0.0425071  0.462249  0.214661     6.81763
2                   322     0.128701  0.435835  0.286181     3.85404    0.048083   0.435835  0.221172     5.74224
3                   349     0.116251  0.403917  0.261017     3.66189    0.0523765  0.403917  0.212273     4.94269
mean               1000     0.120313  0.433386  0.275121     4.044      0.047747   0.433386  0.215924     5.817

Challenge file is read: /apc/dataset/test/10fold_10K_b/fold-002.json
category      instances    precision    recall      ndcg    extender    precision    recall      ndcg    extender
----------  -----------  -----------  --------  --------  ----------  -----------  --------  --------  ----------
1                   323     0.111118  0.465868  0.275015     4.18885    0.0402521  0.465868  0.212694     5.95975
2                   316     0.116252  0.40828   0.264761     4.33544    0.047291   0.40828   0.206827     6.06329
3                   361     0.128999  0.40887   0.274305     3.31025    0.05312    0.40887   0.21751      4.36842
mean               1000     0.119195  0.427094  0.271519     3.918      0.0471217  0.427094  0.212579     5.418

Challenge file is read: /apc/dataset/test/10fold_10K_b/fold-003.json
category      instances    precision    recall      ndcg    extender    precision    recall      ndcg    extender
----------  -----------  -----------  --------  --------  ----------  -----------  --------  --------  ----------
1                   332     0.112733  0.458084  0.272162     4.67169    0.0481844  0.458084  0.21469      6.24699
2                   318     0.120616  0.410133  0.267924     3.87736    0.0498051  0.410133  0.21021      5.74214
3                   350     0.122524  0.396903  0.266348     3.51429    0.0555744  0.396903  0.215448     4.81429
mean               1000     0.118667  0.421422  0.268779     4.014      0.0512863  0.421422  0.213531     5.585

Challenge file is read: /apc/dataset/test/10fold_10K_b/fold-004.json
category      instances    precision    recall      ndcg    extender    precision    recall      ndcg    extender
----------  -----------  -----------  --------  --------  ----------  -----------  --------  --------  ----------
1                   333     0.119201  0.444578  0.275795     3.89489    0.043972   0.444578  0.213444     5.72072
2                   341     0.136023  0.425141  0.287096     3.48094    0.0547204  0.425141  0.224109     5.2434
3                   326     0.12434   0.421162  0.279396     3.91411    0.0591944  0.421162  0.228378     5.40798
mean               1000     0.126613  0.430316  0.280823     3.76       0.0525997  0.430316  0.221949     5.456

Challenge file is read: /apc/dataset/test/10fold_10K_b/fold-005.json
category      instances    precision    recall      ndcg    extender    precision    recall      ndcg    extender
----------  -----------  -----------  --------  --------  ----------  -----------  --------  --------  ----------
1                   300     0.148377  0.474047  0.312191     2.73       0.0429411  0.474047  0.223968     5.38667
2                   360     0.141447  0.432585  0.294045     4.21389    0.0579449  0.432585  0.229911     5.69167
3                   340     0.125597  0.390902  0.26521      4.10882    0.0573046  0.390902  0.218        5.57059
mean               1000     0.138137  0.430851  0.289685     3.733      0.0532261  0.430851  0.224078     5.559

Challenge file is read: /apc/dataset/test/10fold_10K_b/fold-006.json
category      instances    precision    recall      ndcg    extender    precision    recall      ndcg    extender
----------  -----------  -----------  --------  --------  ----------  -----------  --------  --------  ----------
1                   352     0.127144  0.493467  0.297676     4.27841    0.0452215  0.493467  0.23004      6.15909
2                   318     0.120388  0.425082  0.275241     3.36478    0.0551302  0.425082  0.223518     4.42767
3                   330     0.120687  0.408742  0.265769     3.5697     0.0568161  0.408742  0.222679     4.5303
mean               1000     0.122865  0.443761  0.280012     3.754      0.0521987  0.443761  0.225537     5.071

Challenge file is read: /apc/dataset/test/10fold_10K_b/fold-007.json
category      instances    precision    recall      ndcg    extender    precision    recall      ndcg    extender
----------  -----------  -----------  --------  --------  ----------  -----------  --------  --------  ----------
1                   349     0.109666  0.440643  0.258852     4.72206    0.0309586  0.440643  0.19263      7.32951
2                   338     0.131397  0.42018   0.281969     3.87574    0.0510319  0.42018   0.217607     5.81657
3                   313     0.136324  0.426446  0.287773     3.32268    0.051654   0.426446  0.22768      5.38978
mean               1000     0.125355  0.429283  0.275718     3.998      0.044221   0.429283  0.212043     6.211

Challenge file is read: /apc/dataset/test/10fold_10K_b/fold-008.json
category      instances    precision    recall      ndcg    extender    precision    recall      ndcg    extender
----------  -----------  -----------  --------  --------  ----------  -----------  --------  --------  ----------
1                   316     0.113339  0.447162  0.273073     4.09494    0.037614   0.447162  0.206986     6.36709
2                   346     0.134405  0.436868  0.285257     4.39595    0.0481274  0.436868  0.22034      6.13584
3                   338     0.126045  0.411058  0.272082     3.5355     0.0516929  0.411058  0.217991     4.60059
mean               1000     0.124922  0.431397  0.276954     4.01       0.0460103  0.431397  0.215326     5.69

Challenge file is read: /apc/dataset/test/10fold_10K_b/fold-009.json
category      instances    precision    recall      ndcg    extender    precision    recall      ndcg    extender
----------  -----------  -----------  --------  --------  ----------  -----------  --------  --------  ----------
1                   331     0.105701  0.435132  0.259783     3.429      0.0359104  0.435132  0.198281     6.4713
2                   334     0.114503  0.402478  0.262767     4.18862    0.0484575  0.402478  0.209827     5.65569
3                   335     0.113942  0.407278  0.268388     3.76418    0.0542438  0.407278  0.218098     5.3791
mean               1000     0.111402  0.414895  0.263662     3.795      0.0462428  0.414895  0.208776     5.833

Challenge file is read: /apc/dataset/test/10fold_10K_b/fold-010.json
category      instances    precision    recall      ndcg    extender    precision    recall      ndcg    extender
----------  -----------  -----------  --------  --------  ----------  -----------  --------  --------  ----------
1                   357     0.115436  0.44021   0.268349     4.01961    0.0388868  0.44021   0.205491     6.19328
2                   329     0.119138  0.414757  0.270137     4.03647    0.050519   0.414757  0.215192     5.95441
3                   314     0.109294  0.401552  0.261117     5.09236    0.0577693  0.401552  0.219472     5.94268
mean               1000     0.114726  0.419697  0.266667     4.362      0.0486429  0.419697  0.213073     6.036


*** SORTER = NoSort 
*** FEATURES = 1...14, 17

Challenge file is read: /apc/dataset/test/10fold_10K_b/fold-001.json
category      instances    precision    recall      ndcg    extender    precision    recall      ndcg    extender
----------  -----------  -----------  --------  --------  ----------  -----------  --------  --------  ----------
1                   329     0.116412  0.462249  0.279257     4.63526    0.0493951  0.462249  0.217947     6.89362
2                   322     0.128701  0.435835  0.286181     3.85404    0.0573723  0.435835  0.228843     5.48137
3                   349     0.116251  0.403917  0.261017     3.66189    0.0500053  0.403917  0.21311      5.36676
mean               1000     0.120313  0.433386  0.275121     4.044      0.0521767  0.433386  0.219767     5.906

Challenge file is read: /apc/dataset/test/10fold_10K_b/fold-002.json
category      instances    precision    recall      ndcg    extender    precision    recall      ndcg    extender
----------  -----------  -----------  --------  --------  ----------  -----------  --------  --------  ----------
1                   323     0.111118  0.465868  0.275015     4.18885    0.0406771  0.465868  0.211954     6.2291
2                   316     0.116252  0.40828   0.264761     4.33544    0.0509493  0.40828   0.208874     6.56329
3                   361     0.128999  0.40887   0.274305     3.31025    0.0539495  0.40887   0.217499     4.63435
mean               1000     0.119195  0.427094  0.271519     3.918      0.0487145  0.427094  0.212983     5.759

Challenge file is read: /apc/dataset/test/10fold_10K_b/fold-003.json
category      instances    precision    recall      ndcg    extender    precision    recall      ndcg    extender
----------  -----------  -----------  --------  --------  ----------  -----------  --------  --------  ----------
1                   332     0.112733  0.458084  0.272162     4.67169    0.04628    0.458084  0.212542     6.7259
2                   318     0.120616  0.410133  0.267924     3.87736    0.0472774  0.410133  0.211174     6.06289
3                   350     0.122524  0.396903  0.266348     3.51429    0.0531238  0.396903  0.212964     4.37143
mean               1000     0.118667  0.421422  0.268779     4.014      0.0489925  0.421422  0.212254     5.691

Challenge file is read: /apc/dataset/test/10fold_10K_b/fold-004.json
category      instances    precision    recall      ndcg    extender    precision    recall      ndcg    extender
----------  -----------  -----------  --------  --------  ----------  -----------  --------  --------  ----------
1                   333     0.119201  0.444578  0.275795     3.89489    0.0435109  0.444578  0.210613     6.51952
2                   341     0.136023  0.425141  0.287096     3.48094    0.0580994  0.425141  0.229202     5.38123
3                   326     0.12434   0.421162  0.279396     3.91411    0.0548641  0.421162  0.226586     6.04908
mean               1000     0.126613  0.430316  0.280823     3.76       0.0521867  0.430316  0.222159     5.978

Challenge file is read: /apc/dataset/test/10fold_10K_b/fold-005.json
category      instances    precision    recall      ndcg    extender    precision    recall      ndcg    extender
----------  -----------  -----------  --------  --------  ----------  -----------  --------  --------  ----------
1                   300     0.148377  0.474047  0.312191     2.73       0.0491074  0.474047  0.228787     5.23333
2                   360     0.141447  0.432585  0.294045     4.21389    0.0566043  0.432585  0.229272     5.76389
3                   340     0.125597  0.390902  0.26521      4.10882    0.0606978  0.390902  0.223279     5.35294
mean               1000     0.138137  0.430851  0.289685     3.733      0.055747   0.430851  0.227089     5.465

Challenge file is read: /apc/dataset/test/10fold_10K_b/fold-006.json
category      instances    precision    recall      ndcg    extender    precision    recall      ndcg    extender
----------  -----------  -----------  --------  --------  ----------  -----------  --------  --------  ----------
1                   352     0.127144  0.493467  0.297676     4.27841    0.0522915  0.493467  0.238587     5.63352
2                   318     0.120388  0.425082  0.275241     3.36478    0.0552507  0.425082  0.223321     5.34906
3                   330     0.120687  0.408742  0.265769     3.5697     0.064327   0.408742  0.224358     4.68788
mean               1000     0.122865  0.443761  0.280012     3.754      0.0572042  0.443761  0.229037     5.231

Challenge file is read: /apc/dataset/test/10fold_10K_b/fold-007.json
category      instances    precision    recall      ndcg    extender    precision    recall      ndcg    extender
----------  -----------  -----------  --------  --------  ----------  -----------  --------  --------  ----------
1                   349     0.109666  0.440643  0.258852     4.72206    0.0392093  0.440643  0.197763     7.97708
2                   338     0.131397  0.42018   0.281969     3.87574    0.0512549  0.42018   0.219829     6.14793
3                   313     0.136324  0.426446  0.287773     3.32268    0.0576137  0.426446  0.229483     5.32268
mean               1000     0.125355  0.429283  0.275718     3.998      0.0490413  0.429283  0.21515      6.528

Challenge file is read: /apc/dataset/test/10fold_10K_b/fold-008.json
category      instances    precision    recall      ndcg    extender    precision    recall      ndcg    extender
----------  -----------  -----------  --------  --------  ----------  -----------  --------  --------  ----------
1                   316     0.113339  0.447162  0.273073     4.09494    0.0453932  0.447162  0.216636     6.43354
2                   346     0.134405  0.436868  0.285257     4.39595    0.0536748  0.436868  0.227458     6.2052
3                   338     0.126045  0.411058  0.272082     3.5355     0.05721    0.411058  0.223624     5.45858
mean               1000     0.124922  0.431397  0.276954     4.01       0.0522527  0.431397  0.222742     6.025

Challenge file is read: /apc/dataset/test/10fold_10K_b/fold-009.json
category      instances    precision    recall      ndcg    extender    precision    recall      ndcg    extender
----------  -----------  -----------  --------  --------  ----------  -----------  --------  --------  ----------
1                   331     0.105701  0.435132  0.259783     3.429      0.0403814  0.435132  0.203328     5.60423
2                   334     0.114503  0.402478  0.262767     4.18862    0.0529647  0.402478  0.214139     6.03593
3                   335     0.113942  0.407278  0.268388     3.76418    0.0541559  0.407278  0.217341     5.78507
mean               1000     0.111402  0.414895  0.263662     3.795      0.0491987  0.414895  0.211633     5.809

Challenge file is read: /apc/dataset/test/10fold_10K_b/fold-010.json
category      instances    precision    recall      ndcg    extender    precision    recall      ndcg    extender
----------  -----------  -----------  --------  --------  ----------  -----------  --------  --------  ----------
1                   357     0.115436  0.44021   0.268349     4.01961    0.0443359  0.44021   0.209762     6.40056
2                   329     0.119138  0.414757  0.270137     4.03647    0.0596163  0.414757  0.223307     5.5228
3                   314     0.109294  0.401552  0.261117     5.09236    0.0614317  0.401552  0.22296      6.05414
mean               1000     0.114726  0.419697  0.266667     4.362      0.0547312  0.419697  0.218362     6.003


*** SORTER = NoSort 
*** FEATURES = 1...14, 16, 17

Challenge file is read: /apc/dataset/test/10fold_10K_b/fold-001.json
category      instances    precision    recall      ndcg    extender    precision    recall      ndcg    extender
----------  -----------  -----------  --------  --------  ----------  -----------  --------  --------  ----------
1                   329     0.116412  0.462249  0.279257     4.63526    0.0426687  0.462249  0.215503     5.96353
2                   322     0.128701  0.435835  0.286181     3.85404    0.0552606  0.435835  0.225064     5.06832
3                   349     0.116251  0.403917  0.261017     3.66189    0.0511184  0.403917  0.212609     4.98281
mean               1000     0.120313  0.433386  0.275121     4.044      0.0496722  0.433386  0.217572     5.333

Challenge file is read: /apc/dataset/test/10fold_10K_b/fold-002.json
category      instances    precision    recall      ndcg    extender    precision    recall      ndcg    extender
----------  -----------  -----------  --------  --------  ----------  -----------  --------  --------  ----------
1                   323     0.111118  0.465868  0.275015     4.18885    0.0387091  0.465868  0.209451     6.26006
2                   316     0.116252  0.40828   0.264761     4.33544    0.0451379  0.40828   0.204175     6.71835
3                   361     0.128999  0.40887   0.274305     3.31025    0.0520518  0.40887   0.215778     4.76454
mean               1000     0.119195  0.427094  0.271519     3.918      0.0455573  0.427094  0.210068     5.865

Challenge file is read: /apc/dataset/test/10fold_10K_b/fold-003.json
category      instances    precision    recall      ndcg    extender    precision    recall      ndcg    extender
----------  -----------  -----------  --------  --------  ----------  -----------  --------  --------  ----------
1                   332     0.112733  0.458084  0.272162     4.67169    0.0509822  0.458084  0.21767      6.43675
2                   318     0.120616  0.410133  0.267924     3.87736    0.0500395  0.410133  0.209692     5.60692
3                   350     0.122524  0.396903  0.266348     3.51429    0.0518649  0.396903  0.212151     4.64286
mean               1000     0.118667  0.421422  0.268779     4.014      0.0509914  0.421422  0.213201     5.545

Challenge file is read: /apc/dataset/test/10fold_10K_b/fold-004.json
category      instances    precision    recall      ndcg    extender    precision    recall      ndcg    extender
----------  -----------  -----------  --------  --------  ----------  -----------  --------  --------  ----------
1                   333     0.119201  0.444578  0.275795     3.89489    0.0456967  0.444578  0.213309     5.84384
2                   341     0.136023  0.425141  0.287096     3.48094    0.0537182  0.425141  0.223992     5.08798
3                   326     0.12434   0.421162  0.279396     3.91411    0.0548156  0.421162  0.226631     5.02761
mean               1000     0.126613  0.430316  0.280823     3.76       0.0514048  0.430316  0.221295     5.32

Challenge file is read: /apc/dataset/test/10fold_10K_b/fold-005.json
category      instances    precision    recall      ndcg    extender    precision    recall      ndcg    extender
----------  -----------  -----------  --------  --------  ----------  -----------  --------  --------  ----------
1                   300     0.148377  0.474047  0.312191     2.73       0.0434681  0.474047  0.224115     4.79
2                   360     0.141447  0.432585  0.294045     4.21389    0.0525706  0.432585  0.22368      5.74444
3                   340     0.125597  0.390902  0.26521      4.10882    0.0548228  0.390902  0.217028     5.51765
mean               1000     0.138137  0.430851  0.289685     3.733      0.0506056  0.430851  0.221549     5.381

Challenge file is read: /apc/dataset/test/10fold_10K_b/fold-006.json
category      instances    precision    recall      ndcg    extender    precision    recall      ndcg    extender
----------  -----------  -----------  --------  --------  ----------  -----------  --------  --------  ----------
1                   352     0.127144  0.493467  0.297676     4.27841    0.0434538  0.493467  0.229627     5.97727
2                   318     0.120388  0.425082  0.275241     3.36478    0.0554919  0.425082  0.223523     4.41509
3                   330     0.120687  0.408742  0.265769     3.5697     0.0555811  0.408742  0.221186     4.48485
mean               1000     0.122865  0.443761  0.280012     3.754      0.0512839  0.443761  0.224901     4.988

Challenge file is read: /apc/dataset/test/10fold_10K_b/fold-007.json
category      instances    precision    recall      ndcg    extender    precision    recall      ndcg    extender
----------  -----------  -----------  --------  --------  ----------  -----------  --------  --------  ----------
1                   349     0.109666  0.440643  0.258852     4.72206    0.0332871  0.440643  0.195543     7.37249
2                   338     0.131397  0.42018   0.281969     3.87574    0.0482153  0.42018   0.214577     6.2071
3                   313     0.136324  0.426446  0.287773     3.32268    0.0551698  0.426446  0.228481     4.63259
mean               1000     0.125355  0.429283  0.275718     3.998      0.0451821  0.429283  0.212286     6.121

Challenge file is read: /apc/dataset/test/10fold_10K_b/fold-008.json
category      instances    precision    recall      ndcg    extender    precision    recall      ndcg    extender
----------  -----------  -----------  --------  --------  ----------  -----------  --------  --------  ----------
1                   316     0.113339  0.447162  0.273073     4.09494    0.0302049  0.447162  0.202893     6.55063
2                   346     0.134405  0.436868  0.285257     4.39595    0.0428052  0.436868  0.216133     6.46243
3                   338     0.126045  0.411058  0.272082     3.5355     0.0519195  0.411058  0.218136     5.16272
mean               1000     0.124922  0.431397  0.276954     4.01       0.0419041  0.431397  0.212626     6.051

Challenge file is read: /apc/dataset/test/10fold_10K_b/fold-009.json
category      instances    precision    recall      ndcg    extender    precision    recall      ndcg    extender
----------  -----------  -----------  --------  --------  ----------  -----------  --------  --------  ----------
1                   331     0.105701  0.435132  0.259783     3.429      0.0353651  0.435132  0.199274     6.01511
2                   334     0.114503  0.402478  0.262767     4.18862    0.0502746  0.402478  0.209627     5.21856
3                   335     0.113942  0.407278  0.268388     3.76418    0.0531731  0.407278  0.215711     4.92836
mean               1000     0.111402  0.414895  0.263662     3.795      0.0463105  0.414895  0.208238     5.385

Challenge file is read: /apc/dataset/test/10fold_10K_b/fold-010.json
category      instances    precision    recall      ndcg    extender    precision    recall      ndcg    extender
----------  -----------  -----------  --------  --------  ----------  -----------  --------  --------  ----------
1                   357     0.115436  0.44021   0.268349     4.01961    0.039952   0.44021   0.206299     6.53501
2                   329     0.119138  0.414757  0.270137     4.03647    0.0523866  0.414757  0.217023     5.61398
3                   314     0.109294  0.401552  0.261117     5.09236    0.057787   0.401552  0.217453     5.85669
mean               1000     0.114726  0.419697  0.266667     4.362      0.0496432  0.419697  0.21333      6.019


*** SORTER = NoSort 
*** FEATURES = 1...14, 15, 16, 17

Challenge file is read: /apc/dataset/test/10fold_10K_b/fold-001.json
category      instances    precision    recall      ndcg    extender    precision    recall      ndcg    extender
----------  -----------  -----------  --------  --------  ----------  -----------  --------  --------  ----------
1                   329     0.116412  0.462249  0.279257     4.63526    0.0391536  0.462249  0.211601     7.07599
2                   322     0.128701  0.435835  0.286181     3.85404    0.0468893  0.435835  0.221024     6.35714
3                   349     0.116251  0.403917  0.261017     3.66189    0.0476417  0.403917  0.208515     5.90831
mean               1000     0.120313  0.433386  0.275121     4.044      0.0446068  0.433386  0.213558     6.437

Challenge file is read: /apc/dataset/test/10fold_10K_b/fold-002.json
category      instances    precision    recall      ndcg    extender    precision    recall      ndcg    extender
----------  -----------  -----------  --------  --------  ----------  -----------  --------  --------  ----------
1                   323     0.111118  0.465868  0.275015     4.18885    0.035052   0.465868  0.208186     6.31269
2                   316     0.116252  0.40828   0.264761     4.33544    0.0426129  0.40828   0.203009     6.42405
3                   361     0.128999  0.40887   0.274305     3.31025    0.0526543  0.40887   0.215371     5.01108
mean               1000     0.119195  0.427094  0.271519     3.918      0.0437957  0.427094  0.209144     5.878

Challenge file is read: /apc/dataset/test/10fold_10K_b/fold-003.json
category      instances    precision    recall      ndcg    extender    precision    recall      ndcg    extender
----------  -----------  -----------  --------  --------  ----------  -----------  --------  --------  ----------
1                   332     0.112733  0.458084  0.272162     4.67169    0.0490418  0.458084  0.220275     6.10843
2                   318     0.120616  0.410133  0.267924     3.87736    0.051863   0.410133  0.211383     5.54088
3                   350     0.122524  0.396903  0.266348     3.51429    0.056558   0.396903  0.218691     4.95143
mean               1000     0.118667  0.421422  0.268779     4.014      0.0525696  0.421422  0.216893     5.523

Challenge file is read: /apc/dataset/test/10fold_10K_b/fold-004.json
category      instances    precision    recall      ndcg    extender    precision    recall      ndcg    extender
----------  -----------  -----------  --------  --------  ----------  -----------  --------  --------  ----------
1                   333     0.119201  0.444578  0.275795     3.89489    0.0398756  0.444578  0.208542     5.87688
2                   341     0.136023  0.425141  0.287096     3.48094    0.0476307  0.425141  0.218513     5.80645
3                   326     0.12434   0.421162  0.279396     3.91411    0.0521729  0.421162  0.224395     5.57669
mean               1000     0.126613  0.430316  0.280823     3.76       0.046529   0.430316  0.21711      5.755

Challenge file is read: /apc/dataset/test/10fold_10K_b/fold-005.json
category      instances    precision    recall      ndcg    extender    precision    recall      ndcg    extender
----------  -----------  -----------  --------  --------  ----------  -----------  --------  --------  ----------
1                   300     0.148377  0.474047  0.312191     2.73       0.0526755  0.474047  0.232406     4.40333
2                   360     0.141447  0.432585  0.294045     4.21389    0.0637141  0.432585  0.233001     5.17222
3                   340     0.125597  0.390902  0.26521      4.10882    0.0572722  0.390902  0.217298     5.71765
mean               1000     0.138137  0.430851  0.289685     3.733      0.0582123  0.430851  0.227483     5.127

Challenge file is read: /apc/dataset/test/10fold_10K_b/fold-006.json
category      instances    precision    recall      ndcg    extender    precision    recall      ndcg    extender
----------  -----------  -----------  --------  --------  ----------  -----------  --------  --------  ----------
1                   352     0.127144  0.493467  0.297676     4.27841    0.0487414  0.493467  0.231815     6.08807
2                   318     0.120388  0.425082  0.275241     3.36478    0.0503897  0.425082  0.218475     4.48428
3                   330     0.120687  0.408742  0.265769     3.5697     0.0632763  0.408742  0.227242     4.79697
mean               1000     0.122865  0.443761  0.280012     3.754      0.0540621  0.443761  0.226064     5.152

Challenge file is read: /apc/dataset/test/10fold_10K_b/fold-007.json
category      instances    precision    recall      ndcg    extender    precision    recall      ndcg    extender
----------  -----------  -----------  --------  --------  ----------  -----------  --------  --------  ----------
1                   349     0.109666  0.440643  0.258852     4.72206    0.0322146  0.440643  0.19462      7.3467
2                   338     0.131397  0.42018   0.281969     3.87574    0.0484381  0.42018   0.217076     6.65976
3                   313     0.136324  0.426446  0.287773     3.32268    0.0594148  0.426446  0.230735     5.20447
mean               1000     0.125355  0.429283  0.275718     3.998      0.0462118  0.429283  0.213514     6.444

Challenge file is read: /apc/dataset/test/10fold_10K_b/fold-008.json
category      instances    precision    recall      ndcg    extender    precision    recall      ndcg    extender
----------  -----------  -----------  --------  --------  ----------  -----------  --------  --------  ----------
1                   316     0.113339  0.447162  0.273073     4.09494    0.0370375  0.447162  0.206065     6.89557
2                   346     0.134405  0.436868  0.285257     4.39595    0.0517877  0.436868  0.224254     5.79191
3                   338     0.126045  0.411058  0.272082     3.5355     0.0579079  0.411058  0.221278     5.02071
mean               1000     0.124922  0.431397  0.276954     4.01       0.0491953  0.431397  0.2175       5.88

Challenge file is read: /apc/dataset/test/10fold_10K_b/fold-009.json
category      instances    precision    recall      ndcg    extender    precision    recall      ndcg    extender
----------  -----------  -----------  --------  --------  ----------  -----------  --------  --------  ----------
1                   331     0.105701  0.435132  0.259783     3.429      0.0393068  0.435132  0.202249     5.50151
2                   334     0.114503  0.402478  0.262767     4.18862    0.0475811  0.402478  0.210521     5.37425
3                   335     0.113942  0.407278  0.268388     3.76418    0.0548406  0.407278  0.218087     5.32537
mean               1000     0.111402  0.414895  0.263662     3.795      0.0472742  0.414895  0.210317     5.4

Challenge file is read: /apc/dataset/test/10fold_10K_b/fold-010.json
category      instances    precision    recall      ndcg    extender    precision    recall      ndcg    extender
----------  -----------  -----------  --------  --------  ----------  -----------  --------  --------  ----------
1                   357     0.115436  0.44021   0.268349     4.01961    0.0409905  0.44021   0.207622     6.43978
2                   329     0.119138  0.414757  0.270137     4.03647    0.0530462  0.414757  0.217952     6.24924
3                   314     0.109294  0.401552  0.261117     5.09236    0.0555635  0.401552  0.219324     5.92675
mean               1000     0.114726  0.419697  0.266667     4.362      0.0495327  0.419697  0.214695     6.216


*** SORTER = NoSort 
*** FEATURES = 1...14, 16, 17, 33

Challenge file is read: /apc/dataset/test/10fold_10K_b/fold-001.json
category      instances    precision    recall      ndcg    extender    precision    recall      ndcg    extender
----------  -----------  -----------  --------  --------  ----------  -----------  --------  --------  ----------
1                   329     0.116412  0.462249  0.279257     4.63526    0.0338126  0.462249  0.20985      7.23708
2                   322     0.128701  0.435835  0.286181     3.85404    0.0508406  0.435835  0.222024     5.9441
3                   349     0.116251  0.403917  0.261017     3.66189    0.0483775  0.403917  0.211448     5.21777
mean               1000     0.120313  0.433386  0.275121     4.044      0.0443788  0.433386  0.214328     6.116

Challenge file is read: /apc/dataset/test/10fold_10K_b/fold-002.json
category      instances    precision    recall      ndcg    extender    precision    recall      ndcg    extender
----------  -----------  -----------  --------  --------  ----------  -----------  --------  --------  ----------
1                   323     0.111118  0.465868  0.275015     4.18885    0.0434409  0.465868  0.213632     5.81115
2                   316     0.116252  0.40828   0.264761     4.33544    0.049081   0.40828   0.208872     6.14241
3                   361     0.128999  0.40887   0.274305     3.31025    0.0588706  0.40887   0.220969     4.59834
mean               1000     0.119195  0.427094  0.271519     3.918      0.0507933  0.427094  0.214776     5.478

Challenge file is read: /apc/dataset/test/10fold_10K_b/fold-003.json
category      instances    precision    recall      ndcg    extender    precision    recall      ndcg    extender
----------  -----------  -----------  --------  --------  ----------  -----------  --------  --------  ----------
1                   332     0.112733  0.458084  0.272162     4.67169    0.0480635  0.458084  0.215804     6.61747
2                   318     0.120616  0.410133  0.267924     3.87736    0.051046   0.410133  0.209861     4.81761
3                   350     0.122524  0.396903  0.266348     3.51429    0.0511248  0.396903  0.212215     4.94
mean               1000     0.118667  0.421422  0.268779     4.014      0.0500834  0.421422  0.212658     5.458

Challenge file is read: /apc/dataset/test/10fold_10K_b/fold-004.json
category      instances    precision    recall      ndcg    extender    precision    recall      ndcg    extender
----------  -----------  -----------  --------  --------  ----------  -----------  --------  --------  ----------
1                   333     0.119201  0.444578  0.275795     3.89489    0.0445286  0.444578  0.210741     6.11712
2                   341     0.136023  0.425141  0.287096     3.48094    0.0556146  0.425141  0.223461     5.52199
3                   326     0.12434   0.421162  0.279396     3.91411    0.0648025  0.421162  0.232903     5.09816
mean               1000     0.126613  0.430316  0.280823     3.76       0.0549182  0.430316  0.222303     5.582

Challenge file is read: /apc/dataset/test/10fold_10K_b/fold-005.json
category      instances    precision    recall      ndcg    extender    precision    recall      ndcg    extender
----------  -----------  -----------  --------  --------  ----------  -----------  --------  --------  ----------
1                   300     0.148377  0.474047  0.312191     2.73       0.0433582  0.474047  0.224087     5.05333
2                   360     0.141447  0.432585  0.294045     4.21389    0.0583078  0.432585  0.231314     5.54167
3                   340     0.125597  0.390902  0.26521      4.10882    0.0602558  0.390902  0.221177     5.52353
mean               1000     0.138137  0.430851  0.289685     3.733      0.0544853  0.430851  0.225699     5.389

Challenge file is read: /apc/dataset/test/10fold_10K_b/fold-006.json
category      instances    precision    recall      ndcg    extender    precision    recall      ndcg    extender
----------  -----------  -----------  --------  --------  ----------  -----------  --------  --------  ----------
1                   352     0.127144  0.493467  0.297676     4.27841    0.044924   0.493467  0.228216     6.11364
2                   318     0.120388  0.425082  0.275241     3.36478    0.0538919  0.425082  0.219445     4.77673
3                   330     0.120687  0.408742  0.265769     3.5697     0.056718   0.408742  0.220067     5.31818
mean               1000     0.122865  0.443761  0.280012     3.754      0.0516678  0.443761  0.222737     5.426

Challenge file is read: /apc/dataset/test/10fold_10K_b/fold-007.json
category      instances    precision    recall      ndcg    extender    precision    recall      ndcg    extender
----------  -----------  -----------  --------  --------  ----------  -----------  --------  --------  ----------
1                   349     0.109666  0.440643  0.258852     4.72206    0.0364963  0.440643  0.197663     7.26648
2                   338     0.131397  0.42018   0.281969     3.87574    0.0531991  0.42018   0.219583     6.31657
3                   313     0.136324  0.426446  0.287773     3.32268    0.058063   0.426446  0.229524     5.1885
mean               1000     0.125355  0.429283  0.275718     3.998      0.0488922  0.429283  0.215045     6.295

Challenge file is read: /apc/dataset/test/10fold_10K_b/fold-008.json
category      instances    precision    recall      ndcg    extender    precision    recall      ndcg    extender
----------  -----------  -----------  --------  --------  ----------  -----------  --------  --------  ----------
1                   316     0.113339  0.447162  0.273073     4.09494    0.0392275  0.447162  0.206897     6.50949
2                   346     0.134405  0.436868  0.285257     4.39595    0.0453537  0.436868  0.218505     6.25145
3                   338     0.126045  0.411058  0.272082     3.5355     0.0459618  0.411058  0.213452     5.53254
mean               1000     0.124922  0.431397  0.276954     4.01       0.0436234  0.431397  0.213129     6.09

Challenge file is read: /apc/dataset/test/10fold_10K_b/fold-009.json
category      instances    precision    recall      ndcg    extender    precision    recall      ndcg    extender
----------  -----------  -----------  --------  --------  ----------  -----------  --------  --------  ----------
1                   331     0.105701  0.435132  0.259783     3.429      0.0400067  0.435132  0.202314     6.02719
2                   334     0.114503  0.402478  0.262767     4.18862    0.0510077  0.402478  0.212022     5.51198
3                   335     0.113942  0.407278  0.268388     3.76418    0.0567535  0.407278  0.219021     5.47164
mean               1000     0.111402  0.414895  0.263662     3.795      0.0492912  0.414895  0.211153     5.669

Challenge file is read: /apc/dataset/test/10fold_10K_b/fold-010.json
category      instances    precision    recall      ndcg    extender    precision    recall      ndcg    extender
----------  -----------  -----------  --------  --------  ----------  -----------  --------  --------  ----------
1                   357     0.115436  0.44021   0.268349     4.01961    0.04534    0.44021   0.211325     6.2549
2                   329     0.119138  0.414757  0.270137     4.03647    0.0545816  0.414757  0.21729      5.56535
3                   314     0.109294  0.401552  0.261117     5.09236    0.0547832  0.401552  0.217092     5.96815
mean               1000     0.114726  0.419697  0.266667     4.362      0.0513457  0.419697  0.215098     5.938
