*** SORTER = NoSort 
*** FEATURES = MPD features

Challenge file is read: /apc/dataset/test/10fold_10K_b/fold-001.json
category      instances    precision    recall      ndcg    extender    precision    recall      ndcg    extender
----------  -----------  -----------  --------  --------  ----------  -----------  --------  --------  ----------
1                   329     0.116412  0.462249  0.279257     4.63526    0.0827503  0.462249  0.253652     4.92705
2                   322     0.128701  0.435835  0.286181     3.85404    0.10232    0.435835  0.262721     4.11491
3                   349     0.116251  0.403917  0.261017     3.66189    0.0966485  0.403917  0.250767     3.30659
mean               1000     0.120313  0.433386  0.275121     4.044      0.0939022  0.433386  0.255565     4.1

Challenge file is read: /apc/dataset/test/10fold_10K_b/fold-002.json
category      instances    precision    recall      ndcg    extender    precision    recall      ndcg    extender
----------  -----------  -----------  --------  --------  ----------  -----------  --------  --------  ----------
1                   323     0.111118  0.465868  0.275015     4.18885    0.075966   0.465868  0.244907     4.42105
2                   316     0.116252  0.40828   0.264761     4.33544    0.0914647  0.40828   0.244464     4.55063
3                   361     0.128999  0.40887   0.274305     3.31025    0.0996788  0.40887   0.25445      2.78393
mean               1000     0.119195  0.427094  0.271519     3.918      0.0894239  0.427094  0.248212     3.871

Challenge file is read: /apc/dataset/test/10fold_10K_b/fold-003.json
category      instances    precision    recall      ndcg    extender    precision    recall      ndcg    extender
----------  -----------  -----------  --------  --------  ----------  -----------  --------  --------  ----------
1                   332     0.112733  0.458084  0.272162     4.67169    0.080817   0.458084  0.246135     4.85542
2                   318     0.120616  0.410133  0.267924     3.87736    0.0894309  0.410133  0.240666     3.78302
3                   350     0.122524  0.396903  0.266348     3.51429    0.0965319  0.396903  0.246829     3.16
mean               1000     0.118667  0.421422  0.268779     4.014      0.0890564  0.421422  0.244639     3.921

Challenge file is read: /apc/dataset/test/10fold_10K_b/fold-004.json
category      instances    precision    recall      ndcg    extender    precision    recall      ndcg    extender
----------  -----------  -----------  --------  --------  ----------  -----------  --------  --------  ----------
1                   333     0.119201  0.444578  0.275795     3.89489    0.0813544  0.444578  0.244735     4.62763
2                   341     0.136023  0.425141  0.287096     3.48094    0.0958649  0.425141  0.259647     3.56891
3                   326     0.12434   0.421162  0.279396     3.91411    0.0950601  0.421162  0.26003      3.74847
mean               1000     0.126613  0.430316  0.280823     3.76       0.0907705  0.430316  0.254806     3.98

Challenge file is read: /apc/dataset/test/10fold_10K_b/fold-005.json
category      instances    precision    recall      ndcg    extender    precision    recall      ndcg    extender
----------  -----------  -----------  --------  --------  ----------  -----------  --------  --------  ----------
1                   300     0.148377  0.474047  0.312191     2.73       0.0976286  0.474047  0.272284     3.04667
2                   360     0.141447  0.432585  0.294045     4.21389    0.103739   0.432585  0.26902      3.38056
3                   340     0.125597  0.390902  0.26521      4.10882    0.101698   0.390902  0.251403     3.95294
mean               1000     0.138137  0.430851  0.289685     3.733      0.101212   0.430851  0.264009     3.475

Challenge file is read: /apc/dataset/test/10fold_10K_b/fold-006.json
category      instances    precision    recall      ndcg    extender    precision    recall      ndcg    extender
----------  -----------  -----------  --------  --------  ----------  -----------  --------  --------  ----------
1                   352     0.127144  0.493467  0.297676     4.27841    0.0865873  0.493467  0.269481     3.94034
2                   318     0.120388  0.425082  0.275241     3.36478    0.0971558  0.425082  0.260386     3.20755
3                   330     0.120687  0.408742  0.265769     3.5697     0.0982345  0.408742  0.24973      3.69394
mean               1000     0.122865  0.443761  0.280012     3.754      0.0937916  0.443761  0.260071     3.626

Challenge file is read: /apc/dataset/test/10fold_10K_b/fold-007.json
category      instances    precision    recall      ndcg    extender    precision    recall      ndcg    extender
----------  -----------  -----------  --------  --------  ----------  -----------  --------  --------  ----------
1                   349     0.109666  0.440643  0.258852     4.72206    0.0654259  0.440643  0.229052     4.62751
2                   338     0.131397  0.42018   0.281969     3.87574    0.102397   0.42018   0.256675     4.3432
3                   313     0.136324  0.426446  0.287773     3.32268    0.115453   0.426446  0.274118     3.53035
mean               1000     0.125355  0.429283  0.275718     3.998      0.0935807  0.429283  0.252494     4.188

Challenge file is read: /apc/dataset/test/10fold_10K_b/fold-008.json
category      instances    precision    recall      ndcg    extender    precision    recall      ndcg    extender
----------  -----------  -----------  --------  --------  ----------  -----------  --------  --------  ----------
1                   316     0.113339  0.447162  0.273073     4.09494    0.0781345  0.447162  0.243824     4.62975
2                   346     0.134405  0.436868  0.285257     4.39595    0.097856   0.436868  0.261141     4.28902
3                   338     0.126045  0.411058  0.272082     3.5355     0.0956806  0.411058  0.254143     3.37574
mean               1000     0.124922  0.431397  0.276954     4.01       0.0908887  0.431397  0.253303     4.088

Challenge file is read: /apc/dataset/test/10fold_10K_b/fold-009.json
category      instances    precision    recall      ndcg    extender    precision    recall      ndcg    extender
----------  -----------  -----------  --------  --------  ----------  -----------  --------  --------  ----------
1                   331     0.105701  0.435132  0.259783     3.429      0.075014   0.435132  0.2364       3.91843
2                   334     0.114503  0.402478  0.262767     4.18862    0.0905976  0.402478  0.242282     3.96407
3                   335     0.113942  0.407278  0.268388     3.76418    0.0987715  0.407278  0.254844     3.54627
mean               1000     0.111402  0.414895  0.263662     3.795      0.0881777  0.414895  0.244543     3.809

Challenge file is read: /apc/dataset/test/10fold_10K_b/fold-010.json
category      instances    precision    recall      ndcg    extender    precision    recall      ndcg    extender
----------  -----------  -----------  --------  --------  ----------  -----------  --------  --------  ----------
1                   357     0.115436  0.44021   0.268349     4.01961    0.0762002  0.44021   0.238836     4.62185
2                   329     0.119138  0.414757  0.270137     4.03647    0.0954499  0.414757  0.253338     3.86018
3                   314     0.109294  0.401552  0.261117     5.09236    0.100613   0.401552  0.252777     4.5828
mean               1000     0.114726  0.419697  0.266667     4.362      0.0901991  0.419697  0.247984     4.359


*** SORTER = NoSort
*** FEATURES = Audio features

Challenge file is read: /apc/dataset/test/10fold_10K_b/fold-001.json
category      instances    precision    recall      ndcg    extender    precision    recall      ndcg    extender
----------  -----------  -----------  --------  --------  ----------  -----------  --------  --------  ----------
1                   329     0.116412  0.462249  0.279257     4.63526    0.0520517  0.462249  0.225709     5.77812
2                   322     0.128701  0.435835  0.286181     3.85404    0.0573602  0.435835  0.232499     5.30745
3                   349     0.116251  0.403917  0.261017     3.66189    0.0597417  0.403917  0.223256     4.52436
mean               1000     0.120313  0.433386  0.275121     4.044      0.0564448  0.433386  0.227039     5.189

Challenge file is read: /apc/dataset/test/10fold_10K_b/fold-002.json
category      instances    precision    recall      ndcg    extender    precision    recall      ndcg    extender
----------  -----------  -----------  --------  --------  ----------  -----------  --------  --------  ----------
1                   323     0.111118  0.465868  0.275015     4.18885    0.0482127  0.465868  0.219862     5.23529
2                   316     0.116252  0.40828   0.264761     4.33544    0.0575268  0.40828   0.217963     5.14557
3                   361     0.128999  0.40887   0.274305     3.31025    0.068177   0.40887   0.229171     3.38781
mean               1000     0.119195  0.427094  0.271519     3.918      0.0583631  0.427094  0.222623     4.54

Challenge file is read: /apc/dataset/test/10fold_10K_b/fold-003.json
category      instances    precision    recall      ndcg    extender    precision    recall      ndcg    extender
----------  -----------  -----------  --------  --------  ----------  -----------  --------  --------  ----------
1                   332     0.112733  0.458084  0.272162     4.67169    0.0486412  0.458084  0.221245     5.8253
2                   318     0.120616  0.410133  0.267924     3.87736    0.0524423  0.410133  0.212366     4.86164
3                   350     0.122524  0.396903  0.266348     3.51429    0.0567806  0.396903  0.218008     4.40286
mean               1000     0.118667  0.421422  0.268779     4.014      0.0526987  0.421422  0.217288     5.021

Challenge file is read: /apc/dataset/test/10fold_10K_b/fold-004.json
category      instances    precision    recall      ndcg    extender    precision    recall      ndcg    extender
----------  -----------  -----------  --------  --------  ----------  -----------  --------  --------  ----------
1                   333     0.119201  0.444578  0.275795     3.89489    0.055775   0.444578  0.224763     5.05706
2                   341     0.136023  0.425141  0.287096     3.48094    0.0714672  0.425141  0.239852     4.27273
3                   326     0.12434   0.421162  0.279396     3.91411    0.0745893  0.421162  0.242808     4.04908
mean               1000     0.126613  0.430316  0.280823     3.76       0.0672595  0.430316  0.235791     4.461

Challenge file is read: /apc/dataset/test/10fold_10K_b/fold-005.json
category      instances    precision    recall      ndcg    extender    precision    recall      ndcg    extender
----------  -----------  -----------  --------  --------  ----------  -----------  --------  --------  ----------
1                   300     0.148377  0.474047  0.312191     2.73       0.0631771  0.474047  0.239533     3.54667
2                   360     0.141447  0.432585  0.294045     4.21389    0.0682052  0.432585  0.240095     4.27222
3                   340     0.125597  0.390902  0.26521      4.10882    0.0746019  0.390902  0.232179     4.62059
mean               1000     0.138137  0.430851  0.289685     3.733      0.0688716  0.430851  0.237235     4.173

Challenge file is read: /apc/dataset/test/10fold_10K_b/fold-006.json
category      instances    precision    recall      ndcg    extender    precision    recall      ndcg    extender
----------  -----------  -----------  --------  --------  ----------  -----------  --------  --------  ----------
1                   352     0.127144  0.493467  0.297676     4.27841    0.0509609  0.493467  0.236055     5.26705
2                   318     0.120388  0.425082  0.275241     3.36478    0.0597214  0.425082  0.229293     4.19182
3                   330     0.120687  0.408742  0.265769     3.5697     0.0633415  0.408742  0.227981     4.39697
mean               1000     0.122865  0.443761  0.280012     3.754      0.0578323  0.443761  0.23124      4.638

Challenge file is read: /apc/dataset/test/10fold_10K_b/fold-007.json
category      instances    precision    recall      ndcg    extender    precision    recall      ndcg    extender
----------  -----------  -----------  --------  --------  ----------  -----------  --------  --------  ----------
1                   349     0.109666  0.440643  0.258852     4.72206    0.0421505  0.440643  0.205049     6.39542
2                   338     0.131397  0.42018   0.281969     3.87574    0.0589373  0.42018   0.23001      5.22781
3                   313     0.136324  0.426446  0.287773     3.32268    0.0673269  0.426446  0.240616     4.02875
mean               1000     0.125355  0.429283  0.275718     3.998      0.0557046  0.429283  0.224618     5.26

Challenge file is read: /apc/dataset/test/10fold_10K_b/fold-008.json
category      instances    precision    recall      ndcg    extender    precision    recall      ndcg    extender
----------  -----------  -----------  --------  --------  ----------  -----------  --------  --------  ----------
1                   316     0.113339  0.447162  0.273073     4.09494    0.054136   0.447162  0.223326     4.97785
2                   346     0.134405  0.436868  0.285257     4.39595    0.0576995  0.436868  0.230026     5.20231
3                   338     0.126045  0.411058  0.272082     3.5355     0.0662476  0.411058  0.229167     4.06213
mean               1000     0.124922  0.431397  0.276954     4.01       0.0594627  0.431397  0.227619     4.746

Challenge file is read: /apc/dataset/test/10fold_10K_b/fold-009.json
category      instances    precision    recall      ndcg    extender    precision    recall      ndcg    extender
----------  -----------  -----------  --------  --------  ----------  -----------  --------  --------  ----------
1                   331     0.105701  0.435132  0.259783     3.429      0.0449395  0.435132  0.212227     5.19637
2                   334     0.114503  0.402478  0.262767     4.18862    0.0580863  0.402478  0.220535     5.27844
3                   335     0.113942  0.407278  0.268388     3.76418    0.0650812  0.407278  0.231036     4.60896
mean               1000     0.111402  0.414895  0.263662     3.795      0.056078   0.414895  0.221303     5.027

Challenge file is read: /apc/dataset/test/10fold_10K_b/fold-010.json
category      instances    precision    recall      ndcg    extender    precision    recall      ndcg    extender
----------  -----------  -----------  --------  --------  ----------  -----------  --------  --------  ----------
1                   357     0.115436  0.44021   0.268349     4.01961    0.052611   0.44021   0.219421     5.63866
2                   329     0.119138  0.414757  0.270137     4.03647    0.0636892  0.414757  0.228783     4.91489
3                   314     0.109294  0.401552  0.261117     5.09236    0.0659692  0.401552  0.229184     5.58599
mean               1000     0.114726  0.419697  0.266667     4.362      0.0604502  0.419697  0.225566     5.384


*** SORTER = NoSort
*** FEATURES = Lucene features

Challenge file is read: /apc/dataset/test/10fold_10K_b/fold-001.json
category      instances    precision    recall      ndcg    extender    precision    recall      ndcg    extender
----------  -----------  -----------  --------  --------  ----------  -----------  --------  --------  ----------
1                   329     0.116412  0.462249  0.279257     4.63526     0.196258  0.462249  0.359503     2.79027
2                   322     0.128701  0.435835  0.286181     3.85404     0.210427  0.435835  0.366831     2.28261
3                   349     0.116251  0.403917  0.261017     3.66189     0.192525  0.403917  0.336311     1.95129
mean               1000     0.120313  0.433386  0.275121     4.044       0.199518  0.433386  0.353768     2.334

Challenge file is read: /apc/dataset/test/10fold_10K_b/fold-002.json
category      instances    precision    recall      ndcg    extender    precision    recall      ndcg    extender
----------  -----------  -----------  --------  --------  ----------  -----------  --------  --------  ----------
1                   323     0.111118  0.465868  0.275015     4.18885     0.182975  0.465868  0.347672     2.23529
2                   316     0.116252  0.40828   0.264761     4.33544     0.185938  0.40828   0.339859     2.91456
3                   361     0.128999  0.40887   0.274305     3.31025     0.202556  0.40887   0.34542      1.63435
mean               1000     0.119195  0.427094  0.271519     3.918       0.19098   0.427094  0.34439      2.233

Challenge file is read: /apc/dataset/test/10fold_10K_b/fold-003.json
category      instances    precision    recall      ndcg    extender    precision    recall      ndcg    extender
----------  -----------  -----------  --------  --------  ----------  -----------  --------  --------  ----------
1                   332     0.112733  0.458084  0.272162     4.67169     0.185919  0.458084  0.345554     2.63855
2                   318     0.120616  0.410133  0.267924     3.87736     0.191895  0.410133  0.338457     2.37107
3                   350     0.122524  0.396903  0.266348     3.51429     0.196176  0.396903  0.339922     1.59714
mean               1000     0.118667  0.421422  0.268779     4.014       0.191409  0.421422  0.341326     2.189

Challenge file is read: /apc/dataset/test/10fold_10K_b/fold-004.json
category      instances    precision    recall      ndcg    extender    precision    recall      ndcg    extender
----------  -----------  -----------  --------  --------  ----------  -----------  --------  --------  ----------
1                   333     0.119201  0.444578  0.275795     3.89489     0.193348  0.444578  0.351759     2.77177
2                   341     0.136023  0.425141  0.287096     3.48094     0.209797  0.425141  0.356954     2.02639
3                   326     0.12434   0.421162  0.279396     3.91411     0.202692  0.421162  0.354709     2.11043
mean               1000     0.126613  0.430316  0.280823     3.76        0.202003  0.430316  0.354493     2.302

Challenge file is read: /apc/dataset/test/10fold_10K_b/fold-005.json
category      instances    precision    recall      ndcg    extender    precision    recall      ndcg    extender
----------  -----------  -----------  --------  --------  ----------  -----------  --------  --------  ----------
1                   300     0.148377  0.474047  0.312191     2.73        0.219021  0.474047  0.383883     1.24333
2                   360     0.141447  0.432585  0.294045     4.21389     0.218629  0.432585  0.367875     2.20556
3                   340     0.125597  0.390902  0.26521      4.10882     0.196772  0.390902  0.330067     2.63529
mean               1000     0.138137  0.430851  0.289685     3.733       0.211315  0.430851  0.359823     2.063

Challenge file is read: /apc/dataset/test/10fold_10K_b/fold-006.json
category      instances    precision    recall      ndcg    extender    precision    recall      ndcg    extender
----------  -----------  -----------  --------  --------  ----------  -----------  --------  --------  ----------
1                   352     0.127144  0.493467  0.297676     4.27841     0.196879  0.493467  0.372345     2.49432
2                   318     0.120388  0.425082  0.275241     3.36478     0.196933  0.425082  0.349401     1.62893
3                   330     0.120687  0.408742  0.265769     3.5697      0.188795  0.408742  0.339128     1.67879
mean               1000     0.122865  0.443761  0.280012     3.754       0.194228  0.443761  0.354087     1.95

Challenge file is read: /apc/dataset/test/10fold_10K_b/fold-007.json
category      instances    precision    recall      ndcg    extender    precision    recall      ndcg    extender
----------  -----------  -----------  --------  --------  ----------  -----------  --------  --------  ----------
1                   349     0.109666  0.440643  0.258852     4.72206     0.174324  0.440643  0.333545     3.41261
2                   338     0.131397  0.42018   0.281969     3.87574     0.206822  0.42018   0.35433      2.60651
3                   313     0.136324  0.426446  0.287773     3.32268     0.213917  0.426446  0.363431     1.9361
mean               1000     0.125355  0.429283  0.275718     3.998       0.197701  0.429283  0.349924     2.678

Challenge file is read: /apc/dataset/test/10fold_10K_b/fold-008.json
category      instances    precision    recall      ndcg    extender    precision    recall      ndcg    extender
----------  -----------  -----------  --------  --------  ----------  -----------  --------  --------  ----------
1                   316     0.113339  0.447162  0.273073     4.09494     0.188613  0.447162  0.349266     2.68354
2                   346     0.134405  0.436868  0.285257     4.39595     0.215556  0.436868  0.363594     2.80347
3                   338     0.126045  0.411058  0.272082     3.5355      0.204582  0.411058  0.344622     1.80178
mean               1000     0.124922  0.431397  0.276954     4.01        0.203333  0.431397  0.352654     2.427

Challenge file is read: /apc/dataset/test/10fold_10K_b/fold-009.json
category      instances    precision    recall      ndcg    extender    precision    recall      ndcg    extender
----------  -----------  -----------  --------  --------  ----------  -----------  --------  --------  ----------
1                   331     0.105701  0.435132  0.259783     3.429       0.173061  0.435132  0.325504     1.91541
2                   334     0.114503  0.402478  0.262767     4.18862     0.194291  0.402478  0.337321     2.3503
3                   335     0.113942  0.407278  0.268388     3.76418     0.199525  0.407278  0.349039     2.49851
mean               1000     0.111402  0.414895  0.263662     3.795       0.189018  0.414895  0.337335     2.256

Challenge file is read: /apc/dataset/test/10fold_10K_b/fold-010.json
category      instances    precision    recall      ndcg    extender    precision    recall      ndcg    extender
----------  -----------  -----------  --------  --------  ----------  -----------  --------  --------  ----------
1                   357     0.115436  0.44021   0.268349     4.01961     0.187703  0.44021   0.345278     2.57143
2                   329     0.119138  0.414757  0.270137     4.03647     0.201203  0.414757  0.346673     2.48328
3                   314     0.109294  0.401552  0.261117     5.09236     0.194456  0.401552  0.337437     3.03503
mean               1000     0.114726  0.419697  0.266667     4.362       0.194265  0.419697  0.343275     2.688


*** SORTER = NoSort
*** FEATURES = MPD features + Audio features

Challenge file is read: /apc/dataset/test/10fold_10K_b/fold-001.json
category      instances    precision    recall      ndcg    extender    precision    recall      ndcg    extender
----------  -----------  -----------  --------  --------  ----------  -----------  --------  --------  ----------
1                   329     0.116412  0.462249  0.279257     4.63526    0.0861852  0.462249  0.253981     4.92097
2                   322     0.128701  0.435835  0.286181     3.85404    0.100178   0.435835  0.261769     4.07764
3                   349     0.116251  0.403917  0.261017     3.66189    0.0974661  0.403917  0.250935     3.37249
mean               1000     0.120313  0.433386  0.275121     4.044      0.094628   0.433386  0.255426     4.109

Challenge file is read: /apc/dataset/test/10fold_10K_b/fold-002.json
category      instances    precision    recall      ndcg    extender    precision    recall      ndcg    extender
----------  -----------  -----------  --------  --------  ----------  -----------  --------  --------  ----------
1                   323     0.111118  0.465868  0.275015     4.18885    0.0757305  0.465868  0.244412     4.39938
2                   316     0.116252  0.40828   0.264761     4.33544    0.0899295  0.40828   0.242351     4.47785
3                   361     0.128999  0.40887   0.274305     3.31025    0.0998032  0.40887   0.25299      2.75069
mean               1000     0.119195  0.427094  0.271519     3.918      0.0889076  0.427094  0.246857     3.829

Challenge file is read: /apc/dataset/test/10fold_10K_b/fold-003.json
category      instances    precision    recall      ndcg    extender    precision    recall      ndcg    extender
----------  -----------  -----------  --------  --------  ----------  -----------  --------  --------  ----------
1                   332     0.112733  0.458084  0.272162     4.67169    0.0814877  0.458084  0.244775     4.90361
2                   318     0.120616  0.410133  0.267924     3.87736    0.0881432  0.410133  0.24107      3.82075
3                   350     0.122524  0.396903  0.266348     3.51429    0.100536   0.396903  0.248835     3.01429
mean               1000     0.118667  0.421422  0.268779     4.014      0.090271   0.421422  0.245018     3.898

Challenge file is read: /apc/dataset/test/10fold_10K_b/fold-004.json
category      instances    precision    recall      ndcg    extender    precision    recall      ndcg    extender
----------  -----------  -----------  --------  --------  ----------  -----------  --------  --------  ----------
1                   333     0.119201  0.444578  0.275795     3.89489    0.0804949  0.444578  0.24462      4.74775
2                   341     0.136023  0.425141  0.287096     3.48094    0.0947094  0.425141  0.257918     3.60704
3                   326     0.12434   0.421162  0.279396     3.91411    0.0961935  0.421162  0.258542     3.63497
mean               1000     0.126613  0.430316  0.280823     3.76       0.0904598  0.430316  0.253693     3.996

Challenge file is read: /apc/dataset/test/10fold_10K_b/fold-005.json
category      instances    precision    recall      ndcg    extender    precision    recall      ndcg    extender
----------  -----------  -----------  --------  --------  ----------  -----------  --------  --------  ----------
1                   300     0.148377  0.474047  0.312191     2.73       0.0913815  0.474047  0.268775     3.11
2                   360     0.141447  0.432585  0.294045     4.21389    0.106798   0.432585  0.265869     3.50556
3                   340     0.125597  0.390902  0.26521      4.10882    0.0971809  0.390902  0.248216     3.99412
mean               1000     0.138137  0.430851  0.289685     3.733      0.0989031  0.430851  0.260739     3.553

Challenge file is read: /apc/dataset/test/10fold_10K_b/fold-006.json
category      instances    precision    recall      ndcg    extender    precision    recall      ndcg    extender
----------  -----------  -----------  --------  --------  ----------  -----------  --------  --------  ----------
1                   352     0.127144  0.493467  0.297676     4.27841    0.0873201  0.493467  0.269747     3.89489
2                   318     0.120388  0.425082  0.275241     3.36478    0.0968158  0.425082  0.258502     3.27044
3                   330     0.120687  0.408742  0.265769     3.5697     0.094348   0.408742  0.247251     3.71818
mean               1000     0.122865  0.443761  0.280012     3.754      0.0926589  0.443761  0.258747     3.638

Challenge file is read: /apc/dataset/test/10fold_10K_b/fold-007.json
category      instances    precision    recall      ndcg    extender    precision    recall      ndcg    extender
----------  -----------  -----------  --------  --------  ----------  -----------  --------  --------  ----------
1                   349     0.109666  0.440643  0.258852     4.72206    0.0651061  0.440643  0.227199     4.7106
2                   338     0.131397  0.42018   0.281969     3.87574    0.101934   0.42018   0.255494     4.32249
3                   313     0.136324  0.426446  0.287773     3.32268    0.114734   0.426446  0.273696     3.50799
mean               1000     0.125355  0.429283  0.275718     3.998      0.0930873  0.429283  0.251316     4.203

Challenge file is read: /apc/dataset/test/10fold_10K_b/fold-008.json
category      instances    precision    recall      ndcg    extender    precision    recall      ndcg    extender
----------  -----------  -----------  --------  --------  ----------  -----------  --------  --------  ----------
1                   316     0.113339  0.447162  0.273073     4.09494    0.074155   0.447162  0.241052     4.52532
2                   346     0.134405  0.436868  0.285257     4.39595    0.0947139  0.436868  0.258549     4.42486
3                   338     0.126045  0.411058  0.272082     3.5355     0.0989871  0.411058  0.252409     3.45562
mean               1000     0.124922  0.431397  0.276954     4.01       0.0896616  0.431397  0.250945     4.129

Challenge file is read: /apc/dataset/test/10fold_10K_b/fold-009.json
category      instances    precision    recall      ndcg    extender    precision    recall      ndcg    extender
----------  -----------  -----------  --------  --------  ----------  -----------  --------  --------  ----------
1                   331     0.105701  0.435132  0.259783     3.429      0.077496   0.435132  0.236425     3.97583
2                   334     0.114503  0.402478  0.262767     4.18862    0.0880441  0.402478  0.243586     4.05389
3                   335     0.113942  0.407278  0.268388     3.76418    0.0983146  0.407278  0.253145     3.62687
mean               1000     0.111402  0.414895  0.263662     3.795      0.0879933  0.414895  0.244418     3.885

Challenge file is read: /apc/dataset/test/10fold_10K_b/fold-010.json
category      instances    precision    recall      ndcg    extender    precision    recall      ndcg    extender
----------  -----------  -----------  --------  --------  ----------  -----------  --------  --------  ----------
1                   357     0.115436  0.44021   0.268349     4.01961    0.0762762  0.44021   0.24033      4.61905
2                   329     0.119138  0.414757  0.270137     4.03647    0.0958175  0.414757  0.253072     3.89666
3                   314     0.109294  0.401552  0.261117     5.09236    0.103207   0.401552  0.252529     4.57962
mean               1000     0.114726  0.419697  0.266667     4.362      0.0911614  0.419697  0.248353     4.369


*** SORTER = NoSort
*** FEATURES = MPD features + Lucene features

Challenge file is read: /apc/dataset/test/10fold_10K_b/fold-001.json
category      instances    precision    recall      ndcg    extender    precision    recall      ndcg    extender
----------  -----------  -----------  --------  --------  ----------  -----------  --------  --------  ----------
1                   329     0.116412  0.462249  0.279257     4.63526     0.20017   0.462249  0.361915     2.72948
2                   322     0.128701  0.435835  0.286181     3.85404     0.21659   0.435835  0.368097     2.26398
3                   349     0.116251  0.403917  0.261017     3.66189     0.197132  0.403917  0.340508     1.94556
mean               1000     0.120313  0.433386  0.275121     4.044       0.204397  0.433386  0.356435     2.306

Challenge file is read: /apc/dataset/test/10fold_10K_b/fold-002.json
category      instances    precision    recall      ndcg    extender    precision    recall      ndcg    extender
----------  -----------  -----------  --------  --------  ----------  -----------  --------  --------  ----------
1                   323     0.111118  0.465868  0.275015     4.18885     0.185702  0.465868  0.349848     2.21672
2                   316     0.116252  0.40828   0.264761     4.33544     0.189229  0.40828   0.342856     2.86392
3                   361     0.128999  0.40887   0.274305     3.31025     0.20498   0.40887   0.347807     1.61219
mean               1000     0.119195  0.427094  0.271519     3.918       0.193776  0.427094  0.346902     2.203

Challenge file is read: /apc/dataset/test/10fold_10K_b/fold-003.json
category      instances    precision    recall      ndcg    extender    precision    recall      ndcg    extender
----------  -----------  -----------  --------  --------  ----------  -----------  --------  --------  ----------
1                   332     0.112733  0.458084  0.272162     4.67169     0.188046  0.458084  0.349008     2.68373
2                   318     0.120616  0.410133  0.267924     3.87736     0.19341   0.410133  0.340437     2.3239
3                   350     0.122524  0.396903  0.266348     3.51429     0.20119   0.396903  0.341693     1.49429
mean               1000     0.118667  0.421422  0.268779     4.014       0.194352  0.421422  0.343722     2.153

Challenge file is read: /apc/dataset/test/10fold_10K_b/fold-004.json
category      instances    precision    recall      ndcg    extender    precision    recall      ndcg    extender
----------  -----------  -----------  --------  --------  ----------  -----------  --------  --------  ----------
1                   333     0.119201  0.444578  0.275795     3.89489     0.19232   0.444578  0.353126     2.71471
2                   341     0.136023  0.425141  0.287096     3.48094     0.21291   0.425141  0.358548     1.95015
3                   326     0.12434   0.421162  0.279396     3.91411     0.207389  0.421162  0.3583       2.13804
mean               1000     0.126613  0.430316  0.280823     3.76        0.204253  0.430316  0.356662     2.266

Challenge file is read: /apc/dataset/test/10fold_10K_b/fold-005.json
category      instances    precision    recall      ndcg    extender    precision    recall      ndcg    extender
----------  -----------  -----------  --------  --------  ----------  -----------  --------  --------  ----------
1                   300     0.148377  0.474047  0.312191     2.73        0.224256  0.474047  0.387482     1.17
2                   360     0.141447  0.432585  0.294045     4.21389     0.2194    0.432585  0.370903     2.12222
3                   340     0.125597  0.390902  0.26521      4.10882     0.199644  0.390902  0.333627     2.57941
mean               1000     0.138137  0.430851  0.289685     3.733       0.21414   0.430851  0.363203     1.992

Challenge file is read: /apc/dataset/test/10fold_10K_b/fold-006.json
category      instances    precision    recall      ndcg    extender    precision    recall      ndcg    extender
----------  -----------  -----------  --------  --------  ----------  -----------  --------  --------  ----------
1                   352     0.127144  0.493467  0.297676     4.27841     0.201996  0.493467  0.37527      2.48011
2                   318     0.120388  0.425082  0.275241     3.36478     0.20346   0.425082  0.353814     1.58176
3                   330     0.120687  0.408742  0.265769     3.5697      0.194074  0.408742  0.341977     1.65758
mean               1000     0.122865  0.443761  0.280012     3.754       0.199848  0.443761  0.35746      1.923

Challenge file is read: /apc/dataset/test/10fold_10K_b/fold-007.json
category      instances    precision    recall      ndcg    extender    precision    recall      ndcg    extender
----------  -----------  -----------  --------  --------  ----------  -----------  --------  --------  ----------
1                   349     0.109666  0.440643  0.258852     4.72206     0.174816  0.440643  0.335674     3.42693
2                   338     0.131397  0.42018   0.281969     3.87574     0.210213  0.42018   0.357338     2.59467
3                   313     0.136324  0.426446  0.287773     3.32268     0.220431  0.426446  0.366656     1.89776
mean               1000     0.125355  0.429283  0.275718     3.998       0.201058  0.429283  0.352694     2.667

Challenge file is read: /apc/dataset/test/10fold_10K_b/fold-008.json
category      instances    precision    recall      ndcg    extender    precision    recall      ndcg    extender
----------  -----------  -----------  --------  --------  ----------  -----------  --------  --------  ----------
1                   316     0.113339  0.447162  0.273073     4.09494     0.190743  0.447162  0.351273     2.65823
2                   346     0.134405  0.436868  0.285257     4.39595     0.2186    0.436868  0.365345     2.79769
3                   338     0.126045  0.411058  0.272082     3.5355      0.204771  0.411058  0.345496     1.73964
mean               1000     0.124922  0.431397  0.276954     4.01        0.205123  0.431397  0.354189     2.396

Challenge file is read: /apc/dataset/test/10fold_10K_b/fold-009.json
category      instances    precision    recall      ndcg    extender    precision    recall      ndcg    extender
----------  -----------  -----------  --------  --------  ----------  -----------  --------  --------  ----------
1                   331     0.105701  0.435132  0.259783     3.429       0.175232  0.435132  0.325551     1.93958
2                   334     0.114503  0.402478  0.262767     4.18862     0.198562  0.402478  0.342101     2.32036
3                   335     0.113942  0.407278  0.268388     3.76418     0.202429  0.407278  0.350397     2.50448
mean               1000     0.111402  0.414895  0.263662     3.795       0.192135  0.414895  0.339402     2.256

Challenge file is read: /apc/dataset/test/10fold_10K_b/fold-010.json
category      instances    precision    recall      ndcg    extender    precision    recall      ndcg    extender
----------  -----------  -----------  --------  --------  ----------  -----------  --------  --------  ----------
1                   357     0.115436  0.44021   0.268349     4.01961     0.18794   0.44021   0.347067     2.36134
2                   329     0.119138  0.414757  0.270137     4.03647     0.204491  0.414757  0.346744     2.3921
3                   314     0.109294  0.401552  0.261117     5.09236     0.199139  0.401552  0.340732     2.97134
mean               1000     0.114726  0.419697  0.266667     4.362       0.196902  0.419697  0.344972     2.563


*** SORTER = NoSort
*** FEATURES = Audio features + Lucene features

Challenge file is read: /apc/dataset/test/10fold_10K_b/fold-001.json
category      instances    precision    recall      ndcg    extender    precision    recall      ndcg    extender
----------  -----------  -----------  --------  --------  ----------  -----------  --------  --------  ----------
1                   329     0.116412  0.462249  0.279257     4.63526     0.194939  0.462249  0.357166     2.83283
2                   322     0.128701  0.435835  0.286181     3.85404     0.214313  0.435835  0.36636      2.24224
3                   349     0.116251  0.403917  0.261017     3.66189     0.193091  0.403917  0.33514      1.96562
mean               1000     0.120313  0.433386  0.275121     4.044       0.200532  0.433386  0.352439     2.34

Challenge file is read: /apc/dataset/test/10fold_10K_b/fold-002.json
category      instances    precision    recall      ndcg    extender    precision    recall      ndcg    extender
----------  -----------  -----------  --------  --------  ----------  -----------  --------  --------  ----------
1                   323     0.111118  0.465868  0.275015     4.18885     0.184962  0.465868  0.34535      2.24458
2                   316     0.116252  0.40828   0.264761     4.33544     0.18921   0.40828   0.339577     3.00633
3                   361     0.128999  0.40887   0.274305     3.31025     0.202862  0.40887   0.347108     1.58726
mean               1000     0.119195  0.427094  0.271519     3.918       0.192766  0.427094  0.34416      2.248

Challenge file is read: /apc/dataset/test/10fold_10K_b/fold-003.json
category      instances    precision    recall      ndcg    extender    precision    recall      ndcg    extender
----------  -----------  -----------  --------  --------  ----------  -----------  --------  --------  ----------
1                   332     0.112733  0.458084  0.272162     4.67169     0.184978  0.458084  0.345228     2.64759
2                   318     0.120616  0.410133  0.267924     3.87736     0.192451  0.410133  0.337625     2.35849
3                   350     0.122524  0.396903  0.266348     3.51429     0.197236  0.396903  0.340117     1.56571
mean               1000     0.118667  0.421422  0.268779     4.014       0.191645  0.421422  0.341022     2.177

Challenge file is read: /apc/dataset/test/10fold_10K_b/fold-004.json
category      instances    precision    recall      ndcg    extender    precision    recall      ndcg    extender
----------  -----------  -----------  --------  --------  ----------  -----------  --------  --------  ----------
1                   333     0.119201  0.444578  0.275795     3.89489     0.189467  0.444578  0.349126     2.77477
2                   341     0.136023  0.425141  0.287096     3.48094     0.206145  0.425141  0.355232     2.06745
3                   326     0.12434   0.421162  0.279396     3.91411     0.201864  0.421162  0.35359      2.12577
mean               1000     0.126613  0.430316  0.280823     3.76        0.199195  0.430316  0.352663     2.322

Challenge file is read: /apc/dataset/test/10fold_10K_b/fold-005.json
category      instances    precision    recall      ndcg    extender    precision    recall      ndcg    extender
----------  -----------  -----------  --------  --------  ----------  -----------  --------  --------  ----------
1                   300     0.148377  0.474047  0.312191     2.73        0.218867  0.474047  0.383417     1.24
2                   360     0.141447  0.432585  0.294045     4.21389     0.217042  0.432585  0.367878     2.2
3                   340     0.125597  0.390902  0.26521      4.10882     0.196197  0.390902  0.330164     2.60588
mean               1000     0.138137  0.430851  0.289685     3.733       0.210502  0.430851  0.359717     2.05

Challenge file is read: /apc/dataset/test/10fold_10K_b/fold-006.json
category      instances    precision    recall      ndcg    extender    precision    recall      ndcg    extender
----------  -----------  -----------  --------  --------  ----------  -----------  --------  --------  ----------
1                   352     0.127144  0.493467  0.297676     4.27841     0.198851  0.493467  0.376514     2.51136
2                   318     0.120388  0.425082  0.275241     3.36478     0.197255  0.425082  0.348999     1.62579
3                   330     0.120687  0.408742  0.265769     3.5697      0.187475  0.408742  0.339376     1.7
mean               1000     0.122865  0.443761  0.280012     3.754       0.194589  0.443761  0.355509     1.962

Challenge file is read: /apc/dataset/test/10fold_10K_b/fold-007.json
category      instances    precision    recall      ndcg    extender    precision    recall      ndcg    extender
----------  -----------  -----------  --------  --------  ----------  -----------  --------  --------  ----------
1                   349     0.109666  0.440643  0.258852     4.72206     0.172703  0.440643  0.333845     3.48424
2                   338     0.131397  0.42018   0.281969     3.87574     0.208     0.42018   0.355973     2.60355
3                   313     0.136324  0.426446  0.287773     3.32268     0.213524  0.426446  0.361741     1.92652
mean               1000     0.125355  0.429283  0.275718     3.998       0.19741   0.429283  0.350056     2.699

Challenge file is read: /apc/dataset/test/10fold_10K_b/fold-008.json
category      instances    precision    recall      ndcg    extender    precision    recall      ndcg    extender
----------  -----------  -----------  --------  --------  ----------  -----------  --------  --------  ----------
1                   316     0.113339  0.447162  0.273073     4.09494     0.190018  0.447162  0.348471     2.69304
2                   346     0.134405  0.436868  0.285257     4.39595     0.215425  0.436868  0.362385     2.78324
3                   338     0.126045  0.411058  0.272082     3.5355      0.205898  0.411058  0.344149     1.76627
mean               1000     0.124922  0.431397  0.276954     4.01        0.204176  0.431397  0.351825     2.411

Challenge file is read: /apc/dataset/test/10fold_10K_b/fold-009.json
category      instances    precision    recall      ndcg    extender    precision    recall      ndcg    extender
----------  -----------  -----------  --------  --------  ----------  -----------  --------  --------  ----------
1                   331     0.105701  0.435132  0.259783     3.429       0.171792  0.435132  0.324785     1.93353
2                   334     0.114503  0.402478  0.262767     4.18862     0.193909  0.402478  0.33793      2.35928
3                   335     0.113942  0.407278  0.268388     3.76418     0.201849  0.407278  0.348287     2.39701
mean               1000     0.111402  0.414895  0.263662     3.795       0.189248  0.414895  0.337049     2.231

Challenge file is read: /apc/dataset/test/10fold_10K_b/fold-010.json
category      instances    precision    recall      ndcg    extender    precision    recall      ndcg    extender
----------  -----------  -----------  --------  --------  ----------  -----------  --------  --------  ----------
1                   357     0.115436  0.44021   0.268349     4.01961     0.186789  0.44021   0.344808     2.4958
2                   329     0.119138  0.414757  0.270137     4.03647     0.201935  0.414757  0.345788     2.45593
3                   314     0.109294  0.401552  0.261117     5.09236     0.193993  0.401552  0.33698      3.03185
mean               1000     0.114726  0.419697  0.266667     4.362       0.194034  0.419697  0.342672     2.651


*** SORTER = NoSort
*** FEATURES = All features

Challenge file is read: /apc/dataset/test/10fold_10K_b/fold-001.json
category      instances    precision    recall      ndcg    extender    precision    recall      ndcg    extender
----------  -----------  -----------  --------  --------  ----------  -----------  --------  --------  ----------
1                   329     0.116412  0.462249  0.279257     4.63526     0.199945  0.462249  0.363501     2.75684
2                   322     0.128701  0.435835  0.286181     3.85404     0.219526  0.435835  0.367313     2.2795
3                   349     0.116251  0.403917  0.261017     3.66189     0.19849   0.403917  0.340487     1.92837
mean               1000     0.120313  0.433386  0.275121     4.044       0.205742  0.433386  0.356697     2.314

Challenge file is read: /apc/dataset/test/10fold_10K_b/fold-002.json
category      instances    precision    recall      ndcg    extender    precision    recall      ndcg    extender
----------  -----------  -----------  --------  --------  ----------  -----------  --------  --------  ----------
1                   323     0.111118  0.465868  0.275015     4.18885     0.187232  0.465868  0.349781     2.22291
2                   316     0.116252  0.40828   0.264761     4.33544     0.192412  0.40828   0.34289      2.90506
3                   361     0.128999  0.40887   0.274305     3.31025     0.205136  0.40887   0.346969     1.60111
mean               1000     0.119195  0.427094  0.271519     3.918       0.195332  0.427094  0.346588     2.214

Challenge file is read: /apc/dataset/test/10fold_10K_b/fold-003.json
category      instances    precision    recall      ndcg    extender    precision    recall      ndcg    extender
----------  -----------  -----------  --------  --------  ----------  -----------  --------  --------  ----------
1                   332     0.112733  0.458084  0.272162     4.67169     0.190536  0.458084  0.348034     2.68072
2                   318     0.120616  0.410133  0.267924     3.87736     0.194563  0.410133  0.340651     2.33648
3                   350     0.122524  0.396903  0.266348     3.51429     0.199266  0.396903  0.340778     1.51714
mean               1000     0.118667  0.421422  0.268779     4.014       0.194872  0.421422  0.343147     2.164

Challenge file is read: /apc/dataset/test/10fold_10K_b/fold-004.json
category      instances    precision    recall      ndcg    extender    precision    recall      ndcg    extender
----------  -----------  -----------  --------  --------  ----------  -----------  --------  --------  ----------
1                   333     0.119201  0.444578  0.275795     3.89489     0.191915  0.444578  0.350786     2.76276
2                   341     0.136023  0.425141  0.287096     3.48094     0.207551  0.425141  0.35975      1.96188
3                   326     0.12434   0.421162  0.279396     3.91411     0.207191  0.421162  0.355891     2.07975
mean               1000     0.126613  0.430316  0.280823     3.76        0.202227  0.430316  0.355507     2.267

Challenge file is read: /apc/dataset/test/10fold_10K_b/fold-005.json
category      instances    precision    recall      ndcg    extender    precision    recall      ndcg    extender
----------  -----------  -----------  --------  --------  ----------  -----------  --------  --------  ----------
1                   300     0.148377  0.474047  0.312191     2.73        0.222708  0.474047  0.387579     1.18
2                   360     0.141447  0.432585  0.294045     4.21389     0.2176    0.432585  0.368311     2.125
3                   340     0.125597  0.390902  0.26521      4.10882     0.199467  0.390902  0.33273      2.59412
mean               1000     0.138137  0.430851  0.289685     3.733       0.212967  0.430851  0.361993     2.001

Challenge file is read: /apc/dataset/test/10fold_10K_b/fold-006.json
category      instances    precision    recall      ndcg    extender    precision    recall      ndcg    extender
----------  -----------  -----------  --------  --------  ----------  -----------  --------  --------  ----------
1                   352     0.127144  0.493467  0.297676     4.27841     0.195706  0.493467  0.374402     2.48295
2                   318     0.120388  0.425082  0.275241     3.36478     0.200104  0.425082  0.353589     1.59748
3                   330     0.120687  0.408742  0.265769     3.5697      0.191348  0.408742  0.339848     1.68182
mean               1000     0.122865  0.443761  0.280012     3.754       0.195666  0.443761  0.35638      1.937

Challenge file is read: /apc/dataset/test/10fold_10K_b/fold-007.json
category      instances    precision    recall      ndcg    extender    precision    recall      ndcg    extender
----------  -----------  -----------  --------  --------  ----------  -----------  --------  --------  ----------
1                   349     0.109666  0.440643  0.258852     4.72206     0.175293  0.440643  0.335434     3.4298
2                   338     0.131397  0.42018   0.281969     3.87574     0.210185  0.42018   0.357892     2.55325
3                   313     0.136324  0.426446  0.287773     3.32268     0.219457  0.426446  0.365916     1.85942
mean               1000     0.125355  0.429283  0.275718     3.998       0.20091   0.429283  0.352566     2.642

Challenge file is read: /apc/dataset/test/10fold_10K_b/fold-008.json
category      instances    precision    recall      ndcg    extender    precision    recall      ndcg    extender
----------  -----------  -----------  --------  --------  ----------  -----------  --------  --------  ----------
1                   316     0.113339  0.447162  0.273073     4.09494     0.191721  0.447162  0.353141     2.62975
2                   346     0.134405  0.436868  0.285257     4.39595     0.218969  0.436868  0.367717     2.75145
3                   338     0.126045  0.411058  0.272082     3.5355      0.204312  0.411058  0.347533     1.72189
mean               1000     0.124922  0.431397  0.276954     4.01        0.205405  0.431397  0.356289     2.365

Challenge file is read: /apc/dataset/test/10fold_10K_b/fold-009.json
category      instances    precision    recall      ndcg    extender    precision    recall      ndcg    extender
----------  -----------  -----------  --------  --------  ----------  -----------  --------  --------  ----------
1                   331     0.105701  0.435132  0.259783     3.429       0.173818  0.435132  0.326464     1.92447
2                   334     0.114503  0.402478  0.262767     4.18862     0.199981  0.402478  0.34184      2.32036
3                   335     0.113942  0.407278  0.268388     3.76418     0.203424  0.407278  0.350141     2.48955
mean               1000     0.111402  0.414895  0.263662     3.795       0.192474  0.414895  0.339531     2.246

Challenge file is read: /apc/dataset/test/10fold_10K_b/fold-010.json
category      instances    precision    recall      ndcg    extender    precision    recall      ndcg    extender
----------  -----------  -----------  --------  --------  ----------  -----------  --------  --------  ----------
1                   357     0.115436  0.44021   0.268349     4.01961     0.187565  0.44021   0.346794     2.38095
2                   329     0.119138  0.414757  0.270137     4.03647     0.205891  0.414757  0.347309     2.39818
3                   314     0.109294  0.401552  0.261117     5.09236     0.198432  0.401552  0.340326     2.96497
mean               1000     0.114726  0.419697  0.266667     4.362       0.197006  0.419697  0.344933     2.57


*** SORTER = NoSort
*** FEATURES = 34 only

Challenge file is read: /apc/dataset/test/10fold_10K_b/fold-001.json
category      instances    precision    recall      ndcg    extender    precision    recall      ndcg    extender
----------  -----------  -----------  --------  --------  ----------  -----------  --------  --------  ----------
1                   329     0.116412  0.462249  0.279257     4.63526     0.197087  0.462249  0.355506     2.81155
2                   322     0.128701  0.435835  0.286181     3.85404     0.214016  0.435835  0.366921     2.25776
3                   349     0.116251  0.403917  0.261017     3.66189     0.192593  0.403917  0.336309     1.98854
mean               1000     0.120313  0.433386  0.275121     4.044       0.20097   0.433386  0.352482     2.346

Challenge file is read: /apc/dataset/test/10fold_10K_b/fold-002.json
category      instances    precision    recall      ndcg    extender    precision    recall      ndcg    extender
----------  -----------  -----------  --------  --------  ----------  -----------  --------  --------  ----------
1                   323     0.111118  0.465868  0.275015     4.18885     0.183281  0.465868  0.34535      2.20124
2                   316     0.116252  0.40828   0.264761     4.33544     0.189292  0.40828   0.340034     2.99367
3                   361     0.128999  0.40887   0.274305     3.31025     0.199231  0.40887   0.34501      1.60665
mean               1000     0.119195  0.427094  0.271519     3.918       0.190939  0.427094  0.343548     2.237

Challenge file is read: /apc/dataset/test/10fold_10K_b/fold-003.json
category      instances    precision    recall      ndcg    extender    precision    recall      ndcg    extender
----------  -----------  -----------  --------  --------  ----------  -----------  --------  --------  ----------
1                   332     0.112733  0.458084  0.272162     4.67169     0.180962  0.458084  0.340714     2.68675
2                   318     0.120616  0.410133  0.267924     3.87736     0.19114   0.410133  0.336626     2.38365
3                   350     0.122524  0.396903  0.266348     3.51429     0.199239  0.396903  0.339394     1.52286
mean               1000     0.118667  0.421422  0.268779     4.014       0.190595  0.421422  0.338952     2.183

Challenge file is read: /apc/dataset/test/10fold_10K_b/fold-004.json
category      instances    precision    recall      ndcg    extender    precision    recall      ndcg    extender
----------  -----------  -----------  --------  --------  ----------  -----------  --------  --------  ----------
1                   333     0.119201  0.444578  0.275795     3.89489     0.191374  0.444578  0.34901      2.7988
2                   341     0.136023  0.425141  0.287096     3.48094     0.208612  0.425141  0.356504     2.04692
3                   326     0.12434   0.421162  0.279396     3.91411     0.202578  0.421162  0.354704     2.08589
mean               1000     0.126613  0.430316  0.280823     3.76        0.200904  0.430316  0.353421     2.31

Challenge file is read: /apc/dataset/test/10fold_10K_b/fold-005.json
category      instances    precision    recall      ndcg    extender    precision    recall      ndcg    extender
----------  -----------  -----------  --------  --------  ----------  -----------  --------  --------  ----------
1                   300     0.148377  0.474047  0.312191     2.73        0.212461  0.474047  0.378224     1.26
2                   360     0.141447  0.432585  0.294045     4.21389     0.215702  0.432585  0.366898     2.18611
3                   340     0.125597  0.390902  0.26521      4.10882     0.195901  0.390902  0.331096     2.59706
mean               1000     0.138137  0.430851  0.289685     3.733       0.207997  0.430851  0.358123     2.048

Challenge file is read: /apc/dataset/test/10fold_10K_b/fold-006.json
category      instances    precision    recall      ndcg    extender    precision    recall      ndcg    extender
----------  -----------  -----------  --------  --------  ----------  -----------  --------  --------  ----------
1                   352     0.127144  0.493467  0.297676     4.27841     0.198178  0.493467  0.374453     2.46591
2                   318     0.120388  0.425082  0.275241     3.36478     0.19824   0.425082  0.347162     1.59748
3                   330     0.120687  0.408742  0.265769     3.5697      0.189704  0.408742  0.339257     1.66364
mean               1000     0.122865  0.443761  0.280012     3.754       0.195401  0.443761  0.35416      1.925

Challenge file is read: /apc/dataset/test/10fold_10K_b/fold-007.json
category      instances    precision    recall      ndcg    extender    precision    recall      ndcg    extender
----------  -----------  -----------  --------  --------  ----------  -----------  --------  --------  ----------
1                   349     0.109666  0.440643  0.258852     4.72206     0.169024  0.440643  0.3314       3.41547
2                   338     0.131397  0.42018   0.281969     3.87574     0.20605   0.42018   0.356159     2.60059
3                   313     0.136324  0.426446  0.287773     3.32268     0.217287  0.426446  0.365126     1.91374
mean               1000     0.125355  0.429283  0.275718     3.998       0.196645  0.429283  0.350325     2.67

Challenge file is read: /apc/dataset/test/10fold_10K_b/fold-008.json
category      instances    precision    recall      ndcg    extender    precision    recall      ndcg    extender
----------  -----------  -----------  --------  --------  ----------  -----------  --------  --------  ----------
1                   316     0.113339  0.447162  0.273073     4.09494     0.184193  0.447162  0.346403     2.77848
2                   346     0.134405  0.436868  0.285257     4.39595     0.215262  0.436868  0.362931     2.74855
3                   338     0.126045  0.411058  0.272082     3.5355      0.20599   0.411058  0.34489      1.73373
mean               1000     0.124922  0.431397  0.276954     4.01        0.20231   0.431397  0.35161      2.415

Challenge file is read: /apc/dataset/test/10fold_10K_b/fold-009.json
category      instances    precision    recall      ndcg    extender    precision    recall      ndcg    extender
----------  -----------  -----------  --------  --------  ----------  -----------  --------  --------  ----------
1                   331     0.105701  0.435132  0.259783     3.429       0.17023   0.435132  0.323859     1.90332
2                   334     0.114503  0.402478  0.262767     4.18862     0.192488  0.402478  0.337529     2.35928
3                   335     0.113942  0.407278  0.268388     3.76418     0.202541  0.407278  0.348422     2.46269
mean               1000     0.111402  0.414895  0.263662     3.795       0.188488  0.414895  0.336654     2.243

Challenge file is read: /apc/dataset/test/10fold_10K_b/fold-010.json
category      instances    precision    recall      ndcg    extender    precision    recall      ndcg    extender
----------  -----------  -----------  --------  --------  ----------  -----------  --------  --------  ----------
1                   357     0.115436  0.44021   0.268349     4.01961     0.182828  0.44021   0.342281     2.47619
2                   329     0.119138  0.414757  0.270137     4.03647     0.203089  0.414757  0.34441      2.48024
3                   314     0.109294  0.401552  0.261117     5.09236     0.195359  0.401552  0.337859     3.00955
mean               1000     0.114726  0.419697  0.266667     4.362       0.193428  0.419697  0.341593     2.645


*** SORTER = NoSort
*** FEATURES = MPD features + Audio features + 34

Challenge file is read: /apc/dataset/test/10fold_10K_b/fold-001.json
category      instances    precision    recall      ndcg    extender    precision    recall      ndcg    extender
----------  -----------  -----------  --------  --------  ----------  -----------  --------  --------  ----------
1                   329     0.116412  0.462249  0.279257     4.63526     0.20201   0.462249  0.358924     2.7538
2                   322     0.128701  0.435835  0.286181     3.85404     0.217745  0.435835  0.36872      2.31988
3                   349     0.116251  0.403917  0.261017     3.66189     0.195865  0.403917  0.338111     1.9255
mean               1000     0.120313  0.433386  0.275121     4.044       0.204932  0.433386  0.354815     2.325

Challenge file is read: /apc/dataset/test/10fold_10K_b/fold-002.json
category      instances    precision    recall      ndcg    extender    precision    recall      ndcg    extender
----------  -----------  -----------  --------  --------  ----------  -----------  --------  --------  ----------
1                   323     0.111118  0.465868  0.275015     4.18885     0.183427  0.465868  0.34896      2.17337
2                   316     0.116252  0.40828   0.264761     4.33544     0.191855  0.40828   0.340546     2.85759
3                   361     0.128999  0.40887   0.274305     3.31025     0.204815  0.40887   0.346454     1.60111
mean               1000     0.119195  0.427094  0.271519     3.918       0.193811  0.427094  0.345396     2.183

Challenge file is read: /apc/dataset/test/10fold_10K_b/fold-003.json
category      instances    precision    recall      ndcg    extender    precision    recall      ndcg    extender
----------  -----------  -----------  --------  --------  ----------  -----------  --------  --------  ----------
1                   332     0.112733  0.458084  0.272162     4.67169     0.183562  0.458084  0.346297     2.71386
2                   318     0.120616  0.410133  0.267924     3.87736     0.195659  0.410133  0.338166     2.34591
3                   350     0.122524  0.396903  0.266348     3.51429     0.199723  0.396903  0.342057     1.52571
mean               1000     0.118667  0.421422  0.268779     4.014       0.193065  0.421422  0.342228     2.181

Challenge file is read: /apc/dataset/test/10fold_10K_b/fold-004.json
category      instances    precision    recall      ndcg    extender    precision    recall      ndcg    extender
----------  -----------  -----------  --------  --------  ----------  -----------  --------  --------  ----------
1                   333     0.119201  0.444578  0.275795     3.89489     0.193565  0.444578  0.350105     2.76877
2                   341     0.136023  0.425141  0.287096     3.48094     0.207597  0.425141  0.356367     2.00293
3                   326     0.12434   0.421162  0.279396     3.91411     0.205425  0.421162  0.357408     2.06135
mean               1000     0.126613  0.430316  0.280823     3.76        0.202217  0.430316  0.354621     2.277

Challenge file is read: /apc/dataset/test/10fold_10K_b/fold-005.json
category      instances    precision    recall      ndcg    extender    precision    recall      ndcg    extender
----------  -----------  -----------  --------  --------  ----------  -----------  --------  --------  ----------
1                   300     0.148377  0.474047  0.312191     2.73        0.221266  0.474047  0.383634     1.13333
2                   360     0.141447  0.432585  0.294045     4.21389     0.217527  0.432585  0.367051     2.15278
3                   340     0.125597  0.390902  0.26521      4.10882     0.198992  0.390902  0.332502     2.58235
mean               1000     0.138137  0.430851  0.289685     3.733       0.212347  0.430851  0.360279     1.993

Challenge file is read: /apc/dataset/test/10fold_10K_b/fold-006.json
category      instances    precision    recall      ndcg    extender    precision    recall      ndcg    extender
----------  -----------  -----------  --------  --------  ----------  -----------  --------  --------  ----------
1                   352     0.127144  0.493467  0.297676     4.27841     0.203816  0.493467  0.377017     2.44602
2                   318     0.120388  0.425082  0.275241     3.36478     0.205343  0.425082  0.352559     1.60692
3                   330     0.120687  0.408742  0.265769     3.5697      0.19605   0.408742  0.341702     1.70909
mean               1000     0.122865  0.443761  0.280012     3.754       0.201739  0.443761  0.357585     1.936

Challenge file is read: /apc/dataset/test/10fold_10K_b/fold-007.json
category      instances    precision    recall      ndcg    extender    precision    recall      ndcg    extender
----------  -----------  -----------  --------  --------  ----------  -----------  --------  --------  ----------
1                   349     0.109666  0.440643  0.258852     4.72206     0.170836  0.440643  0.333312     3.45845
2                   338     0.131397  0.42018   0.281969     3.87574     0.209212  0.42018   0.35769      2.57692
3                   313     0.136324  0.426446  0.287773     3.32268     0.218281  0.426446  0.364851     1.89776
mean               1000     0.125355  0.429283  0.275718     3.998       0.198657  0.429283  0.351424     2.672

Challenge file is read: /apc/dataset/test/10fold_10K_b/fold-008.json
category      instances    precision    recall      ndcg    extender    precision    recall      ndcg    extender
----------  -----------  -----------  --------  --------  ----------  -----------  --------  --------  ----------
1                   316     0.113339  0.447162  0.273073     4.09494     0.191114  0.447162  0.347739     2.69304
2                   346     0.134405  0.436868  0.285257     4.39595     0.22049   0.436868  0.365409     2.76012
3                   338     0.126045  0.411058  0.272082     3.5355      0.205499  0.411058  0.345608     1.71893
mean               1000     0.124922  0.431397  0.276954     4.01        0.20614   0.431397  0.353132     2.387

Challenge file is read: /apc/dataset/test/10fold_10K_b/fold-009.json
category      instances    precision    recall      ndcg    extender    precision    recall      ndcg    extender
----------  -----------  -----------  --------  --------  ----------  -----------  --------  --------  ----------
1                   331     0.105701  0.435132  0.259783     3.429       0.17282   0.435132  0.324783     1.9003
2                   334     0.114503  0.402478  0.262767     4.18862     0.197384  0.402478  0.342046     2.35928
3                   335     0.113942  0.407278  0.268388     3.76418     0.202908  0.407278  0.348716     2.50149
mean               1000     0.111402  0.414895  0.263662     3.795       0.191104  0.414895  0.338566     2.255

Challenge file is read: /apc/dataset/test/10fold_10K_b/fold-010.json
category      instances    precision    recall      ndcg    extender    precision    recall      ndcg    extender
----------  -----------  -----------  --------  --------  ----------  -----------  --------  --------  ----------
1                   357     0.115436  0.44021   0.268349     4.01961     0.188894  0.44021   0.344199     2.36415
2                   329     0.119138  0.414757  0.270137     4.03647     0.206817  0.414757  0.347554     2.47112
3                   314     0.109294  0.401552  0.261117     5.09236     0.201239  0.401552  0.341541     2.93631
mean               1000     0.114726  0.419697  0.266667     4.362       0.198667  0.419697  0.344468     2.579


*** SORTER = NoSort
*** FEATURES = MPD features + Audio features + 33

Challenge file is read: /apc/dataset/test/10fold_10K_b/fold-001.json
category      instances    precision    recall      ndcg    extender    precision    recall      ndcg    extender
----------  -----------  -----------  --------  --------  ----------  -----------  --------  --------  ----------
1                   329     0.116412  0.462249  0.279257     4.63526     0.19989   0.462249  0.359893     2.80243
2                   322     0.128701  0.435835  0.286181     3.85404     0.214847  0.435835  0.366288     2.40062
3                   349     0.116251  0.403917  0.261017     3.66189     0.192536  0.403917  0.337662     1.94269
mean               1000     0.120313  0.433386  0.275121     4.044       0.20214   0.433386  0.354194     2.373

Challenge file is read: /apc/dataset/test/10fold_10K_b/fold-002.json
category      instances    precision    recall      ndcg    extender    precision    recall      ndcg    extender
----------  -----------  -----------  --------  --------  ----------  -----------  --------  --------  ----------
1                   323     0.111118  0.465868  0.275015     4.18885     0.182192  0.465868  0.348975     2.17957
2                   316     0.116252  0.40828   0.264761     4.33544     0.193428  0.40828   0.340137     2.89241
3                   361     0.128999  0.40887   0.274305     3.31025     0.205189  0.40887   0.3471       1.5928
mean               1000     0.119195  0.427094  0.271519     3.918       0.194045  0.427094  0.345505     2.193

Challenge file is read: /apc/dataset/test/10fold_10K_b/fold-003.json
category      instances    precision    recall      ndcg    extender    precision    recall      ndcg    extender
----------  -----------  -----------  --------  --------  ----------  -----------  --------  --------  ----------
1                   332     0.112733  0.458084  0.272162     4.67169     0.18238   0.458084  0.346464     2.80723
2                   318     0.120616  0.410133  0.267924     3.87736     0.188305  0.410133  0.336838     2.28616
3                   350     0.122524  0.396903  0.266348     3.51429     0.198389  0.396903  0.339857     1.43143
mean               1000     0.118667  0.421422  0.268779     4.014       0.189867  0.421422  0.34109      2.16

Challenge file is read: /apc/dataset/test/10fold_10K_b/fold-004.json
category      instances    precision    recall      ndcg    extender    precision    recall      ndcg    extender
----------  -----------  -----------  --------  --------  ----------  -----------  --------  --------  ----------
1                   333     0.119201  0.444578  0.275795     3.89489     0.191449  0.444578  0.348479     2.83483
2                   341     0.136023  0.425141  0.287096     3.48094     0.20601   0.425141  0.356719     1.97947
3                   326     0.12434   0.421162  0.279396     3.91411     0.202558  0.421162  0.355442     2.00307
mean               1000     0.126613  0.430316  0.280823     3.76        0.200036  0.430316  0.353559     2.272

Challenge file is read: /apc/dataset/test/10fold_10K_b/fold-005.json
category      instances    precision    recall      ndcg    extender    precision    recall      ndcg    extender
----------  -----------  -----------  --------  --------  ----------  -----------  --------  --------  ----------
1                   300     0.148377  0.474047  0.312191     2.73        0.2214    0.474047  0.386077     1.12667
2                   360     0.141447  0.432585  0.294045     4.21389     0.2117    0.432585  0.366651     2.10556
3                   340     0.125597  0.390902  0.26521      4.10882     0.199459  0.390902  0.332086     2.56471
mean               1000     0.138137  0.430851  0.289685     3.733       0.210448  0.430851  0.360727     1.968

Challenge file is read: /apc/dataset/test/10fold_10K_b/fold-006.json
category      instances    precision    recall      ndcg    extender    precision    recall      ndcg    extender
----------  -----------  -----------  --------  --------  ----------  -----------  --------  --------  ----------
1                   352     0.127144  0.493467  0.297676     4.27841     0.191842  0.493467  0.372471     2.44318
2                   318     0.120388  0.425082  0.275241     3.36478     0.200228  0.425082  0.351184     1.53774
3                   330     0.120687  0.408742  0.265769     3.5697      0.191977  0.408742  0.339091     1.69394
mean               1000     0.122865  0.443761  0.280012     3.754       0.194553  0.443761  0.354687     1.908

Challenge file is read: /apc/dataset/test/10fold_10K_b/fold-007.json
category      instances    precision    recall      ndcg    extender    precision    recall      ndcg    extender
----------  -----------  -----------  --------  --------  ----------  -----------  --------  --------  ----------
1                   349     0.109666  0.440643  0.258852     4.72206     0.169127  0.440643  0.330425     3.4957
2                   338     0.131397  0.42018   0.281969     3.87574     0.20858   0.42018   0.354834     2.63905
3                   313     0.136324  0.426446  0.287773     3.32268     0.219325  0.426446  0.365194     1.8722
mean               1000     0.125355  0.429283  0.275718     3.998       0.198174  0.429283  0.349558     2.698

Challenge file is read: /apc/dataset/test/10fold_10K_b/fold-008.json
category      instances    precision    recall      ndcg    extender    precision    recall      ndcg    extender
----------  -----------  -----------  --------  --------  ----------  -----------  --------  --------  ----------
1                   316     0.113339  0.447162  0.273073     4.09494     0.188965  0.447162  0.348349     2.70253
2                   346     0.134405  0.436868  0.285257     4.39595     0.217689  0.436868  0.366706     2.7052
3                   338     0.126045  0.411058  0.272082     3.5355      0.205048  0.411058  0.345287     1.73669
mean               1000     0.124922  0.431397  0.276954     4.01        0.204339  0.431397  0.353666     2.377

Challenge file is read: /apc/dataset/test/10fold_10K_b/fold-009.json
category      instances    precision    recall      ndcg    extender    precision    recall      ndcg    extender
----------  -----------  -----------  --------  --------  ----------  -----------  --------  --------  ----------
1                   331     0.105701  0.435132  0.259783     3.429       0.172481  0.435132  0.324549     1.90634
2                   334     0.114503  0.402478  0.262767     4.18862     0.195015  0.402478  0.339562     2.33832
3                   335     0.113942  0.407278  0.268388     3.76418     0.202349  0.407278  0.349107     2.51045
mean               1000     0.111402  0.414895  0.263662     3.795       0.190013  0.414895  0.33779      2.253

Challenge file is read: /apc/dataset/test/10fold_10K_b/fold-010.json
category      instances    precision    recall      ndcg    extender    precision    recall      ndcg    extender
----------  -----------  -----------  --------  --------  ----------  -----------  --------  --------  ----------
1                   357     0.115436  0.44021   0.268349     4.01961     0.186377  0.44021   0.346105     2.36975
2                   329     0.119138  0.414757  0.270137     4.03647     0.205039  0.414757  0.345984     2.51976
3                   314     0.109294  0.401552  0.261117     5.09236     0.198704  0.401552  0.340287     2.97771
mean               1000     0.114726  0.419697  0.266667     4.362       0.196388  0.419697  0.344238     2.61


*** SORTER = NoSort
*** FEATURES = MPD features + Audio features + 32

Challenge file is read: /apc/dataset/test/10fold_10K_b/fold-001.json
category      instances    precision    recall      ndcg    extender    precision    recall      ndcg    extender
----------  -----------  -----------  --------  --------  ----------  -----------  --------  --------  ----------
1                   329     0.116412  0.462249  0.279257     4.63526     0.119599  0.462249  0.285009     4.10334
2                   322     0.128701  0.435835  0.286181     3.85404     0.136542  0.435835  0.292151     3.3354
3                   349     0.116251  0.403917  0.261017     3.66189     0.119665  0.403917  0.270656     2.88252
mean               1000     0.120313  0.433386  0.275121     4.044       0.125078  0.433386  0.2823       3.43

Challenge file is read: /apc/dataset/test/10fold_10K_b/fold-002.json
category      instances    precision    recall      ndcg    extender    precision    recall      ndcg    extender
----------  -----------  -----------  --------  --------  ----------  -----------  --------  --------  ----------
1                   323     0.111118  0.465868  0.275015     4.18885     0.114946  0.465868  0.278419     3.63158
2                   316     0.116252  0.40828   0.264761     4.33544     0.121086  0.40828   0.268653     3.76582
3                   361     0.128999  0.40887   0.274305     3.31025     0.129321  0.40887   0.27524      2.27424
mean               1000     0.119195  0.427094  0.271519     3.918       0.122076  0.427094  0.274185     3.184

Challenge file is read: /apc/dataset/test/10fold_10K_b/fold-003.json
category      instances    precision    recall      ndcg    extender    precision    recall      ndcg    extender
----------  -----------  -----------  --------  --------  ----------  -----------  --------  --------  ----------
1                   332     0.112733  0.458084  0.272162     4.67169     0.107002  0.458084  0.271242     4.17169
2                   318     0.120616  0.410133  0.267924     3.87736     0.119348  0.410133  0.265882     3.35535
3                   350     0.122524  0.396903  0.266348     3.51429     0.121044  0.396903  0.266019     2.66
mean               1000     0.118667  0.421422  0.268779     4.014       0.115843  0.421422  0.267709     3.383

Challenge file is read: /apc/dataset/test/10fold_10K_b/fold-004.json
category      instances    precision    recall      ndcg    extender    precision    recall      ndcg    extender
----------  -----------  -----------  --------  --------  ----------  -----------  --------  --------  ----------
1                   333     0.119201  0.444578  0.275795     3.89489     0.112181  0.444578  0.273165     3.94895
2                   341     0.136023  0.425141  0.287096     3.48094     0.135619  0.425141  0.286032     2.88563
3                   326     0.12434   0.421162  0.279396     3.91411     0.12421   0.421162  0.284771     3.1319
mean               1000     0.126613  0.430316  0.280823     3.76        0.124095  0.430316  0.281336     3.32

Challenge file is read: /apc/dataset/test/10fold_10K_b/fold-005.json
category      instances    precision    recall      ndcg    extender    precision    recall      ndcg    extender
----------  -----------  -----------  --------  --------  ----------  -----------  --------  --------  ----------
1                   300     0.148377  0.474047  0.312191     2.73        0.138089  0.474047  0.306417     2.25
2                   360     0.141447  0.432585  0.294045     4.21389     0.148803  0.432585  0.304689     2.94167
3                   340     0.125597  0.390902  0.26521      4.10882     0.129476  0.390902  0.275344     3.36471
mean               1000     0.138137  0.430851  0.289685     3.733       0.139018  0.430851  0.29523      2.878

Challenge file is read: /apc/dataset/test/10fold_10K_b/fold-006.json
category      instances    precision    recall      ndcg    extender    precision    recall      ndcg    extender
----------  -----------  -----------  --------  --------  ----------  -----------  --------  --------  ----------
1                   352     0.127144  0.493467  0.297676     4.27841     0.122648  0.493467  0.29844      3.48864
2                   318     0.120388  0.425082  0.275241     3.36478     0.124611  0.425082  0.281285     2.71069
3                   330     0.120687  0.408742  0.265769     3.5697      0.12449   0.408742  0.270245     3.22424
mean               1000     0.122865  0.443761  0.280012     3.754       0.12388   0.443761  0.28368      3.154

Challenge file is read: /apc/dataset/test/10fold_10K_b/fold-007.json
category      instances    precision    recall      ndcg    extender    precision    recall      ndcg    extender
----------  -----------  -----------  --------  --------  ----------  -----------  --------  --------  ----------
1                   349     0.109666  0.440643  0.258852     4.72206    0.0994544  0.440643  0.259933     4.17192
2                   338     0.131397  0.42018   0.281969     3.87574    0.134348   0.42018   0.284391     3.6213
3                   313     0.136324  0.426446  0.287773     3.32268    0.143489   0.426446  0.296055     3.10543
mean               1000     0.125355  0.429283  0.275718     3.998      0.125031   0.429283  0.279506     3.652

Challenge file is read: /apc/dataset/test/10fold_10K_b/fold-008.json
category      instances    precision    recall      ndcg    extender    precision    recall      ndcg    extender
----------  -----------  -----------  --------  --------  ----------  -----------  --------  --------  ----------
1                   316     0.113339  0.447162  0.273073     4.09494     0.109778  0.447162  0.270387     3.82911
2                   346     0.134405  0.436868  0.285257     4.39595     0.13389   0.436868  0.286367     3.79191
3                   338     0.126045  0.411058  0.272082     3.5355      0.130848  0.411058  0.276776     2.87574
mean               1000     0.124922  0.431397  0.276954     4.01        0.125243  0.431397  0.278076     3.494

Challenge file is read: /apc/dataset/test/10fold_10K_b/fold-009.json
category      instances    precision    recall      ndcg    extender    precision    recall      ndcg    extender
----------  -----------  -----------  --------  --------  ----------  -----------  --------  --------  ----------
1                   331     0.105701  0.435132  0.259783     3.429       0.102656  0.435132  0.26153      3.28097
2                   334     0.114503  0.402478  0.262767     4.18862     0.11292   0.402478  0.264758     3.53593
3                   335     0.113942  0.407278  0.268388     3.76418     0.120772  0.407278  0.273862     3.27463
mean               1000     0.111402  0.414895  0.263662     3.795       0.112153  0.414895  0.266739     3.364

Challenge file is read: /apc/dataset/test/10fold_10K_b/fold-010.json
category      instances    precision    recall      ndcg    extender    precision    recall      ndcg    extender
----------  -----------  -----------  --------  --------  ----------  -----------  --------  --------  ----------
1                   357     0.115436  0.44021   0.268349     4.01961     0.114377  0.44021   0.270357     3.77031
2                   329     0.119138  0.414757  0.270137     4.03647     0.123827  0.414757  0.275183     3.42857
3                   314     0.109294  0.401552  0.261117     5.09236     0.124192  0.401552  0.268339     4.11146
mean               1000     0.114726  0.419697  0.266667     4.362       0.120568  0.419697  0.271311     3.765
