*** SORTER = GeometricMeanSort 
*** FEATURES = Lucene features

Challenge file is read: /apc/dataset/test/10fold_10K_b/fold-001.json
category      instances    precision    recall      ndcg    extender    precision    recall      ndcg    extender
----------  -----------  -----------  --------  --------  ----------  -----------  --------  --------  ----------
1                   329     0.197409  0.554308  0.397183     1.77508     0.199041  0.554308  0.397162     1.76596
2                   322     0.214278  0.521285  0.405189     2.15528     0.214486  0.521285  0.405682     2.13665
3                   349     0.194898  0.505837  0.383488     1.73639     0.193679  0.505837  0.382841     1.73066
mean               1000     0.201964  0.526758  0.394981     1.884       0.202143  0.526758  0.394907     1.873

Challenge file is read: /apc/dataset/test/10fold_10K_b/fold-002.json
category      instances    precision    recall      ndcg    extender    precision    recall      ndcg    extender
----------  -----------  -----------  --------  --------  ----------  -----------  --------  --------  ----------
1                   323     0.18184   0.547606  0.380008     2           0.179478  0.547606  0.378322     2.01238
2                   316     0.192032  0.503847  0.383893     1.87975     0.192878  0.503847  0.382718     1.81646
3                   361     0.202521  0.502385  0.388063     1.2964      0.20275   0.502385  0.387436     1.3241
mean               1000     0.192527  0.517453  0.384144     1.708       0.192114  0.517453  0.383001     1.702

Challenge file is read: /apc/dataset/test/10fold_10K_b/fold-003.json
category      instances    precision    recall      ndcg    extender    precision    recall      ndcg    extender
----------  -----------  -----------  --------  --------  ----------  -----------  --------  --------  ----------
1                   332     0.183705  0.533634  0.373696     2.18675     0.182026  0.533634  0.372051     2.21687
2                   318     0.192254  0.502036  0.377866     1.80818     0.192799  0.502036  0.377919     1.83333
3                   350     0.202509  0.491351  0.383911     1.49143     0.199955  0.491351  0.383091     1.50857
mean               1000     0.193005  0.508787  0.378597     1.823       0.191727  0.508787  0.377781     1.847

Challenge file is read: /apc/dataset/test/10fold_10K_b/fold-004.json
category      instances    precision    recall      ndcg    extender    precision    recall      ndcg    extender
----------  -----------  -----------  --------  --------  ----------  -----------  --------  --------  ----------
1                   333     0.191286  0.52681   0.385655     2.10811     0.193968  0.52681   0.385503     2.08709
2                   341     0.207454  0.517709  0.396784     1.56012     0.207548  0.517709  0.396709     1.56305
3                   326     0.202842  0.514513  0.399601     1.42638     0.202006  0.514513  0.399278     1.40491
mean               1000     0.200567  0.519698  0.393997     1.699       0.20122   0.519698  0.393815     1.686

Challenge file is read: /apc/dataset/test/10fold_10K_b/fold-005.json
category      instances    precision    recall      ndcg    extender    precision    recall      ndcg    extender
----------  -----------  -----------  --------  --------  ----------  -----------  --------  --------  ----------
1                   300     0.217027  0.550121  0.415199     1.09667     0.219076  0.550121  0.415119     1.10667
2                   360     0.221094  0.524923  0.409004     2.06944     0.220143  0.524923  0.409023     2.1
3                   340     0.200195  0.492607  0.379504     1.83529     0.200634  0.492607  0.379258     1.85882
mean               1000     0.212768  0.521495  0.400832     1.698       0.21319   0.521495  0.400732     1.72

Challenge file is read: /apc/dataset/test/10fold_10K_b/fold-006.json
category      instances    precision    recall      ndcg    extender    precision    recall      ndcg    extender
----------  -----------  -----------  --------  --------  ----------  -----------  --------  --------  ----------
1                   352     0.198294  0.573005  0.406775     1.75        0.199521  0.573005  0.406647     1.75284
2                   318     0.199882  0.524341  0.393424     1.50943     0.200028  0.524341  0.39424      1.51887
3                   330     0.192237  0.508017  0.384666     1.64242     0.193845  0.508017  0.384712     1.66667
mean               1000     0.1968    0.536084  0.395233     1.638       0.197809  0.536084  0.395463     1.65

Challenge file is read: /apc/dataset/test/10fold_10K_b/fold-007.json
category      instances    precision    recall      ndcg    extender    precision    recall      ndcg    extender
----------  -----------  -----------  --------  --------  ----------  -----------  --------  --------  ----------
1                   349     0.173283  0.530928  0.367922     2.77937     0.173748  0.530928  0.367612     2.81375
2                   338     0.208711  0.51739   0.40061      2.10059     0.209427  0.51739   0.400583     2.09467
3                   313     0.222104  0.526465  0.411193     1.20447     0.221403  0.526465  0.411126     1.22684
mean               1000     0.200539  0.524955  0.392514     2.057       0.200723  0.524955  0.392376     2.074

Challenge file is read: /apc/dataset/test/10fold_10K_b/fold-008.json
category      instances    precision    recall      ndcg    extender    precision    recall      ndcg    extender
----------  -----------  -----------  --------  --------  ----------  -----------  --------  --------  ----------
1                   316     0.186806  0.543337  0.386257     2.22152     0.187401  0.543337  0.38519      2.2057
2                   346     0.214621  0.519705  0.399492     2.34682     0.214152  0.519705  0.399512     2.36127
3                   338     0.208351  0.515086  0.391332     1.68343     0.207828  0.515086  0.390697     1.66568
mean               1000     0.203712  0.525612  0.392551     2.083       0.203561  0.525612  0.392007     2.077

Challenge file is read: /apc/dataset/test/10fold_10K_b/fold-009.json
category      instances    precision    recall      ndcg    extender    precision    recall      ndcg    extender
----------  -----------  -----------  --------  --------  ----------  -----------  --------  --------  ----------
1                   331     0.169359  0.515649  0.355437     1.59819     0.16947   0.515649  0.355977     1.60725
2                   334     0.196515  0.510247  0.3871       1.86527     0.196441  0.510247  0.387409     1.89521
3                   335     0.203474  0.509942  0.396762     1.94627     0.202293  0.509942  0.396672     1.93433
mean               1000     0.189858  0.511933  0.379857     1.804       0.189474  0.511933  0.380108     1.813

Challenge file is read: /apc/dataset/test/10fold_10K_b/fold-010.json
category      instances    precision    recall      ndcg    extender    precision    recall      ndcg    extender
----------  -----------  -----------  --------  --------  ----------  -----------  --------  --------  ----------
1                   357     0.188956  0.53429   0.38535      1.81513     0.189009  0.53429   0.38466      1.87395
2                   329     0.205684  0.507115  0.386143     1.8693      0.203905  0.507115  0.386292     1.89666
3                   314     0.195154  0.496885  0.379985     2.45223     0.195128  0.496885  0.380051     2.47134
mean               1000     0.196406  0.513604  0.383926     2.033       0.195831  0.513604  0.38375      2.069


*** SORTER = GeometricMeanSort
*** FEATURES = MPD features + Lucene features

Challenge file is read: /apc/dataset/test/10fold_10K_b/fold-001.json
category      instances    precision    recall      ndcg    extender    precision    recall      ndcg    extender
----------  -----------  -----------  --------  --------  ----------  -----------  --------  --------  ----------
1                   329     0.197409  0.554308  0.397183     1.77508     0.204401  0.554308  0.400661     1.71733
2                   322     0.214278  0.521285  0.405189     2.15528     0.216859  0.521285  0.408991     2.08075
3                   349     0.194898  0.505837  0.383488     1.73639     0.200866  0.505837  0.386819     1.73352
mean               1000     0.201964  0.526758  0.394981     1.884       0.207179  0.526758  0.398512     1.84

Challenge file is read: /apc/dataset/test/10fold_10K_b/fold-002.json
category      instances    precision    recall      ndcg    extender    precision    recall      ndcg    extender
----------  -----------  -----------  --------  --------  ----------  -----------  --------  --------  ----------
1                   323     0.18184   0.547606  0.380008     2           0.188707  0.547606  0.383361     1.93189
2                   316     0.192032  0.503847  0.383893     1.87975     0.194501  0.503847  0.38536      1.86392
3                   361     0.202521  0.502385  0.388063     1.2964      0.207672  0.502385  0.392061     1.32687
mean               1000     0.192527  0.517453  0.384144     1.708       0.197384  0.517453  0.387133     1.692

Challenge file is read: /apc/dataset/test/10fold_10K_b/fold-003.json
category      instances    precision    recall      ndcg    extender    precision    recall      ndcg    extender
----------  -----------  -----------  --------  --------  ----------  -----------  --------  --------  ----------
1                   332     0.183705  0.533634  0.373696     2.18675     0.18534   0.533634  0.376635     2.14157
2                   318     0.192254  0.502036  0.377866     1.80818     0.195178  0.502036  0.380956     1.74214
3                   350     0.202509  0.491351  0.383911     1.49143     0.204246  0.491351  0.386897     1.41429
mean               1000     0.193005  0.508787  0.378597     1.823       0.195085  0.508787  0.381601     1.76

Challenge file is read: /apc/dataset/test/10fold_10K_b/fold-004.json
category      instances    precision    recall      ndcg    extender    precision    recall      ndcg    extender
----------  -----------  -----------  --------  --------  ----------  -----------  --------  --------  ----------
1                   333     0.191286  0.52681   0.385655     2.10811     0.196151  0.52681   0.387142     2.08709
2                   341     0.207454  0.517709  0.396784     1.56012     0.209679  0.517709  0.398862     1.45455
3                   326     0.202842  0.514513  0.399601     1.42638     0.20818   0.514513  0.402029     1.35276
mean               1000     0.200567  0.519698  0.393997     1.699       0.204685  0.519698  0.395992     1.632

Challenge file is read: /apc/dataset/test/10fold_10K_b/fold-005.json
category      instances    precision    recall      ndcg    extender    precision    recall      ndcg    extender
----------  -----------  -----------  --------  --------  ----------  -----------  --------  --------  ----------
1                   300     0.217027  0.550121  0.415199     1.09667     0.225834  0.550121  0.419951     1.00333
2                   360     0.221094  0.524923  0.409004     2.06944     0.222943  0.524923  0.411314     2.01667
3                   340     0.200195  0.492607  0.379504     1.83529     0.202701  0.492607  0.380747     1.94706
mean               1000     0.212768  0.521495  0.400832     1.698       0.216928  0.521495  0.403512     1.689

Challenge file is read: /apc/dataset/test/10fold_10K_b/fold-006.json
category      instances    precision    recall      ndcg    extender    precision    recall      ndcg    extender
----------  -----------  -----------  --------  --------  ----------  -----------  --------  --------  ----------
1                   352     0.198294  0.573005  0.406775     1.75        0.20571   0.573005  0.409964     1.72443
2                   318     0.199882  0.524341  0.393424     1.50943     0.207495  0.524341  0.399992     1.51258
3                   330     0.192237  0.508017  0.384666     1.64242     0.199642  0.508017  0.389005     1.60606
mean               1000     0.1968    0.536084  0.395233     1.638       0.204275  0.536084  0.399876     1.618

Challenge file is read: /apc/dataset/test/10fold_10K_b/fold-007.json
category      instances    precision    recall      ndcg    extender    precision    recall      ndcg    extender
----------  -----------  -----------  --------  --------  ----------  -----------  --------  --------  ----------
1                   349     0.173283  0.530928  0.367922     2.77937     0.173444  0.530928  0.371326     2.60172
2                   338     0.208711  0.51739   0.40061      2.10059     0.211453  0.51739   0.40291      2.08284
3                   313     0.222104  0.526465  0.411193     1.20447     0.225672  0.526465  0.413655     1.1853
mean               1000     0.200539  0.524955  0.392514     2.057       0.202638  0.524955  0.395251     1.983

Challenge file is read: /apc/dataset/test/10fold_10K_b/fold-008.json
category      instances    precision    recall      ndcg    extender    precision    recall      ndcg    extender
----------  -----------  -----------  --------  --------  ----------  -----------  --------  --------  ----------
1                   316     0.186806  0.543337  0.386257     2.22152     0.195087  0.543337  0.391031     1.97152
2                   346     0.214621  0.519705  0.399492     2.34682     0.218106  0.519705  0.402412     2.41329
3                   338     0.208351  0.515086  0.391332     1.68343     0.209679  0.515086  0.394198     1.58876
mean               1000     0.203712  0.525612  0.392551     2.083       0.207984  0.525612  0.396039     1.995

Challenge file is read: /apc/dataset/test/10fold_10K_b/fold-009.json
category      instances    precision    recall      ndcg    extender    precision    recall      ndcg    extender
----------  -----------  -----------  --------  --------  ----------  -----------  --------  --------  ----------
1                   331     0.169359  0.515649  0.355437     1.59819     0.171832  0.515649  0.357752     1.60423
2                   334     0.196515  0.510247  0.3871       1.86527     0.202567  0.510247  0.391731     1.85928
3                   335     0.203474  0.509942  0.396762     1.94627     0.20578   0.509942  0.398631     1.93134
mean               1000     0.189858  0.511933  0.379857     1.804       0.19347   0.511933  0.382795     1.799

Challenge file is read: /apc/dataset/test/10fold_10K_b/fold-010.json
category      instances    precision    recall      ndcg    extender    precision    recall      ndcg    extender
----------  -----------  -----------  --------  --------  ----------  -----------  --------  --------  ----------
1                   357     0.188956  0.53429   0.38535      1.81513     0.19384   0.53429   0.387112     1.59944
2                   329     0.205684  0.507115  0.386143     1.8693      0.211486  0.507115  0.390128     1.72644
3                   314     0.195154  0.496885  0.379985     2.45223     0.202944  0.496885  0.384998     2.50318
mean               1000     0.196406  0.513604  0.383926     2.033       0.202504  0.513604  0.38744      1.925


*** SORTER = GeometricMeanSort
*** FEATURES = Audio features + Lucene features

Challenge file is read: /apc/dataset/test/10fold_10K_b/fold-001.json
category      instances    precision    recall      ndcg    extender    precision    recall      ndcg    extender
----------  -----------  -----------  --------  --------  ----------  -----------  --------  --------  ----------
1                   329     0.197409  0.554308  0.397183     1.77508     0.197816  0.554308  0.398815     1.77812
2                   322     0.214278  0.521285  0.405189     2.15528     0.214179  0.521285  0.405247     2.07764
3                   349     0.194898  0.505837  0.383488     1.73639     0.196775  0.505837  0.383455     1.67908
mean               1000     0.201964  0.526758  0.394981     1.884       0.202722  0.526758  0.395526     1.84

Challenge file is read: /apc/dataset/test/10fold_10K_b/fold-002.json
category      instances    precision    recall      ndcg    extender    precision    recall      ndcg    extender
----------  -----------  -----------  --------  --------  ----------  -----------  --------  --------  ----------
1                   323     0.18184   0.547606  0.380008     2           0.182172  0.547606  0.378564     1.99071
2                   316     0.192032  0.503847  0.383893     1.87975     0.192029  0.503847  0.383321     1.83544
3                   361     0.202521  0.502385  0.388063     1.2964      0.20342   0.502385  0.388289     1.32964
mean               1000     0.192527  0.517453  0.384144     1.708       0.192958  0.517453  0.383578     1.703

Challenge file is read: /apc/dataset/test/10fold_10K_b/fold-003.json
category      instances    precision    recall      ndcg    extender    precision    recall      ndcg    extender
----------  -----------  -----------  --------  --------  ----------  -----------  --------  --------  ----------
1                   332     0.183705  0.533634  0.373696     2.18675     0.182682  0.533634  0.372614     2.21988
2                   318     0.192254  0.502036  0.377866     1.80818     0.193736  0.502036  0.378024     1.81447
3                   350     0.202509  0.491351  0.383911     1.49143     0.201241  0.491351  0.383882     1.47429
mean               1000     0.193005  0.508787  0.378597     1.823       0.192693  0.508787  0.378278     1.83

Challenge file is read: /apc/dataset/test/10fold_10K_b/fold-004.json
category      instances    precision    recall      ndcg    extender    precision    recall      ndcg    extender
----------  -----------  -----------  --------  --------  ----------  -----------  --------  --------  ----------
1                   333     0.191286  0.52681   0.385655     2.10811     0.191416  0.52681   0.384161     2.10811
2                   341     0.207454  0.517709  0.396784     1.56012     0.207229  0.517709  0.396332     1.53959
3                   326     0.202842  0.514513  0.399601     1.42638     0.201946  0.514513  0.397753     1.39877
mean               1000     0.200567  0.519698  0.393997     1.699       0.200241  0.519698  0.392743     1.683

Challenge file is read: /apc/dataset/test/10fold_10K_b/fold-005.json
category      instances    precision    recall      ndcg    extender    precision    recall      ndcg    extender
----------  -----------  -----------  --------  --------  ----------  -----------  --------  --------  ----------
1                   300     0.217027  0.550121  0.415199     1.09667     0.21812   0.550121  0.416187     1.08333
2                   360     0.221094  0.524923  0.409004     2.06944     0.220194  0.524923  0.409816     2.10556
3                   340     0.200195  0.492607  0.379504     1.83529     0.202489  0.492607  0.379922     1.90882
mean               1000     0.212768  0.521495  0.400832     1.698       0.213552  0.521495  0.401563     1.732

Challenge file is read: /apc/dataset/test/10fold_10K_b/fold-006.json
category      instances    precision    recall      ndcg    extender    precision    recall      ndcg    extender
----------  -----------  -----------  --------  --------  ----------  -----------  --------  --------  ----------
1                   352     0.198294  0.573005  0.406775     1.75        0.195109  0.573005  0.405253     1.80398
2                   318     0.199882  0.524341  0.393424     1.50943     0.198078  0.524341  0.392513     1.50943
3                   330     0.192237  0.508017  0.384666     1.64242     0.19166   0.508017  0.38474      1.65152
mean               1000     0.1968    0.536084  0.395233     1.638       0.194915  0.536084  0.394433     1.66

Challenge file is read: /apc/dataset/test/10fold_10K_b/fold-007.json
category      instances    precision    recall      ndcg    extender    precision    recall      ndcg    extender
----------  -----------  -----------  --------  --------  ----------  -----------  --------  --------  ----------
1                   349     0.173283  0.530928  0.367922     2.77937     0.171597  0.530928  0.366793     2.74499
2                   338     0.208711  0.51739   0.40061      2.10059     0.208077  0.51739   0.40017      2.09763
3                   313     0.222104  0.526465  0.411193     1.20447     0.221986  0.526465  0.409935     1.22684
mean               1000     0.200539  0.524955  0.392514     2.057       0.199699  0.524955  0.391578     2.051

Challenge file is read: /apc/dataset/test/10fold_10K_b/fold-008.json
category      instances    precision    recall      ndcg    extender    precision    recall      ndcg    extender
----------  -----------  -----------  --------  --------  ----------  -----------  --------  --------  ----------
1                   316     0.186806  0.543337  0.386257     2.22152     0.185888  0.543337  0.383849     2.24367
2                   346     0.214621  0.519705  0.399492     2.34682     0.215071  0.519705  0.398137     2.44509
3                   338     0.208351  0.515086  0.391332     1.68343     0.206514  0.515086  0.390262     1.59467
mean               1000     0.203712  0.525612  0.392551     2.083       0.202957  0.525612  0.39096      2.094

Challenge file is read: /apc/dataset/test/10fold_10K_b/fold-009.json
category      instances    precision    recall      ndcg    extender    precision    recall      ndcg    extender
----------  -----------  -----------  --------  --------  ----------  -----------  --------  --------  ----------
1                   331     0.169359  0.515649  0.355437     1.59819     0.169591  0.515649  0.355903     1.63444
2                   334     0.196515  0.510247  0.3871       1.86527     0.197818  0.510247  0.387666     1.85329
3                   335     0.203474  0.509942  0.396762     1.94627     0.202363  0.509942  0.396642     1.92836
mean               1000     0.189858  0.511933  0.379857     1.804       0.189997  0.511933  0.380159     1.806

Challenge file is read: /apc/dataset/test/10fold_10K_b/fold-010.json
category      instances    precision    recall      ndcg    extender    precision    recall      ndcg    extender
----------  -----------  -----------  --------  --------  ----------  -----------  --------  --------  ----------
1                   357     0.188956  0.53429   0.38535      1.81513     0.190253  0.53429   0.384892     1.77591
2                   329     0.205684  0.507115  0.386143     1.8693      0.207135  0.507115  0.386507     1.87234
3                   314     0.195154  0.496885  0.379985     2.45223     0.196074  0.496885  0.380231     2.45223
mean               1000     0.196406  0.513604  0.383926     2.033       0.197635  0.513604  0.38396      2.02


*** SORTER = GeometricMeanSort
*** FEATURES = All features

Challenge file is read: /apc/dataset/test/10fold_10K_b/fold-001.json
category      instances    precision    recall      ndcg    extender    precision    recall      ndcg    extender
----------  -----------  -----------  --------  --------  ----------  -----------  --------  --------  ----------
1                   329     0.197409  0.554308  0.397183     1.77508     0.202684  0.554308  0.400293     1.72644
2                   322     0.214278  0.521285  0.405189     2.15528     0.217585  0.521285  0.408124     2.08696
3                   349     0.194898  0.505837  0.383488     1.73639     0.197087  0.505837  0.386404     1.73639
mean               1000     0.201964  0.526758  0.394981     1.884       0.205529  0.526758  0.397968     1.846

Challenge file is read: /apc/dataset/test/10fold_10K_b/fold-002.json
category      instances    precision    recall      ndcg    extender    precision    recall      ndcg    extender
----------  -----------  -----------  --------  --------  ----------  -----------  --------  --------  ----------
1                   323     0.18184   0.547606  0.380008     2           0.189793  0.547606  0.382831     1.94427
2                   316     0.192032  0.503847  0.383893     1.87975     0.194911  0.503847  0.386034     1.84177
3                   361     0.202521  0.502385  0.388063     1.2964      0.209756  0.502385  0.393004     1.3518
mean               1000     0.192527  0.517453  0.384144     1.708       0.198617  0.517453  0.387515     1.698

Challenge file is read: /apc/dataset/test/10fold_10K_b/fold-003.json
category      instances    precision    recall      ndcg    extender    precision    recall      ndcg    extender
----------  -----------  -----------  --------  --------  ----------  -----------  --------  --------  ----------
1                   332     0.183705  0.533634  0.373696     2.18675     0.188921  0.533634  0.376697     2.1988
2                   318     0.192254  0.502036  0.377866     1.80818     0.196972  0.502036  0.381859     1.73585
3                   350     0.202509  0.491351  0.383911     1.49143     0.203032  0.491351  0.385928     1.44571
mean               1000     0.193005  0.508787  0.378597     1.823       0.19642   0.508787  0.381569     1.788

Challenge file is read: /apc/dataset/test/10fold_10K_b/fold-004.json
category      instances    precision    recall      ndcg    extender    precision    recall      ndcg    extender
----------  -----------  -----------  --------  --------  ----------  -----------  --------  --------  ----------
1                   333     0.191286  0.52681   0.385655     2.10811     0.195985  0.52681   0.388207     2.03904
2                   341     0.207454  0.517709  0.396784     1.56012     0.213651  0.517709  0.40031      1.46921
3                   326     0.202842  0.514513  0.399601     1.42638     0.207573  0.514513  0.40257      1.35583
mean               1000     0.200567  0.519698  0.393997     1.699       0.205787  0.519698  0.397016     1.622

Challenge file is read: /apc/dataset/test/10fold_10K_b/fold-005.json
category      instances    precision    recall      ndcg    extender    precision    recall      ndcg    extender
----------  -----------  -----------  --------  --------  ----------  -----------  --------  --------  ----------
1                   300     0.217027  0.550121  0.415199     1.09667     0.225227  0.550121  0.421256     1
2                   360     0.221094  0.524923  0.409004     2.06944     0.224733  0.524923  0.412866     1.95833
3                   340     0.200195  0.492607  0.379504     1.83529     0.203859  0.492607  0.381224     2.00588
mean               1000     0.212768  0.521495  0.400832     1.698       0.217784  0.521495  0.404625     1.687

Challenge file is read: /apc/dataset/test/10fold_10K_b/fold-006.json
category      instances    precision    recall      ndcg    extender    precision    recall      ndcg    extender
----------  -----------  -----------  --------  --------  ----------  -----------  --------  --------  ----------
1                   352     0.198294  0.573005  0.406775     1.75        0.204013  0.573005  0.410272     1.75
2                   318     0.199882  0.524341  0.393424     1.50943     0.208098  0.524341  0.39952      1.49371
3                   330     0.192237  0.508017  0.384666     1.64242     0.197053  0.508017  0.387924     1.61212
mean               1000     0.1968    0.536084  0.395233     1.638       0.203015  0.536084  0.399478     1.623

Challenge file is read: /apc/dataset/test/10fold_10K_b/fold-007.json
category      instances    precision    recall      ndcg    extender    precision    recall      ndcg    extender
----------  -----------  -----------  --------  --------  ----------  -----------  --------  --------  ----------
1                   349     0.173283  0.530928  0.367922     2.77937     0.174389  0.530928  0.370482     2.61032
2                   338     0.208711  0.51739   0.40061      2.10059     0.210948  0.51739   0.40184      2.09467
3                   313     0.222104  0.526465  0.411193     1.20447     0.224576  0.526465  0.413249     1.18211
mean               1000     0.200539  0.524955  0.392514     2.057       0.202454  0.524955  0.394467     1.989

Challenge file is read: /apc/dataset/test/10fold_10K_b/fold-008.json
category      instances    precision    recall      ndcg    extender    precision    recall      ndcg    extender
----------  -----------  -----------  --------  --------  ----------  -----------  --------  --------  ----------
1                   316     0.186806  0.543337  0.386257     2.22152     0.194595  0.543337  0.389843     2.00949
2                   346     0.214621  0.519705  0.399492     2.34682     0.21737   0.519705  0.402176     2.40173
3                   338     0.208351  0.515086  0.391332     1.68343     0.208761  0.515086  0.39322      1.57396
mean               1000     0.203712  0.525612  0.392551     2.083       0.207263  0.525612  0.395252     1.998

Challenge file is read: /apc/dataset/test/10fold_10K_b/fold-009.json
category      instances    precision    recall      ndcg    extender    precision    recall      ndcg    extender
----------  -----------  -----------  --------  --------  ----------  -----------  --------  --------  ----------
1                   331     0.169359  0.515649  0.355437     1.59819     0.173276  0.515649  0.357428     1.571
2                   334     0.196515  0.510247  0.3871       1.86527     0.203472  0.510247  0.391799     1.86826
3                   335     0.203474  0.509942  0.396762     1.94627     0.205126  0.509942  0.399333     1.92836
mean               1000     0.189858  0.511933  0.379857     1.804       0.194031  0.511933  0.382946     1.79

Challenge file is read: /apc/dataset/test/10fold_10K_b/fold-010.json
category      instances    precision    recall      ndcg    extender    precision    recall      ndcg    extender
----------  -----------  -----------  --------  --------  ----------  -----------  --------  --------  ----------
1                   357     0.188956  0.53429   0.38535      1.81513     0.193113  0.53429   0.386698     1.60784
2                   329     0.205684  0.507115  0.386143     1.8693      0.211125  0.507115  0.389333     1.73252
3                   314     0.195154  0.496885  0.379985     2.45223     0.203645  0.496885  0.38494      2.47452
mean               1000     0.196406  0.513604  0.383926     2.033       0.202346  0.513604  0.387013     1.921


*** SORTER = GeometricMeanSort
*** FEATURES = 34 only

Challenge file is read: /apc/dataset/test/10fold_10K_b/fold-001.json
category      instances    precision    recall      ndcg    extender    precision    recall      ndcg    extender
----------  -----------  -----------  --------  --------  ----------  -----------  --------  --------  ----------
1                   329     0.197409  0.554308  0.397183     1.77508     0.196073  0.554308  0.393194     1.77812
2                   322     0.214278  0.521285  0.405189     2.15528     0.215413  0.521285  0.404915     2.12422
3                   349     0.194898  0.505837  0.383488     1.73639     0.196092  0.505837  0.382744     1.74785
mean               1000     0.201964  0.526758  0.394981     1.884       0.202307  0.526758  0.393321     1.879

Challenge file is read: /apc/dataset/test/10fold_10K_b/fold-002.json
category      instances    precision    recall      ndcg    extender    precision    recall      ndcg    extender
----------  -----------  -----------  --------  --------  ----------  -----------  --------  --------  ----------
1                   323     0.18184   0.547606  0.380008     2           0.180286  0.547606  0.375794     1.95975
2                   316     0.192032  0.503847  0.383893     1.87975     0.191926  0.503847  0.38375      1.86392
3                   361     0.202521  0.502385  0.388063     1.2964      0.202642  0.502385  0.387036     1.30748
mean               1000     0.192527  0.517453  0.384144     1.708       0.192034  0.517453  0.382366     1.694

Challenge file is read: /apc/dataset/test/10fold_10K_b/fold-003.json
category      instances    precision    recall      ndcg    extender    precision    recall      ndcg    extender
----------  -----------  -----------  --------  --------  ----------  -----------  --------  --------  ----------
1                   332     0.183705  0.533634  0.373696     2.18675     0.181298  0.533634  0.370192     2.18373
2                   318     0.192254  0.502036  0.377866     1.80818     0.192062  0.502036  0.376883     1.83333
3                   350     0.202509  0.491351  0.383911     1.49143     0.20202   0.491351  0.383127     1.46286
mean               1000     0.193005  0.508787  0.378597     1.823       0.191974  0.508787  0.376847     1.82

Challenge file is read: /apc/dataset/test/10fold_10K_b/fold-004.json
category      instances    precision    recall      ndcg    extender    precision    recall      ndcg    extender
----------  -----------  -----------  --------  --------  ----------  -----------  --------  --------  ----------
1                   333     0.191286  0.52681   0.385655     2.10811     0.192152  0.52681   0.382834     2.11712
2                   341     0.207454  0.517709  0.396784     1.56012     0.208679  0.517709  0.395382     1.57771
3                   326     0.202842  0.514513  0.399601     1.42638     0.203677  0.514513  0.399702     1.42025
mean               1000     0.200567  0.519698  0.393997     1.699       0.201545  0.519698  0.392612     1.706

Challenge file is read: /apc/dataset/test/10fold_10K_b/fold-005.json
category      instances    precision    recall      ndcg    extender    precision    recall      ndcg    extender
----------  -----------  -----------  --------  --------  ----------  -----------  --------  --------  ----------
1                   300     0.217027  0.550121  0.415199     1.09667     0.211813  0.550121  0.408863     1.10333
2                   360     0.221094  0.524923  0.409004     2.06944     0.218787  0.524923  0.406353     2.03889
3                   340     0.200195  0.492607  0.379504     1.83529     0.199331  0.492607  0.378849     1.83529
mean               1000     0.212768  0.521495  0.400832     1.698       0.21008   0.521495  0.397755     1.689

Challenge file is read: /apc/dataset/test/10fold_10K_b/fold-006.json
category      instances    precision    recall      ndcg    extender    precision    recall      ndcg    extender
----------  -----------  -----------  --------  --------  ----------  -----------  --------  --------  ----------
1                   352     0.198294  0.573005  0.406775     1.75        0.198442  0.573005  0.405523     1.77841
2                   318     0.199882  0.524341  0.393424     1.50943     0.199719  0.524341  0.392308     1.50314
3                   330     0.192237  0.508017  0.384666     1.64242     0.19142   0.508017  0.384931     1.63939
mean               1000     0.1968    0.536084  0.395233     1.638       0.196531  0.536084  0.394525     1.645

Challenge file is read: /apc/dataset/test/10fold_10K_b/fold-007.json
category      instances    precision    recall      ndcg    extender    precision    recall      ndcg    extender
----------  -----------  -----------  --------  --------  ----------  -----------  --------  --------  ----------
1                   349     0.173283  0.530928  0.367922     2.77937     0.171697  0.530928  0.365416     2.77077
2                   338     0.208711  0.51739   0.40061      2.10059     0.207483  0.51739   0.399914     2.10651
3                   313     0.222104  0.526465  0.411193     1.20447     0.221895  0.526465  0.411927     1.20128
mean               1000     0.200539  0.524955  0.392514     2.057       0.199504  0.524955  0.391634     2.055

Challenge file is read: /apc/dataset/test/10fold_10K_b/fold-008.json
category      instances    precision    recall      ndcg    extender    precision    recall      ndcg    extender
----------  -----------  -----------  --------  --------  ----------  -----------  --------  --------  ----------
1                   316     0.186806  0.543337  0.386257     2.22152     0.1869    0.543337  0.384335     2.24051
2                   346     0.214621  0.519705  0.399492     2.34682     0.215947  0.519705  0.398906     2.32081
3                   338     0.208351  0.515086  0.391332     1.68343     0.207297  0.515086  0.391407     1.68935
mean               1000     0.203712  0.525612  0.392551     2.083       0.203845  0.525612  0.391767     2.082

Challenge file is read: /apc/dataset/test/10fold_10K_b/fold-009.json
category      instances    precision    recall      ndcg    extender    precision    recall      ndcg    extender
----------  -----------  -----------  --------  --------  ----------  -----------  --------  --------  ----------
1                   331     0.169359  0.515649  0.355437     1.59819     0.170039  0.515649  0.354273     1.62538
2                   334     0.196515  0.510247  0.3871       1.86527     0.194428  0.510247  0.385721     1.85329
3                   335     0.203474  0.509942  0.396762     1.94627     0.204414  0.509942  0.396584     1.92239
mean               1000     0.189858  0.511933  0.379857     1.804       0.189701  0.511933  0.378951     1.801

Challenge file is read: /apc/dataset/test/10fold_10K_b/fold-010.json
category      instances    precision    recall      ndcg    extender    precision    recall      ndcg    extender
----------  -----------  -----------  --------  --------  ----------  -----------  --------  --------  ----------
1                   357     0.188956  0.53429   0.38535      1.81513     0.185629  0.53429   0.381487     1.77031
2                   329     0.205684  0.507115  0.386143     1.8693      0.206212  0.507115  0.385854     1.86018
3                   314     0.195154  0.496885  0.379985     2.45223     0.195494  0.496885  0.379994     2.45223
mean               1000     0.196406  0.513604  0.383926     2.033       0.195499  0.513604  0.382455     2.014


*** SORTER = GeometricMeanSort
*** FEATURES = MPD features + Audio features + 30, 31, 32

Challenge file is read: /apc/dataset/test/10fold_10K_b/fold-001.json
category      instances    precision    recall      ndcg    extender    precision    recall      ndcg    extender
----------  -----------  -----------  --------  --------  ----------  -----------  --------  --------  ----------
1                   329     0.197409  0.554308  0.397183     1.77508     0.197156  0.554308  0.397122     1.7234
2                   322     0.214278  0.521285  0.405189     2.15528     0.217838  0.521285  0.407832     2.07764
3                   349     0.194898  0.505837  0.383488     1.73639     0.200457  0.505837  0.384767     1.71633
mean               1000     0.201964  0.526758  0.394981     1.884       0.204968  0.526758  0.396259     1.835

Challenge file is read: /apc/dataset/test/10fold_10K_b/fold-002.json
category      instances    precision    recall      ndcg    extender    precision    recall      ndcg    extender
----------  -----------  -----------  --------  --------  ----------  -----------  --------  --------  ----------
1                   323     0.18184   0.547606  0.380008     2           0.1879    0.547606  0.381634     1.9195
2                   316     0.192032  0.503847  0.383893     1.87975     0.194807  0.503847  0.384405     1.83228
3                   361     0.202521  0.502385  0.388063     1.2964      0.205309  0.502385  0.389735     1.31579
mean               1000     0.192527  0.517453  0.384144     1.708       0.196367  0.517453  0.385434     1.674

Challenge file is read: /apc/dataset/test/10fold_10K_b/fold-003.json
category      instances    precision    recall      ndcg    extender    precision    recall      ndcg    extender
----------  -----------  -----------  --------  --------  ----------  -----------  --------  --------  ----------
1                   332     0.183705  0.533634  0.373696     2.18675     0.187206  0.533634  0.374698     2.16566
2                   318     0.192254  0.502036  0.377866     1.80818     0.196095  0.502036  0.378891     1.71698
3                   350     0.202509  0.491351  0.383911     1.49143     0.203571  0.491351  0.386134     1.43714
mean               1000     0.193005  0.508787  0.378597     1.823       0.19576   0.508787  0.380034     1.768

Challenge file is read: /apc/dataset/test/10fold_10K_b/fold-004.json
category      instances    precision    recall      ndcg    extender    precision    recall      ndcg    extender
----------  -----------  -----------  --------  --------  ----------  -----------  --------  --------  ----------
1                   333     0.191286  0.52681   0.385655     2.10811     0.195673  0.52681   0.385812     2.04505
2                   341     0.207454  0.517709  0.396784     1.56012     0.209731  0.517709  0.397456     1.48094
3                   326     0.202842  0.514513  0.399601     1.42638     0.209833  0.514513  0.40012      1.33436
mean               1000     0.200567  0.519698  0.393997     1.699       0.205083  0.519698  0.394447     1.621

Challenge file is read: /apc/dataset/test/10fold_10K_b/fold-005.json
category      instances    precision    recall      ndcg    extender    precision    recall      ndcg    extender
----------  -----------  -----------  --------  --------  ----------  -----------  --------  --------  ----------
1                   300     0.217027  0.550121  0.415199     1.09667     0.224689  0.550121  0.417305     1
2                   360     0.221094  0.524923  0.409004     2.06944     0.224672  0.524923  0.41036      1.98611
3                   340     0.200195  0.492607  0.379504     1.83529     0.203289  0.492607  0.379924     1.98529
mean               1000     0.212768  0.521495  0.400832     1.698       0.217407  0.521495  0.402095     1.69

Challenge file is read: /apc/dataset/test/10fold_10K_b/fold-006.json
category      instances    precision    recall      ndcg    extender    precision    recall      ndcg    extender
----------  -----------  -----------  --------  --------  ----------  -----------  --------  --------  ----------
1                   352     0.198294  0.573005  0.406775     1.75        0.201926  0.573005  0.407712     1.75568
2                   318     0.199882  0.524341  0.393424     1.50943     0.20529   0.524341  0.396498     1.48113
3                   330     0.192237  0.508017  0.384666     1.64242     0.198888  0.508017  0.387007     1.62424
mean               1000     0.1968    0.536084  0.395233     1.638       0.201993  0.536084  0.397313     1.625

Challenge file is read: /apc/dataset/test/10fold_10K_b/fold-007.json
category      instances    precision    recall      ndcg    extender    precision    recall      ndcg    extender
----------  -----------  -----------  --------  --------  ----------  -----------  --------  --------  ----------
1                   349     0.173283  0.530928  0.367922     2.77937     0.174366  0.530928  0.367966     2.61605
2                   338     0.208711  0.51739   0.40061      2.10059     0.211449  0.51739   0.39981      2.09763
3                   313     0.222104  0.526465  0.411193     1.20447     0.22426   0.526465  0.411203     1.19169
mean               1000     0.200539  0.524955  0.392514     2.057       0.202517  0.524955  0.392262     1.995

Challenge file is read: /apc/dataset/test/10fold_10K_b/fold-008.json
category      instances    precision    recall      ndcg    extender    precision    recall      ndcg    extender
----------  -----------  -----------  --------  --------  ----------  -----------  --------  --------  ----------
1                   316     0.186806  0.543337  0.386257     2.22152     0.193624  0.543337  0.388369     2.01582
2                   346     0.214621  0.519705  0.399492     2.34682     0.217695  0.519705  0.40271      2.39884
3                   338     0.208351  0.515086  0.391332     1.68343     0.20924   0.515086  0.391864     1.59172
mean               1000     0.203712  0.525612  0.392551     2.083       0.207231  0.525612  0.394512     2.005

Challenge file is read: /apc/dataset/test/10fold_10K_b/fold-009.json
category      instances    precision    recall      ndcg    extender    precision    recall      ndcg    extender
----------  -----------  -----------  --------  --------  ----------  -----------  --------  --------  ----------
1                   331     0.169359  0.515649  0.355437     1.59819     0.175806  0.515649  0.359869     1.59819
2                   334     0.196515  0.510247  0.3871       1.86527     0.20148   0.510247  0.390447     1.82635
3                   335     0.203474  0.509942  0.396762     1.94627     0.206731  0.509942  0.398333     1.91045
mean               1000     0.189858  0.511933  0.379857     1.804       0.194741  0.511933  0.382967     1.779

Challenge file is read: /apc/dataset/test/10fold_10K_b/fold-010.json
category      instances    precision    recall      ndcg    extender    precision    recall      ndcg    extender
----------  -----------  -----------  --------  --------  ----------  -----------  --------  --------  ----------
1                   357     0.188956  0.53429   0.38535      1.81513     0.191021  0.53429   0.383258     1.65546
2                   329     0.205684  0.507115  0.386143     1.8693      0.206205  0.507115  0.385921     1.77508
3                   314     0.195154  0.496885  0.379985     2.45223     0.200981  0.496885  0.383004     2.4172
mean               1000     0.196406  0.513604  0.383926     2.033       0.199144  0.513604  0.384054     1.934
