*** SORTER = NoSort
*** FIELD = Track

Challenge file is read: /apc/dataset/test/10fold_100K_b/fold-001.json
category      instances    precision    recall      ndcg    extender
----------  -----------  -----------  --------  --------  ----------
1                  3334     0.116501  0.488383  0.287726     3.93431
2                  3279     0.126267  0.465977  0.292521     4.33089
3                  3387     0.128756  0.455032  0.29494      3.73428
mean              10000     0.123854  0.46974   0.291742     3.9966

Challenge file is read: /apc/dataset/test/10fold_100K_b/fold-002.json
category      instances    precision    recall      ndcg    extender
----------  -----------  -----------  --------  --------  ----------
1                  3268     0.115713  0.489502  0.286675     4.08293
2                  3399     0.124226  0.456016  0.289835     4.09473
3                  3333     0.122356  0.43861   0.282784     4.06211
mean              10000     0.12082   0.461158  0.286452     4.08

Challenge file is read: /apc/dataset/test/10fold_100K_b/fold-003.json
category      instances    precision    recall      ndcg    extender
----------  -----------  -----------  --------  --------  ----------
1                  3360     0.118677  0.487123  0.289965     4.25417
2                  3320     0.124185  0.460261  0.290264     3.78012
3                  3320     0.12349   0.43972   0.283328     4.34699
mean              10000     0.122104  0.462467  0.287861     4.1276

Challenge file is read: /apc/dataset/test/10fold_100K_b/fold-004.json
category      instances    precision    recall      ndcg    extender
----------  -----------  -----------  --------  --------  ----------
1                  3378     0.112141  0.483807  0.284722     4.18324
2                  3296     0.123349  0.462071  0.290823     3.84375
3                  3326     0.124498  0.437384  0.283898     3.89327
mean              10000     0.119945  0.461202  0.286459     3.9749

Challenge file is read: /apc/dataset/test/10fold_100K_b/fold-005.json
category      instances    precision    recall      ndcg    extender
----------  -----------  -----------  --------  --------  ----------
1                  3302     0.117316  0.484856  0.288262     4.22108
2                  3374     0.123295  0.461231  0.290525     4.06165
3                  3324     0.122013  0.440645  0.284663     4.16847
mean              10000     0.120894  0.462189  0.287829     4.1498

Challenge file is read: /apc/dataset/test/10fold_100K_b/fold-006.json
category      instances    precision    recall      ndcg    extender
----------  -----------  -----------  --------  --------  ----------
1                  3417     0.115947  0.488821  0.286166     4.55517
2                  3258     0.129797  0.458594  0.294545     3.87999
3                  3325     0.125763  0.444482  0.287526     4.10917
mean              10000     0.123723  0.46423   0.289348     4.1869

Challenge file is read: /apc/dataset/test/10fold_100K_b/fold-007.json
category      instances    precision    recall      ndcg    extender
----------  -----------  -----------  --------  --------  ----------
1                  3344     0.114435  0.483745  0.283956     4.12231
2                  3313     0.125089  0.460452  0.291261     3.98129
3                  3343     0.126399  0.442332  0.287247     3.96231
mean              10000     0.121964  0.462184  0.287476     4.0221

Challenge file is read: /apc/dataset/test/10fold_100K_b/fold-008.json
category      instances    precision    recall      ndcg    extender
----------  -----------  -----------  --------  --------  ----------
1                  3373     0.116421  0.484964  0.285803     4.0507
2                  3310     0.124217  0.457826  0.290662     3.84139
3                  3317     0.122333  0.439323  0.282948     4.2237
mean              10000     0.120962  0.460842  0.286465     4.0388

Challenge file is read: /apc/dataset/test/10fold_100K_b/fold-009.json
category      instances    precision    recall      ndcg    extender
----------  -----------  -----------  --------  --------  ----------
1                  3371     0.112447  0.482024  0.283316     4.26609
2                  3272     0.123083  0.455036  0.289665     4.32029
3                  3357     0.127966  0.447811  0.290618     4.19631
mean              10000     0.121137  0.461709  0.287845     4.2604

Challenge file is read: /apc/dataset/test/10fold_100K_b/fold-010.json
category      instances    precision    recall      ndcg    extender
----------  -----------  -----------  --------  --------  ----------
1                  3281     0.118338  0.489016  0.289657     4.06157
2                  3365     0.128608  0.46225   0.294896     4.0003
3                  3354     0.126401  0.443659  0.287683     4.30769
mean              10000     0.124498  0.464796  0.290758     4.1235


*** SORTER = NoSort
*** FIELD = Album


Challenge file is read: /apc/dataset/test/10fold_100K_b/fold-001.json
category      instances    precision    recall      ndcg    extender
----------  -----------  -----------  --------  --------  ----------
1                  3334    0.0995976  0.479186  0.27063      4.46671
2                  3279    0.114114   0.455525  0.279359     4.64074
3                  3387    0.118609   0.442834  0.280538     4.14615
mean              10000    0.110797   0.459115  0.276848     4.4152

Challenge file is read: /apc/dataset/test/10fold_100K_b/fold-002.json
category      instances    precision    recall      ndcg    extender
----------  -----------  -----------  --------  --------  ----------
1                  3268     0.100675  0.479057  0.270539     4.62607
2                  3399     0.11146   0.443725  0.275252     4.36217
3                  3333     0.110336  0.426531  0.268085     4.46055
mean              10000     0.107561  0.449541  0.271323     4.4812

Challenge file is read: /apc/dataset/test/10fold_100K_b/fold-003.json
category      instances    precision    recall      ndcg    extender
----------  -----------  -----------  --------  --------  ----------
1                  3360     0.101517  0.479886  0.273644     4.61339
2                  3320     0.110388  0.449616  0.274532     4.33404
3                  3320     0.110941  0.428046  0.268316     4.90211
mean              10000     0.107591  0.452626  0.27217      4.6165

Challenge file is read: /apc/dataset/test/10fold_100K_b/fold-004.json
category      instances    precision    recall      ndcg    extender
----------  -----------  -----------  --------  --------  ----------
1                  3378     0.098794  0.472827  0.269214     4.52546
2                  3296     0.111082  0.451166  0.277013     4.30552
3                  3326     0.112277  0.426092  0.269644     4.31569
mean              10000     0.107329  0.450143  0.271928     4.3832

Challenge file is read: /apc/dataset/test/10fold_100K_b/fold-005.json
category      instances    precision    recall      ndcg    extender
----------  -----------  -----------  --------  --------  ----------
1                  3302     0.101529  0.475903  0.272565     4.57632
2                  3374     0.110579  0.449652  0.276008     4.57617
3                  3324     0.111496  0.42923   0.270707     4.46751
mean              10000     0.107896  0.451532  0.273109     4.5401

Challenge file is read: /apc/dataset/test/10fold_100K_b/fold-006.json
category      instances    precision    recall      ndcg    extender
----------  -----------  -----------  --------  --------  ----------
1                  3417     0.102193  0.477774  0.269751     4.99532
2                  3258     0.116607  0.448479  0.279335     4.29742
3                  3325     0.117077  0.433203  0.275137     4.50195
mean              10000     0.111838  0.45341   0.274664     4.6039

Challenge file is read: /apc/dataset/test/10fold_100K_b/fold-007.json
category      instances    precision    recall      ndcg    extender
----------  -----------  -----------  --------  --------  ----------
1                  3344    0.0988765  0.473944  0.268025     4.72907
2                  3313    0.111756   0.446843  0.275307     4.54543
3                  3343    0.113755   0.431762  0.273147     4.43733
mean              10000    0.108117   0.450864  0.27215      4.5707

Challenge file is read: /apc/dataset/test/10fold_100K_b/fold-008.json
category      instances    precision    recall      ndcg    extender
----------  -----------  -----------  --------  --------  ----------
1                  3373    0.0999838  0.475294  0.269003     4.5292
2                  3310    0.109597   0.448531  0.274302     4.35952
3                  3317    0.112418   0.429674  0.270875     4.6735
mean              10000    0.10729    0.451303  0.271378     4.5209

Challenge file is read: /apc/dataset/test/10fold_100K_b/fold-009.json
category      instances    precision    recall      ndcg    extender
----------  -----------  -----------  --------  --------  ----------
1                  3371     0.097797  0.470251  0.265333     4.66419
2                  3272     0.11003   0.444145  0.273909     4.76803
3                  3357     0.116443  0.433928  0.275211     4.65773
mean              10000     0.108059  0.449515  0.271455     4.696

Challenge file is read: /apc/dataset/test/10fold_100K_b/fold-010.json
category      instances    precision    recall      ndcg    extender
----------  -----------  -----------  --------  --------  ----------
1                  3281     0.102902  0.478274  0.272525     4.60256
2                  3365     0.11371   0.45279   0.279721     4.31441
3                  3354     0.111887  0.431698  0.272991     4.72332
mean              10000     0.109552  0.454077  0.275103     4.5461


*** SORTER = NoSort
*** FIELD = Artist

Challenge file is read: /apc/dataset/test/10fold_100K_b/fold-001.json
category      instances    precision    recall      ndcg    extender
----------  -----------  -----------  --------  --------  ----------
1                  3334    0.0854653  0.454613  0.248941     5.31674
2                  3279    0.097062   0.432683  0.256267     5.45929
3                  3387    0.101106   0.418929  0.257411     5.10363
mean              10000    0.0945652  0.435336  0.254212     5.2913

Challenge file is read: /apc/dataset/test/10fold_100K_b/fold-002.json
category      instances    precision    recall      ndcg    extender
----------  -----------  -----------  --------  --------  ----------
1                  3268    0.0821294  0.45817   0.247623     5.68023
2                  3399    0.0938015  0.421582  0.250881     5.38364
3                  3333    0.0948684  0.401874  0.246148     5.30903
mean              10000    0.0903426  0.42697   0.248239     5.4557

Challenge file is read: /apc/dataset/test/10fold_100K_b/fold-003.json
category      instances    precision    recall      ndcg    extender
----------  -----------  -----------  --------  --------  ----------
1                  3360    0.0843869  0.458874  0.250645     5.56161
2                  3320    0.0947556  0.427807  0.254496     5.28494
3                  3320    0.0943982  0.404412  0.247497     5.79398
mean              10000    0.091153   0.430478  0.250878     5.5469

Challenge file is read: /apc/dataset/test/10fold_100K_b/fold-004.json
category      instances    precision    recall      ndcg    extender
----------  -----------  -----------  --------  --------  ----------
1                  3378    0.0823774  0.449702  0.245411     5.55654
2                  3296    0.0947815  0.42416   0.253214     5.47269
3                  3326    0.0981472  0.400731  0.248182     5.28443
mean              10000    0.0917108  0.424995  0.248904     5.4384

Challenge file is read: /apc/dataset/test/10fold_100K_b/fold-005.json
category      instances    precision    recall      ndcg    extender
----------  -----------  -----------  --------  --------  ----------
1                  3302    0.0830249  0.447794  0.246442     5.45972
2                  3374    0.0940452  0.423472  0.251573     5.62893
3                  3324    0.0969138  0.404807  0.2496       5.23496
mean              10000    0.0913598  0.425299  0.249223     5.4421

Challenge file is read: /apc/dataset/test/10fold_100K_b/fold-006.json
category      instances    precision    recall      ndcg    extender
----------  -----------  -----------  --------  --------  ----------
1                  3417    0.0842392  0.455839  0.247008     6.0038
2                  3258    0.0973005  0.424768  0.255457     5.18386
3                  3325    0.0975254  0.408497  0.250146     5.33955
mean              10000    0.0929122  0.429975  0.250804     5.5158

Challenge file is read: /apc/dataset/test/10fold_100K_b/fold-007.json
category      instances    precision    recall      ndcg    extender
----------  -----------  -----------  --------  --------  ----------
1                  3344    0.0842483  0.451323  0.245917     5.74282
2                  3313    0.0958586  0.428008  0.254593     5.09991
3                  3343    0.0967452  0.407379  0.250038     5.26054
mean              10000    0.0922725  0.428908  0.250169     5.3686

Challenge file is read: /apc/dataset/test/10fold_100K_b/fold-008.json
category      instances    precision    recall      ndcg    extender
----------  -----------  -----------  --------  --------  ----------
1                  3373    0.0828364  0.451349  0.246093     5.43374
2                  3310    0.0942126  0.424137  0.251969     5.24411
3                  3317    0.0958329  0.403475  0.247208     5.67591
mean              10000    0.0909129  0.426462  0.248408     5.4513

Challenge file is read: /apc/dataset/test/10fold_100K_b/fold-009.json
category      instances    precision    recall      ndcg    extender
----------  -----------  -----------  --------  --------  ----------
1                  3371    0.081122   0.444718  0.241997     5.69861
2                  3272    0.0947113  0.423879  0.253201     5.49817
3                  3357    0.0980279  0.414137  0.253659     5.62377
mean              10000    0.0912437  0.427633  0.249578     5.6079

Challenge file is read: /apc/dataset/test/10fold_100K_b/fold-010.json
category      instances    precision    recall      ndcg    extender
----------  -----------  -----------  --------  --------  ----------
1                  3281    0.085944   0.455677  0.248804     5.40475
2                  3365    0.0975634  0.42969   0.257931     5.21337
3                  3354    0.0959388  0.404075  0.24818      5.70423
mean              10000    0.0932062  0.429625  0.251666     5.4408


*** SORTER = GeometricMeanSort
*** FIELD = Track

Challenge file is read: /apc/dataset/test/10fold_100K_b/fold-001.json
category      instances    precision    recall      ndcg    extender
----------  -----------  -----------  --------  --------  ----------
1                  3334     0.193421  0.574343  0.399754     1.71296
2                  3279     0.20462   0.556933  0.409302     2.01769
3                  3387     0.21146   0.548668  0.415092     1.67139
mean              10000     0.203203  0.559938  0.40808      1.7988

Challenge file is read: /apc/dataset/test/10fold_100K_b/fold-002.json
category      instances    precision    recall      ndcg    extender
----------  -----------  -----------  --------  --------  ----------
1                  3268     0.19137   0.572198  0.398928     2.05569
2                  3399     0.204793  0.547646  0.406234     1.88791
3                  3333     0.20097   0.532799  0.399173     1.80528
mean              10000     0.199132  0.550721  0.401493     1.9152

Challenge file is read: /apc/dataset/test/10fold_100K_b/fold-003.json
category      instances    precision    recall      ndcg    extender
----------  -----------  -----------  --------  --------  ----------
1                  3360     0.194105  0.572824  0.401318     2.18482
2                  3320     0.200645  0.55      0.406567     1.63795
3                  3320     0.199239  0.534531  0.399786     2.06325
mean              10000     0.197981  0.552533  0.402552     1.9629

Challenge file is read: /apc/dataset/test/10fold_100K_b/fold-004.json
category      instances    precision    recall      ndcg    extender
----------  -----------  -----------  --------  --------  ----------
1                  3378     0.18857   0.568818  0.395576     2.13321
2                  3296     0.203882  0.551991  0.408564     1.78701
3                  3326     0.203311  0.531475  0.401828     1.91311
mean              10000     0.19852   0.550851  0.401936     1.9459

Challenge file is read: /apc/dataset/test/10fold_100K_b/fold-005.json
category      instances    precision    recall      ndcg    extender
----------  -----------  -----------  --------  --------  ----------
1                  3302     0.190163  0.568932  0.396488     1.98001
2                  3374     0.202381  0.550636  0.40691      1.72525
3                  3324     0.205718  0.535099  0.404305     2.09326
mean              10000     0.199456  0.551513  0.402603     1.9317

Challenge file is read: /apc/dataset/test/10fold_100K_b/fold-006.json
category      instances    precision    recall      ndcg    extender
----------  -----------  -----------  --------  --------  ----------
1                  3417     0.187964  0.574342  0.394131     2.13111
2                  3258     0.207504  0.549687  0.410749     1.72683
3                  3325     0.208173  0.538787  0.408297     1.69805
mean              10000     0.201049  0.554487  0.404255     1.8554

Challenge file is read: /apc/dataset/test/10fold_100K_b/fold-007.json
category      instances    precision    recall      ndcg    extender
----------  -----------  -----------  --------  --------  ----------
1                  3344     0.187475  0.569465  0.394575     2.1555
2                  3313     0.201798  0.549523  0.406626     1.9182
3                  3343     0.204548  0.534405  0.405164     1.88693
mean              10000     0.197928  0.551138  0.402107     1.9871

Challenge file is read: /apc/dataset/test/10fold_100K_b/fold-008.json
category      instances    precision    recall      ndcg    extender
----------  -----------  -----------  --------  --------  ----------
1                  3373     0.18952   0.569274  0.396967     1.94693
2                  3310     0.203942  0.549181  0.408229     1.95257
3                  3317     0.203088  0.532131  0.401407     1.92463
mean              10000     0.198794  0.550303  0.402167     1.9414

Challenge file is read: /apc/dataset/test/10fold_100K_b/fold-009.json
category      instances    precision    recall      ndcg    extender
----------  -----------  -----------  --------  --------  ----------
1                  3371     0.185368  0.564482  0.391464     2.04628
2                  3272     0.202538  0.548     0.406038     1.93826
3                  3357     0.206175  0.541062  0.409153     2.04498
mean              10000     0.197971  0.551227  0.402171     2.0105

Challenge file is read: /apc/dataset/test/10fold_100K_b/fold-010.json
category      instances    precision    recall      ndcg    extender
----------  -----------  -----------  --------  --------  ----------
1                  3281     0.188637  0.57309   0.396797     1.88083
2                  3365     0.207539  0.551522  0.412121     1.67786
3                  3354     0.205631  0.534064  0.405257     2.07782
mean              10000     0.200697  0.552743  0.404791     1.8786


*** SORTER = GeometricMeanSort
*** FIELD = Album

Challenge file is read: /apc/dataset/test/10fold_100K_b/fold-001.json
category      instances    precision    recall      ndcg    extender
----------  -----------  -----------  --------  --------  ----------
1                  3334     0.187771  0.569631  0.393496     1.80054
2                  3279     0.19807   0.551947  0.402781     2.19427
3                  3387     0.205532  0.54463   0.408375     1.72188
mean              10000     0.197164  0.555365  0.40158      1.903

Challenge file is read: /apc/dataset/test/10fold_100K_b/fold-002.json
category      instances    precision    recall      ndcg    extender
----------  -----------  -----------  --------  --------  ----------
1                  3268     0.186965  0.566447  0.393907     2.13005
2                  3399     0.199081  0.540671  0.40014      2.05472
3                  3333     0.193591  0.525476  0.391669     1.9724
mean              10000     0.193292  0.54403   0.39528      2.0519

Challenge file is read: /apc/dataset/test/10fold_100K_b/fold-003.json
category      instances    precision    recall      ndcg    extender
----------  -----------  -----------  --------  --------  ----------
1                  3360     0.189068  0.566192  0.394605     2.24435
2                  3320     0.197931  0.544307  0.399696     1.8762
3                  3320     0.192785  0.527615  0.390828     2.16747
mean              10000     0.193245  0.546118  0.395041     2.0966

Challenge file is read: /apc/dataset/test/10fold_100K_b/fold-004.json
category      instances    precision    recall      ndcg    extender
----------  -----------  -----------  --------  --------  ----------
1                  3378     0.184659  0.562753  0.390959     2.246
2                  3296     0.198137  0.544327  0.401601     1.86681
3                  3326     0.198074  0.525419  0.393573     1.93506
mean              10000     0.193563  0.544262  0.395336     2.0176

Challenge file is read: /apc/dataset/test/10fold_100K_b/fold-005.json
category      instances    precision    recall      ndcg    extender
----------  -----------  -----------  --------  --------  ----------
1                  3302     0.186476  0.563274  0.392177     1.92792
2                  3374     0.195868  0.54533   0.399483     1.88322
3                  3324     0.197677  0.527901  0.39641      2.07521
mean              10000     0.193368  0.545462  0.396049     1.9618

Challenge file is read: /apc/dataset/test/10fold_100K_b/fold-006.json
category      instances    precision    recall      ndcg    extender
----------  -----------  -----------  --------  --------  ----------
1                  3417     0.1824    0.56645   0.387723     2.35967
2                  3258     0.201494  0.544588  0.404434     2.01074
3                  3325     0.20248   0.533853  0.402242     1.90346
mean              10000     0.195297  0.548489  0.397995     2.0943

Challenge file is read: /apc/dataset/test/10fold_100K_b/fold-007.json
category      instances    precision    recall      ndcg    extender
----------  -----------  -----------  --------  --------  ----------
1                  3344     0.185326  0.56208   0.388692     2.32506
2                  3313     0.196696  0.546517  0.40014      1.92605
3                  3343     0.200553  0.527092  0.398169     2.0009
mean              10000     0.194183  0.545228  0.395653     2.0845

Challenge file is read: /apc/dataset/test/10fold_100K_b/fold-008.json
category      instances    precision    recall      ndcg    extender
----------  -----------  -----------  --------  --------  ----------
1                  3373     0.185767  0.564041  0.391846     1.95108
2                  3310     0.198121  0.545353  0.40153      1.96224
3                  3317     0.197477  0.52589   0.394649     2.07235
mean              10000     0.193741  0.5452    0.395981     1.995

Challenge file is read: /apc/dataset/test/10fold_100K_b/fold-009.json
category      instances    precision    recall      ndcg    extender
----------  -----------  -----------  --------  --------  ----------
1                  3371     0.180884  0.55883   0.385002     2.13142
2                  3272     0.197147  0.54214   0.399878     2.04615
3                  3357     0.201477  0.534484  0.401784     2.13643
mean              10000     0.193118  0.545196  0.395503     2.1052

Challenge file is read: /apc/dataset/test/10fold_100K_b/fold-010.json
category      instances    precision    recall      ndcg    extender
----------  -----------  -----------  --------  --------  ----------
1                  3281     0.186079  0.566713  0.3917       2.04328
2                  3365     0.20225   0.545474  0.405237     1.8104
3                  3354     0.199647  0.529503  0.398323     2.291
mean              10000     0.196071  0.547086  0.398476     2.048


*** SORTER = GeometricMeanSort
*** FIELD = Artist

Challenge file is read: /apc/dataset/test/10fold_100K_b/fold-001.json
category      instances    precision    recall      ndcg    extender
----------  -----------  -----------  --------  --------  ----------
1                  3334     0.172038  0.550656  0.369986     2.21776
2                  3279     0.182605  0.534093  0.381242     2.47179
3                  3387     0.190206  0.527129  0.387547     2.16209
mean              10000     0.181657  0.537256  0.379625     2.2822

Challenge file is read: /apc/dataset/test/10fold_100K_b/fold-002.json
category      instances    precision    recall      ndcg    extender
----------  -----------  -----------  --------  --------  ----------
1                  3268     0.170149  0.552624  0.373034     2.45135
2                  3399     0.182288  0.524711  0.378248     2.41983
3                  3333     0.178721  0.509182  0.371522     2.36424
mean              10000     0.177132  0.528657  0.374302     2.4116

Challenge file is read: /apc/dataset/test/10fold_100K_b/fold-003.json
category      instances    precision    recall      ndcg    extender
----------  -----------  -----------  --------  --------  ----------
1                  3360     0.17276   0.553276  0.374476     2.57857
2                  3320     0.180946  0.528648  0.379182     2.27741
3                  3320     0.179259  0.512068  0.372291     2.54066
mean              10000     0.177636  0.531418  0.375313     2.466

Challenge file is read: /apc/dataset/test/10fold_100K_b/fold-004.json
category      instances    precision    recall      ndcg    extender
----------  -----------  -----------  --------  --------  ----------
1                  3378     0.17046   0.547754  0.372298     2.47661
2                  3296     0.181418  0.527639  0.379739     2.42779
3                  3326     0.182182  0.510721  0.37377      2.29164
mean              10000     0.17797   0.528807  0.37524      2.399

Challenge file is read: /apc/dataset/test/10fold_100K_b/fold-005.json
category      instances    precision    recall      ndcg    extender
----------  -----------  -----------  --------  --------  ----------
1                  3302     0.16923   0.543784  0.368687     2.51969
2                  3374     0.179716  0.526059  0.376553     2.30883
3                  3324     0.183007  0.512194  0.376471     2.31528
mean              10000     0.177347  0.527303  0.373928     2.3806

Challenge file is read: /apc/dataset/test/10fold_100K_b/fold-006.json
category      instances    precision    recall      ndcg    extender
----------  -----------  -----------  --------  --------  ----------
1                  3417     0.169337  0.550214  0.36816      2.79719
2                  3258     0.184695  0.524945  0.381163     2.54543
3                  3325     0.186262  0.517302  0.380837     2.31429
mean              10000     0.179968  0.531038  0.376612     2.5546

Challenge file is read: /apc/dataset/test/10fold_100K_b/fold-007.json
category      instances    precision    recall      ndcg    extender
----------  -----------  -----------  --------  --------  ----------
1                  3344     0.169679  0.548301  0.370068     2.6878
2                  3313     0.180631  0.533649  0.379836     2.20465
3                  3343     0.183643  0.512755  0.378222     2.36644
mean              10000     0.177975  0.531564  0.37603      2.4203

Challenge file is read: /apc/dataset/test/10fold_100K_b/fold-008.json
category      instances    precision    recall      ndcg    extender
----------  -----------  -----------  --------  --------  ----------
1                  3373     0.168931  0.549666  0.369452     2.28817
2                  3310     0.181623  0.527122  0.379634     2.30937
3                  3317     0.183637  0.510183  0.375054     2.43774
mean              10000     0.17801   0.529108  0.37468      2.3448

Challenge file is read: /apc/dataset/test/10fold_100K_b/fold-009.json
category      instances    precision    recall      ndcg    extender
----------  -----------  -----------  --------  --------  ----------
1                  3371     0.163363  0.540488  0.361355     2.52477
2                  3272     0.181743  0.526091  0.379133     2.43857
3                  3357     0.186705  0.519054  0.382475     2.64701
mean              10000     0.177213  0.528582  0.374262     2.5376

Challenge file is read: /apc/dataset/test/10fold_100K_b/fold-010.json
category      instances    precision    recall      ndcg    extender
----------  -----------  -----------  --------  --------  ----------
1                  3281     0.171274  0.551086  0.371429     2.27949
2                  3365     0.185536  0.531872  0.385462     2.07667
3                  3354     0.182844  0.510662  0.375316     2.8071
mean              10000     0.179954  0.531062  0.377455     2.3882
