*** SORTER = LuceneSort
*** FEATURES = All features except 30

Challenge file is read: /apc/dataset/test/10fold_10K_b/fold-001.json
category      instances    precision    recall      ndcg    extender    precision    recall      ndcg    extender
----------  -----------  -----------  --------  --------  ----------  -----------  --------  --------  ----------
1                   329     0.160185  0.465737  0.332262     4.02432     0.200558  0.465737  0.36315      2.57447
2                   322     0.161845  0.440556  0.336524     3.37267     0.214796  0.440556  0.370292     2.3354
3                   349     0.139515  0.409271  0.304685     3.21203     0.19635   0.409271  0.341798     1.92837
mean               1000     0.153506  0.437922  0.32401      3.531       0.203674  0.437922  0.357998     2.272

Challenge file is read: /apc/dataset/test/10fold_10K_b/fold-002.json
category      instances    precision    recall      ndcg    extender    precision    recall      ndcg    extender
----------  -----------  -----------  --------  --------  ----------  -----------  --------  --------  ----------
1                   323     0.152669  0.468306  0.325972     3.39938     0.184601  0.468306  0.351344     2.18266
2                   316     0.14183   0.411862  0.306664     3.84494     0.192967  0.411862  0.345294     2.6962
3                   361     0.156208  0.414229  0.314287     2.80609     0.207471  0.414229  0.35051      1.61496
mean               1000     0.150522  0.430948  0.315652     3.326       0.195501  0.430948  0.349131     2.14

Challenge file is read: /apc/dataset/test/10fold_10K_b/fold-003.json
category      instances    precision    recall      ndcg    extender    precision    recall      ndcg    extender
----------  -----------  -----------  --------  --------  ----------  -----------  --------  --------  ----------
1                   332     0.146035  0.461333  0.320458     4.0512      0.185001  0.461333  0.348642     2.72289
2                   318     0.152843  0.415326  0.315555     3.39308     0.192738  0.415326  0.341927     2.33648
3                   350     0.145107  0.401494  0.309204     2.98571     0.199086  0.401494  0.344613     1.42571
mean               1000     0.147875  0.425759  0.31496      3.469       0.192391  0.425759  0.345096     2.146

Challenge file is read: /apc/dataset/test/10fold_10K_b/fold-004.json
category      instances    precision    recall      ndcg    extender    precision    recall      ndcg    extender
----------  -----------  -----------  --------  --------  ----------  -----------  --------  --------  ----------
1                   333     0.153608  0.448617  0.329765     3.31231     0.194519  0.448617  0.353042     2.81682
2                   341     0.162894  0.428977  0.332413     2.90909     0.208831  0.428977  0.359839     2.0088
3                   326     0.151863  0.424812  0.323991     3.28221     0.206118  0.424812  0.360651     1.73926
mean               1000     0.156206  0.43416   0.328786     3.165       0.20318   0.43416   0.35784      2.19

Challenge file is read: /apc/dataset/test/10fold_10K_b/fold-005.json
category      instances    precision    recall      ndcg    extender    precision    recall      ndcg    extender
----------  -----------  -----------  --------  --------  ----------  -----------  --------  --------  ----------
1                   300     0.185102  0.478521  0.36474      2.21        0.221182  0.478521  0.388836     1.06667
2                   360     0.169199  0.437478  0.340601     3.71944     0.217366  0.437478  0.372631     2.14167
3                   340     0.144798  0.39563   0.30197      3.62647     0.200173  0.39563   0.337035     2.58824
mean               1000     0.165674  0.435563  0.334708     3.235       0.212665  0.435563  0.36539      1.971

Challenge file is read: /apc/dataset/test/10fold_10K_b/fold-006.json
category      instances    precision    recall      ndcg    extender    precision    recall      ndcg    extender
----------  -----------  -----------  --------  --------  ----------  -----------  --------  --------  ----------
1                   352     0.169804  0.495268  0.353521     3.63352     0.195901  0.495268  0.375823     2.47443
2                   318     0.147619  0.430573  0.321677     2.72642     0.200123  0.430573  0.3535       1.44969
3                   330     0.14417   0.412726  0.307652     3.04545     0.192521  0.412726  0.340896     1.78182
mean               1000     0.15429   0.447456  0.328258     3.151       0.196128  0.447456  0.357198     1.92

Challenge file is read: /apc/dataset/test/10fold_10K_b/fold-007.json
category      instances    precision    recall      ndcg    extender    precision    recall      ndcg    extender
----------  -----------  -----------  --------  --------  ----------  -----------  --------  --------  ----------
1                   349     0.14224   0.446152  0.311453     4.2063      0.173829  0.446152  0.33638      3.38395
2                   338     0.16161   0.424221  0.326577     3.45858     0.209796  0.424221  0.359331     2.55621
3                   313     0.162437  0.429805  0.330333     2.97764     0.220304  0.429805  0.368251     1.88498
mean               1000     0.155109  0.433623  0.322474     3.569       0.200533  0.433623  0.354113     2.635

Challenge file is read: /apc/dataset/test/10fold_10K_b/fold-008.json
category      instances    precision    recall      ndcg    extender    precision    recall      ndcg    extender
----------  -----------  -----------  --------  --------  ----------  -----------  --------  --------  ----------
1                   316     0.152913  0.450901  0.324507     3.55696     0.18947   0.450901  0.352953     2.72468
2                   346     0.164368  0.442727  0.335162     3.89595     0.217704  0.442727  0.368146     2.67052
3                   338     0.146994  0.415623  0.312367     2.94675     0.205634  0.415623  0.348785     1.70118
mean               1000     0.154876  0.436149  0.32409      3.468       0.204702  0.436149  0.356801     2.36

Challenge file is read: /apc/dataset/test/10fold_10K_b/fold-009.json
category      instances    precision    recall      ndcg    extender    precision    recall      ndcg    extender
----------  -----------  -----------  --------  --------  ----------  -----------  --------  --------  ----------
1                   331     0.141092  0.438901  0.303836     2.89426     0.171658  0.438901  0.325618     1.92145
2                   334     0.143553  0.407989  0.309542     3.6976      0.194756  0.407989  0.343132     2.38024
3                   335     0.135976  0.412734  0.31076      3.30746     0.200432  0.412734  0.353121     2.30746
mean               1000     0.1402    0.419811  0.308062     3.301       0.189012  0.419811  0.340681     2.204

Challenge file is read: /apc/dataset/test/10fold_10K_b/fold-010.json
category      instances    precision    recall      ndcg    extender    precision    recall      ndcg    extender
----------  -----------  -----------  --------  --------  ----------  -----------  --------  --------  ----------
1                   357     0.148377  0.443971  0.321139     3.44818     0.192752  0.443971  0.351339     2.36975
2                   329     0.146317  0.420782  0.312242     3.55927     0.207422  0.420782  0.351072     2.28267
3                   314     0.13227   0.406462  0.301014     4.42357     0.20032   0.406462  0.344846     2.76752
mean               1000     0.142642  0.424564  0.311893     3.791       0.199955  0.424564  0.349213     2.466


*** SORTER = LuceneSort
*** FEATURES = All features

Challenge file is read: /apc/dataset/test/10fold_10K_b/fold-001.json
category      instances    precision    recall      ndcg    extender    precision    recall      ndcg    extender
----------  -----------  -----------  --------  --------  ----------  -----------  --------  --------  ----------
1                   329     0.160185  0.465737  0.332262     4.02432     0.20003   0.465737  0.363533     2.55319
2                   322     0.161845  0.440556  0.336524     3.37267     0.216578  0.440556  0.373136     2.30745
3                   349     0.139515  0.409271  0.304685     3.21203     0.198022  0.409271  0.342126     1.96562
mean               1000     0.153506  0.437922  0.32401      3.531       0.204658  0.437922  0.359154     2.269

Challenge file is read: /apc/dataset/test/10fold_10K_b/fold-002.json
category      instances    precision    recall      ndcg    extender    precision    recall      ndcg    extender
----------  -----------  -----------  --------  --------  ----------  -----------  --------  --------  ----------
1                   323     0.152669  0.468306  0.325972     3.39938     0.186947  0.468306  0.352157     2.25077
2                   316     0.14183   0.411862  0.306664     3.84494     0.193268  0.411862  0.345671     2.71519
3                   361     0.156208  0.414229  0.314287     2.80609     0.20432   0.414229  0.349246     1.61496
mean               1000     0.150522  0.430948  0.315652     3.326       0.195216  0.430948  0.349057     2.168

Challenge file is read: /apc/dataset/test/10fold_10K_b/fold-003.json
category      instances    precision    recall      ndcg    extender    precision    recall      ndcg    extender
----------  -----------  -----------  --------  --------  ----------  -----------  --------  --------  ----------
1                   332     0.146035  0.461333  0.320458     4.0512      0.1882    0.461333  0.34929      2.68675
2                   318     0.152843  0.415326  0.315555     3.39308     0.194691  0.415326  0.343926     2.28302
3                   350     0.145107  0.401494  0.309204     2.98571     0.201465  0.401494  0.345104     1.44571
mean               1000     0.147875  0.425759  0.31496      3.469       0.194907  0.425759  0.346119     2.124

Challenge file is read: /apc/dataset/test/10fold_10K_b/fold-004.json
category      instances    precision    recall      ndcg    extender    precision    recall      ndcg    extender
----------  -----------  -----------  --------  --------  ----------  -----------  --------  --------  ----------
1                   333     0.153608  0.448617  0.329765     3.31231     0.194532  0.448617  0.354237     2.75075
2                   341     0.162894  0.428977  0.332413     2.90909     0.211541  0.428977  0.361469     1.97067
3                   326     0.151863  0.424812  0.323991     3.28221     0.206326  0.424812  0.360208     1.77301
mean               1000     0.156206  0.43416   0.328786     3.165       0.204177  0.43416   0.35865      2.166

Challenge file is read: /apc/dataset/test/10fold_10K_b/fold-005.json
category      instances    precision    recall      ndcg    extender    precision    recall      ndcg    extender
----------  -----------  -----------  --------  --------  ----------  -----------  --------  --------  ----------
1                   300     0.185102  0.478521  0.36474      2.21        0.227443  0.478521  0.39269      1.09333
2                   360     0.169199  0.437478  0.340601     3.71944     0.217433  0.437478  0.372007     2.16667
3                   340     0.144798  0.39563   0.30197      3.62647     0.199879  0.39563   0.335297     2.60588
mean               1000     0.165674  0.435563  0.334708     3.235       0.214467  0.435563  0.365731     1.994

Challenge file is read: /apc/dataset/test/10fold_10K_b/fold-006.json
category      instances    precision    recall      ndcg    extender    precision    recall      ndcg    extender
----------  -----------  -----------  --------  --------  ----------  -----------  --------  --------  ----------
1                   352     0.169804  0.495268  0.353521     3.63352     0.201728  0.495268  0.378385     2.51989
2                   318     0.147619  0.430573  0.321677     2.72642     0.203086  0.430573  0.35574      1.44025
3                   330     0.14417   0.412726  0.307652     3.04545     0.193608  0.412726  0.345225     1.6697
mean               1000     0.15429   0.447456  0.328258     3.151       0.19948   0.447456  0.360241     1.896

Challenge file is read: /apc/dataset/test/10fold_10K_b/fold-007.json
category      instances    precision    recall      ndcg    extender    precision    recall      ndcg    extender
----------  -----------  -----------  --------  --------  ----------  -----------  --------  --------  ----------
1                   349     0.14224   0.446152  0.311453     4.2063      0.173411  0.446152  0.337919     3.31805
2                   338     0.16161   0.424221  0.326577     3.45858     0.210742  0.424221  0.358332     2.48225
3                   313     0.162437  0.429805  0.330333     2.97764     0.220047  0.429805  0.36601      1.91693
mean               1000     0.155109  0.433623  0.322474     3.569       0.200626  0.433623  0.353611     2.597

Challenge file is read: /apc/dataset/test/10fold_10K_b/fold-008.json
category      instances    precision    recall      ndcg    extender    precision    recall      ndcg    extender
----------  -----------  -----------  --------  --------  ----------  -----------  --------  --------  ----------
1                   316     0.152913  0.450901  0.324507     3.55696     0.192455  0.450901  0.352472     2.6519
2                   346     0.164368  0.442727  0.335162     3.89595     0.219249  0.442727  0.368775     2.65607
3                   338     0.146994  0.415623  0.312367     2.94675     0.206089  0.415623  0.348172     1.71893
mean               1000     0.154876  0.436149  0.32409      3.468       0.206334  0.436149  0.356659     2.338

Challenge file is read: /apc/dataset/test/10fold_10K_b/fold-009.json
category      instances    precision    recall      ndcg    extender    precision    recall      ndcg    extender
----------  -----------  -----------  --------  --------  ----------  -----------  --------  --------  ----------
1                   331     0.141092  0.438901  0.303836     2.89426     0.177933  0.438901  0.328713     1.92749
2                   334     0.143553  0.407989  0.309542     3.6976      0.198126  0.407989  0.344092     2.33234
3                   335     0.135976  0.412734  0.31076      3.30746     0.204856  0.412734  0.353282     2.27761
mean               1000     0.1402    0.419811  0.308062     3.301       0.193697  0.419811  0.34208      2.18

Challenge file is read: /apc/dataset/test/10fold_10K_b/fold-010.json
category      instances    precision    recall      ndcg    extender    precision    recall      ndcg    extender
----------  -----------  -----------  --------  --------  ----------  -----------  --------  --------  ----------
1                   357     0.148377  0.443971  0.321139     3.44818     0.190025  0.443971  0.350293     2.38655
2                   329     0.146317  0.420782  0.312242     3.55927     0.208927  0.420782  0.350913     2.25836
3                   314     0.13227   0.406462  0.301014     4.42357     0.199614  0.406462  0.344471     2.79299
mean               1000     0.142642  0.424564  0.311893     3.791       0.199255  0.424564  0.348669     2.472
