*** SORTER = GeoSort
*** FEATURES = All features except 30

Challenge file is read: /apc/dataset/test/10fold_10K_b/fold-001.json
category      instances    precision    recall      ndcg    extender    precision    recall      ndcg    extender
----------  -----------  -----------  --------  --------  ----------  -----------  --------  --------  ----------
1                   329     0.196801  0.554308  0.397239     1.769       0.202922  0.554308  0.401729     1.68389
2                   322     0.21456   0.521046  0.405065     2.15528     0.222142  0.521046  0.408574     2.00932
3                   349     0.19488   0.505617  0.38349      1.74212     0.198758  0.505617  0.385032     1.68481
mean               1000     0.201849  0.526604  0.394961     1.884       0.207658  0.526604  0.398106     1.789

Challenge file is read: /apc/dataset/test/10fold_10K_b/fold-002.json
category      instances    precision    recall      ndcg    extender    precision    recall      ndcg    extender
----------  -----------  -----------  --------  --------  ----------  -----------  --------  --------  ----------
1                   323     0.18184   0.547606  0.379703     1.9969      0.18893   0.547606  0.383362     1.96904
2                   316     0.19158   0.50409   0.383825     1.87658     0.194818  0.50409   0.384015     1.77848
3                   361     0.202162  0.502486  0.388083     1.29086     0.210256  0.502486  0.392478     1.32687
mean               1000     0.192254  0.517567  0.38403      1.704       0.198489  0.517567  0.386859     1.677

Challenge file is read: /apc/dataset/test/10fold_10K_b/fold-003.json
category      instances    precision    recall      ndcg    extender    precision    recall      ndcg    extender
----------  -----------  -----------  --------  --------  ----------  -----------  --------  --------  ----------
1                   332     0.183705  0.533634  0.373765     2.18373     0.184137  0.533634  0.37252      2.24096
2                   318     0.192097  0.502211  0.377662     1.87107     0.193481  0.502211  0.377435     1.80818
3                   350     0.202147  0.49065   0.383747     1.49143     0.202391  0.49065   0.383159     1.45429
mean               1000     0.192828  0.508597  0.378498     1.842       0.193497  0.508597  0.377807     1.828

Challenge file is read: /apc/dataset/test/10fold_10K_b/fold-004.json
category      instances    precision    recall      ndcg    extender    precision    recall      ndcg    extender
----------  -----------  -----------  --------  --------  ----------  -----------  --------  --------  ----------
1                   333     0.191286  0.52681   0.385667     2.13814     0.195892  0.52681   0.385133     2.07207
2                   341     0.207888  0.517361  0.396843     1.57185     0.210398  0.517361  0.397788     1.50147
3                   326     0.203018  0.514812  0.399585     1.42025     0.207599  0.514812  0.402164     1.36196
mean               1000     0.200772  0.519677  0.394015     1.711       0.204655  0.519677  0.395001     1.646

Challenge file is read: /apc/dataset/test/10fold_10K_b/fold-005.json
category      instances    precision    recall      ndcg    extender    precision    recall      ndcg    extender
----------  -----------  -----------  --------  --------  ----------  -----------  --------  --------  ----------
1                   300     0.217027  0.550244  0.415206     1.09667     0.224562  0.550244  0.418957     1.01
2                   360     0.22069   0.525039  0.409512     2.05556     0.223158  0.525039  0.411443     1.95278
3                   340     0.200328  0.492578  0.379581     1.82941     0.204289  0.492578  0.382457     1.92941
mean               1000     0.212668  0.521564  0.401044     1.691       0.217164  0.521564  0.403842     1.662

Challenge file is read: /apc/dataset/test/10fold_10K_b/fold-006.json
category      instances    precision    recall      ndcg    extender    precision    recall      ndcg    extender
----------  -----------  -----------  --------  --------  ----------  -----------  --------  --------  ----------
1                   352     0.198294  0.5726    0.406744     1.74432     0.199798  0.5726    0.405233     1.80398
2                   318     0.20024   0.524489  0.39349      1.5         0.202666  0.524489  0.396062     1.54717
3                   330     0.192298  0.508331  0.384463     1.63636     0.193248  0.508331  0.38384      1.6697
mean               1000     0.196934  0.536092  0.395177     1.631       0.198548  0.536092  0.395257     1.678

Challenge file is read: /apc/dataset/test/10fold_10K_b/fold-007.json
category      instances    precision    recall      ndcg    extender    precision    recall      ndcg    extender
----------  -----------  -----------  --------  --------  ----------  -----------  --------  --------  ----------
1                   349     0.173376  0.531015  0.367912     2.7765      0.173435  0.531015  0.36933      2.54155
2                   338     0.208697  0.517336  0.400613     2.11834     0.210191  0.517336  0.399727     2.11538
3                   313     0.222351  0.526465  0.41121      1.22364     0.226302  0.526465  0.41433      1.18211
mean               1000     0.200644  0.524967  0.392517     2.068       0.202406  0.524967  0.393689     1.972

Challenge file is read: /apc/dataset/test/10fold_10K_b/fold-008.json
category      instances    precision    recall      ndcg    extender    precision    recall      ndcg    extender
----------  -----------  -----------  --------  --------  ----------  -----------  --------  --------  ----------
1                   316     0.186806  0.543111  0.386018     2.21203     0.195514  0.543111  0.391289     1.93354
2                   346     0.21472   0.519567  0.399385     2.33237     0.217448  0.519567  0.403527     2.37283
3                   338     0.20823   0.515467  0.391756     1.68047     0.205361  0.515467  0.392719     1.50592
mean               1000     0.203706  0.525621  0.392582     2.074       0.206432  0.525621  0.396007     1.941

Challenge file is read: /apc/dataset/test/10fold_10K_b/fold-009.json
category      instances    precision    recall      ndcg    extender    precision    recall      ndcg    extender
----------  -----------  -----------  --------  --------  ----------  -----------  --------  --------  ----------
1                   331     0.169359  0.515045  0.355322     1.58912     0.173037  0.515045  0.355331     1.50453
2                   334     0.196263  0.509932  0.387177     1.84731     0.198519  0.509932  0.389068     1.91617
3                   335     0.203003  0.509574  0.396757     1.95224     0.202612  0.509574  0.396082     1.97313
mean               1000     0.189616  0.511504  0.379842     1.797       0.191455  0.511504  0.380251     1.799

Challenge file is read: /apc/dataset/test/10fold_10K_b/fold-010.json
category      instances    precision    recall      ndcg    extender    precision    recall      ndcg    extender
----------  -----------  -----------  --------  --------  ----------  -----------  --------  --------  ----------
1                   357     0.188956  0.53429   0.385064     1.82633     0.192383  0.53429   0.386543     1.57983
2                   329     0.205481  0.507546  0.386333     1.87538     0.209509  0.507546  0.388895     1.72644
3                   314     0.194608  0.496962  0.380076     2.44904     0.201347  0.496962  0.385413     2.47134
mean               1000     0.196168  0.513771  0.383915     2.038       0.200832  0.513771  0.386962     1.908


*** SORTER = GeoSort
*** FEATURES = All features

Challenge file is read: /apc/dataset/test/10fold_10K_b/fold-001.json
category      instances    precision    recall      ndcg    extender    precision    recall      ndcg    extender
----------  -----------  -----------  --------  --------  ----------  -----------  --------  --------  ----------
1                   329     0.196801  0.554308  0.397239     1.769       0.204813  0.554308  0.400821     1.70517
2                   322     0.21456   0.521046  0.405065     2.15528     0.218346  0.521046  0.408949     2.09317
3                   349     0.19488   0.505617  0.38349      1.74212     0.199977  0.505617  0.386901     1.70774
mean               1000     0.201849  0.526604  0.394961     1.884       0.207483  0.526604  0.39858      1.831

Challenge file is read: /apc/dataset/test/10fold_10K_b/fold-002.json
category      instances    precision    recall      ndcg    extender    precision    recall      ndcg    extender
----------  -----------  -----------  --------  --------  ----------  -----------  --------  --------  ----------
1                   323     0.18184   0.547606  0.379703     1.9969      0.189274  0.547606  0.383725     1.92879
2                   316     0.19158   0.50409   0.383825     1.87658     0.194338  0.50409   0.385898     1.86709
3                   361     0.202162  0.502486  0.388083     1.29086     0.207668  0.502486  0.391737     1.33795
mean               1000     0.192254  0.517567  0.38403      1.704       0.197514  0.517567  0.387304     1.696

Challenge file is read: /apc/dataset/test/10fold_10K_b/fold-003.json
category      instances    precision    recall      ndcg    extender    precision    recall      ndcg    extender
----------  -----------  -----------  --------  --------  ----------  -----------  --------  --------  ----------
1                   332     0.183705  0.533634  0.373765     2.18373     0.187859  0.533634  0.377697     2.15361
2                   318     0.192097  0.502211  0.377662     1.87107     0.196812  0.502211  0.381235     1.79874
3                   350     0.202147  0.49065   0.383747     1.49143     0.204749  0.49065   0.385506     1.40286
mean               1000     0.192828  0.508597  0.378498     1.842       0.196617  0.508597  0.381555     1.778

Challenge file is read: /apc/dataset/test/10fold_10K_b/fold-004.json
category      instances    precision    recall      ndcg    extender    precision    recall      ndcg    extender
----------  -----------  -----------  --------  --------  ----------  -----------  --------  --------  ----------
1                   333     0.191286  0.52681   0.385667     2.13814     0.19336   0.52681   0.386831     2.11111
2                   341     0.207888  0.517361  0.396843     1.57185     0.20904   0.517361  0.398148     1.4868
3                   326     0.203018  0.514812  0.399585     1.42025     0.20445   0.514812  0.401419     1.38037
mean               1000     0.200772  0.519677  0.394015     1.711       0.202322  0.519677  0.395446     1.66

Challenge file is read: /apc/dataset/test/10fold_10K_b/fold-005.json
category      instances    precision    recall      ndcg    extender    precision    recall      ndcg    extender
----------  -----------  -----------  --------  --------  ----------  -----------  --------  --------  ----------
1                   300     0.217027  0.550244  0.415206     1.09667     0.226515  0.550244  0.420195     1.02333
2                   360     0.22069   0.525039  0.409512     2.05556     0.221895  0.525039  0.411476     1.99722
3                   340     0.200328  0.492578  0.379581     1.82941     0.203938  0.492578  0.381334     1.96471
mean               1000     0.212668  0.521564  0.401044     1.691       0.217176  0.521564  0.403843     1.694

Challenge file is read: /apc/dataset/test/10fold_10K_b/fold-006.json
category      instances    precision    recall      ndcg    extender    precision    recall      ndcg    extender
----------  -----------  -----------  --------  --------  ----------  -----------  --------  --------  ----------
1                   352     0.198294  0.5726    0.406744     1.74432     0.199868  0.5726    0.410435     1.75
2                   318     0.20024   0.524489  0.39349      1.5         0.206352  0.524489  0.398965     1.48113
3                   330     0.192298  0.508331  0.384463     1.63636     0.198407  0.508331  0.387921     1.59697
mean               1000     0.196934  0.536092  0.395177     1.631       0.201448  0.536092  0.399358     1.614

Challenge file is read: /apc/dataset/test/10fold_10K_b/fold-007.json
category      instances    precision    recall      ndcg    extender    precision    recall      ndcg    extender
----------  -----------  -----------  --------  --------  ----------  -----------  --------  --------  ----------
1                   349     0.173376  0.531015  0.367912     2.7765      0.175168  0.531015  0.370591     2.58166
2                   338     0.208697  0.517336  0.400613     2.11834     0.212708  0.517336  0.401744     2.13018
3                   313     0.222351  0.526465  0.41121      1.22364     0.226632  0.526465  0.413618     1.1853
mean               1000     0.200644  0.524967  0.392517     2.068       0.203965  0.524967  0.394588     1.992

Challenge file is read: /apc/dataset/test/10fold_10K_b/fold-008.json
category      instances    precision    recall      ndcg    extender    precision    recall      ndcg    extender
----------  -----------  -----------  --------  --------  ----------  -----------  --------  --------  ----------
1                   316     0.186806  0.543111  0.386018     2.21203     0.195373  0.543111  0.391155     1.96519
2                   346     0.21472   0.519567  0.399385     2.33237     0.217726  0.519567  0.401766     2.37861
3                   338     0.20823   0.515467  0.391756     1.68047     0.208633  0.515467  0.393461     1.57692
mean               1000     0.203706  0.525621  0.392582     2.074       0.207589  0.525621  0.395606     1.977

Challenge file is read: /apc/dataset/test/10fold_10K_b/fold-009.json
category      instances    precision    recall      ndcg    extender    precision    recall      ndcg    extender
----------  -----------  -----------  --------  --------  ----------  -----------  --------  --------  ----------
1                   331     0.169359  0.515045  0.355322     1.58912     0.172044  0.515045  0.359167     1.56495
2                   334     0.196263  0.509932  0.387177     1.84731     0.201088  0.509932  0.392467     1.84132
3                   335     0.203003  0.509574  0.396757     1.95224     0.20484   0.509574  0.399119     1.92836
mean               1000     0.189616  0.511504  0.379842     1.797       0.192731  0.511504  0.383673     1.779

Challenge file is read: /apc/dataset/test/10fold_10K_b/fold-010.json
category      instances    precision    recall      ndcg    extender    precision    recall      ndcg    extender
----------  -----------  -----------  --------  --------  ----------  -----------  --------  --------  ----------
1                   357     0.188956  0.53429   0.385064     1.82633     0.191862  0.53429   0.386688     1.63585
2                   329     0.205481  0.507546  0.386333     1.87538     0.210326  0.507546  0.390285     1.75684
3                   314     0.194608  0.496962  0.380076     2.44904     0.201691  0.496962  0.38521      2.47452
mean               1000     0.196168  0.513771  0.383915     2.038       0.201023  0.513771  0.387407     1.939
