*** SORTER = FreqSort
*** FEATURES = All features except 30

Challenge file is read: /apc/dataset/test/10fold_10K_b/fold-001.json
category      instances    precision    recall      ndcg    extender    precision    recall      ndcg    extender
----------  -----------  -----------  --------  --------  ----------  -----------  --------  --------  ----------
1                   329     0.190308  0.550454  0.392286     1.81155     0.20213   0.550454  0.397493     1.69605
2                   322     0.207648  0.514486  0.397661     2.27019     0.214894  0.514486  0.40334      2.28571
3                   349     0.193218  0.501637  0.380966     1.78223     0.194915  0.501637  0.382498     1.76791
mean               1000     0.196907  0.521835  0.390066     1.949       0.203722  0.521835  0.394143     1.911

Challenge file is read: /apc/dataset/test/10fold_10K_b/fold-002.json
category      instances    precision    recall      ndcg    extender    precision    recall      ndcg    extender
----------  -----------  -----------  --------  --------  ----------  -----------  --------  --------  ----------
1                   323     0.176152  0.542706  0.37259      2.01858     0.187556  0.542706  0.380599     1.94427
2                   316     0.190852  0.498885  0.379208     1.94304     0.196698  0.498885  0.382089     1.83228
3                   361     0.198174  0.499844  0.384229     1.31579     0.206345  0.499844  0.389339     1.33518
mean               1000     0.188747  0.513385  0.378883     1.741       0.197227  0.513385  0.384225     1.689

Challenge file is read: /apc/dataset/test/10fold_10K_b/fold-003.json
category      instances    precision    recall      ndcg    extender    precision    recall      ndcg    extender
----------  -----------  -----------  --------  --------  ----------  -----------  --------  --------  ----------
1                   332     0.177335  0.530564  0.367804     2.29518     0.18439   0.530564  0.375337     2.17169
2                   318     0.185889  0.499573  0.371489     1.89937     0.195343  0.499573  0.378949     1.74843
3                   350     0.198337  0.487257  0.379635     1.53714     0.203336  0.487257  0.383295     1.49429
mean               1000     0.187406  0.505551  0.373117     1.904       0.194504  0.505551  0.379271     1.8

Challenge file is read: /apc/dataset/test/10fold_10K_b/fold-004.json
category      instances    precision    recall      ndcg    extender    precision    recall      ndcg    extender
----------  -----------  -----------  --------  --------  ----------  -----------  --------  --------  ----------
1                   333     0.188384  0.519507  0.380052     2.18018     0.194438  0.519507  0.384221     2.19219
2                   341     0.197933  0.512618  0.390664     1.65103     0.211666  0.512618  0.396507     1.49853
3                   326     0.200581  0.510931  0.394554     1.46012     0.208488  0.510931  0.399626     1.32515
mean               1000     0.195616  0.514362  0.388398     1.765       0.204893  0.514362  0.393433     1.673

Challenge file is read: /apc/dataset/test/10fold_10K_b/fold-005.json
category      instances    precision    recall      ndcg    extender    precision    recall      ndcg    extender
----------  -----------  -----------  --------  --------  ----------  -----------  --------  --------  ----------
1                   300     0.212645  0.542588  0.404847     1.16333     0.225216  0.542588  0.416557    0.996667
2                   360     0.212488  0.519196  0.401397     2.07778     0.220337  0.519196  0.40686     1.96944
3                   340     0.196114  0.488151  0.376338     1.82647     0.203141  0.488151  0.379147    1.89412
mean               1000     0.206968  0.515658  0.393912     1.718       0.215954  0.515658  0.400347    1.652

Challenge file is read: /apc/dataset/test/10fold_10K_b/fold-006.json
category      instances    precision    recall      ndcg    extender    precision    recall      ndcg    extender
----------  -----------  -----------  --------  --------  ----------  -----------  --------  --------  ----------
1                   352     0.189889  0.563776  0.398632     1.8267      0.192588  0.563776  0.3999       1.82102
2                   318     0.196323  0.520457  0.389055     1.59119     0.205756  0.520457  0.395535     1.51887
3                   330     0.186885  0.500905  0.377504     1.77273     0.19263   0.500905  0.379953     1.79091
mean               1000     0.190943  0.529254  0.388614     1.734       0.196789  0.529254  0.391929     1.715

Challenge file is read: /apc/dataset/test/10fold_10K_b/fold-007.json
category      instances    precision    recall      ndcg    extender    precision    recall      ndcg    extender
----------  -----------  -----------  --------  --------  ----------  -----------  --------  --------  ----------
1                   349     0.169246  0.527348  0.36242      2.84527     0.174596  0.527348  0.366467     2.6533
2                   338     0.203052  0.513066  0.394893     2.18343     0.212213  0.513066  0.398979     2.19231
3                   313     0.218582  0.523836  0.408587     1.15655     0.225629  0.523836  0.412861     1.05112
mean               1000     0.196115  0.521421  0.387846     2.093       0.203284  0.521421  0.391978     1.996

Challenge file is read: /apc/dataset/test/10fold_10K_b/fold-008.json
category      instances    precision    recall      ndcg    extender    precision    recall      ndcg    extender
----------  -----------  -----------  --------  --------  ----------  -----------  --------  --------  ----------
1                   316     0.184188  0.537795  0.381442     2.32278     0.199867  0.537795  0.390267     2.11392
2                   346     0.21011   0.516351  0.394892     2.34104     0.21948   0.516351  0.400959     2.36705
3                   338     0.201766  0.510944  0.386723     1.73669     0.206528  0.510944  0.391573     1.57692
mean               1000     0.199098  0.5213    0.387881     2.131       0.208905  0.5213    0.394408     2.02

Challenge file is read: /apc/dataset/test/10fold_10K_b/fold-009.json
category      instances    precision    recall      ndcg    extender    precision    recall      ndcg    extender
----------  -----------  -----------  --------  --------  ----------  -----------  --------  --------  ----------
1                   331     0.162144  0.509471  0.347991     1.64955     0.173699  0.509471  0.354439     1.56495
2                   334     0.191208  0.507823  0.382858     1.82036     0.199731  0.507823  0.39004      1.85329
3                   335     0.196476  0.506673  0.391768     1.99701     0.203243  0.506673  0.395467     1.95821
mean               1000     0.183353  0.507983  0.374302     1.823       0.192291  0.507983  0.380074     1.793

Challenge file is read: /apc/dataset/test/10fold_10K_b/fold-010.json
category      instances    precision    recall      ndcg    extender    precision    recall      ndcg    extender
----------  -----------  -----------  --------  --------  ----------  -----------  --------  --------  ----------
1                   357     0.184551  0.530249  0.379859     1.90196     0.189167  0.530249  0.383417     1.77871
2                   329     0.200522  0.500576  0.382547     2.02128     0.209841  0.500576  0.387521     1.73252
3                   314     0.192375  0.492455  0.375428     2.56369     0.199852  0.492455  0.381677     2.49045
mean               1000     0.192262  0.50862   0.379352     2.149       0.199324  0.50862   0.384221     1.987


*** SORTER = FreqSort
*** FEATURES = All features

Challenge file is read: /apc/dataset/test/10fold_10K_b/fold-001.json
category      instances    precision    recall      ndcg    extender    precision    recall      ndcg    extender
----------  -----------  -----------  --------  --------  ----------  -----------  --------  --------  ----------
1                   329     0.190308  0.550454  0.392286     1.81155     0.204936  0.550454  0.39859      1.70213
2                   322     0.207648  0.514486  0.397661     2.27019     0.21609   0.514486  0.403297     2.29503
3                   349     0.193218  0.501637  0.380966     1.78223     0.197222  0.501637  0.384472     1.7937
mean               1000     0.196907  0.521835  0.390066     1.949       0.205836  0.521835  0.395179     1.925

Challenge file is read: /apc/dataset/test/10fold_10K_b/fold-002.json
category      instances    precision    recall      ndcg    extender    precision    recall      ndcg    extender
----------  -----------  -----------  --------  --------  ----------  -----------  --------  --------  ----------
1                   323     0.176152  0.542706  0.37259      2.01858     0.191152  0.542706  0.381849     1.91331
2                   316     0.190852  0.498885  0.379208     1.94304     0.193712  0.498885  0.38257      1.93354
3                   361     0.198174  0.499844  0.384229     1.31579     0.205626  0.499844  0.389925     1.33795
mean               1000     0.188747  0.513385  0.378883     1.741       0.197186  0.513385  0.384992     1.712

Challenge file is read: /apc/dataset/test/10fold_10K_b/fold-003.json
category      instances    precision    recall      ndcg    extender    precision    recall      ndcg    extender
----------  -----------  -----------  --------  --------  ----------  -----------  --------  --------  ----------
1                   332     0.177335  0.530564  0.367804     2.29518     0.184285  0.530564  0.374045     2.20482
2                   318     0.185889  0.499573  0.371489     1.89937     0.193882  0.499573  0.377464     1.80189
3                   350     0.198337  0.487257  0.379635     1.53714     0.202646  0.487257  0.383143     1.44857
mean               1000     0.187406  0.505551  0.373117     1.904       0.193763  0.505551  0.378317     1.812

Challenge file is read: /apc/dataset/test/10fold_10K_b/fold-004.json
category      instances    precision    recall      ndcg    extender    precision    recall      ndcg    extender
----------  -----------  -----------  --------  --------  ----------  -----------  --------  --------  ----------
1                   333     0.188384  0.519507  0.380052     2.18018     0.194797  0.519507  0.385654     2.14715
2                   341     0.197933  0.512618  0.390664     1.65103     0.211613  0.512618  0.396805     1.4956
3                   326     0.200581  0.510931  0.394554     1.46012     0.208803  0.510931  0.399524     1.35276
mean               1000     0.195616  0.514362  0.388398     1.765       0.205097  0.514362  0.393978     1.666

Challenge file is read: /apc/dataset/test/10fold_10K_b/fold-005.json
category      instances    precision    recall      ndcg    extender    precision    recall      ndcg    extender
----------  -----------  -----------  --------  --------  ----------  -----------  --------  --------  ----------
1                   300     0.212645  0.542588  0.404847     1.16333     0.225204  0.542588  0.41575      1.01333
2                   360     0.212488  0.519196  0.401397     2.07778     0.222521  0.519196  0.407631     2.06944
3                   340     0.196114  0.488151  0.376338     1.82647     0.201849  0.488151  0.378334     1.96765
mean               1000     0.206968  0.515658  0.393912     1.718       0.216298  0.515658  0.400106     1.718

Challenge file is read: /apc/dataset/test/10fold_10K_b/fold-006.json
category      instances    precision    recall      ndcg    extender    precision    recall      ndcg    extender
----------  -----------  -----------  --------  --------  ----------  -----------  --------  --------  ----------
1                   352     0.189889  0.563776  0.398632     1.8267      0.201374  0.563776  0.406022     1.7017
2                   318     0.196323  0.520457  0.389055     1.59119     0.206741  0.520457  0.399087     1.5
3                   330     0.186885  0.500905  0.377504     1.77273     0.198679  0.500905  0.383533     1.72727
mean               1000     0.190943  0.529254  0.388614     1.734       0.202191  0.529254  0.396395     1.646

Challenge file is read: /apc/dataset/test/10fold_10K_b/fold-007.json
category      instances    precision    recall      ndcg    extender    precision    recall      ndcg    extender
----------  -----------  -----------  --------  --------  ----------  -----------  --------  --------  ----------
1                   349     0.169246  0.527348  0.36242      2.84527     0.174995  0.527348  0.367518     2.64756
2                   338     0.203052  0.513066  0.394893     2.18343     0.210255  0.513066  0.39788      2.20118
3                   313     0.218582  0.523836  0.408587     1.15655     0.226853  0.523836  0.411592     1.07987
mean               1000     0.196115  0.521421  0.387846     2.093       0.203145  0.521421  0.391576     2.006

Challenge file is read: /apc/dataset/test/10fold_10K_b/fold-008.json
category      instances    precision    recall      ndcg    extender    precision    recall      ndcg    extender
----------  -----------  -----------  --------  --------  ----------  -----------  --------  --------  ----------
1                   316     0.184188  0.537795  0.381442     2.32278     0.195084  0.537795  0.388214     2.13924
2                   346     0.21011   0.516351  0.394892     2.34104     0.215099  0.516351  0.400748     2.41329
3                   338     0.201766  0.510944  0.386723     1.73669     0.206625  0.510944  0.392123     1.63905
mean               1000     0.199098  0.5213    0.387881     2.131       0.20591   0.5213    0.393872     2.065

Challenge file is read: /apc/dataset/test/10fold_10K_b/fold-009.json
category      instances    precision    recall      ndcg    extender    precision    recall      ndcg    extender
----------  -----------  -----------  --------  --------  ----------  -----------  --------  --------  ----------
1                   331     0.162144  0.509471  0.347991     1.64955     0.172933  0.509471  0.353944     1.61027
2                   334     0.191208  0.507823  0.382858     1.82036     0.200595  0.507823  0.390153     1.78443
3                   335     0.196476  0.506673  0.391768     1.99701     0.203811  0.506673  0.395956     1.9403
mean               1000     0.183353  0.507983  0.374302     1.823       0.192516  0.507983  0.380112     1.779

Challenge file is read: /apc/dataset/test/10fold_10K_b/fold-010.json
category      instances    precision    recall      ndcg    extender    precision    recall      ndcg    extender
----------  -----------  -----------  --------  --------  ----------  -----------  --------  --------  ----------
1                   357     0.184551  0.530249  0.379859     1.90196     0.192199  0.530249  0.382565     1.81232
2                   329     0.200522  0.500576  0.382547     2.02128     0.207733  0.500576  0.386398     1.82371
3                   314     0.192375  0.492455  0.375428     2.56369     0.200315  0.492455  0.380647     2.50955
mean               1000     0.192262  0.50862   0.379352     2.149       0.199858  0.50862   0.383224     2.035
