*** SORTER = GeoSort
*** FEATURES = Lucene TWM features

Challenge file is read: /apc/dataset/test/10fold_10K_b/fold-001.json
category      instances    precision    recall      ndcg    extender    precision    recall      ndcg    extender
----------  -----------  -----------  --------  --------  ----------  -----------  --------  --------  ----------
1                   329     0.196801  0.554308  0.397239     1.769      0.0866319  0.554308  0.286537     3.70821
2                   322     0.21456   0.521046  0.405065     2.15528    0.104911   0.521046  0.299115     3.18012
3                   349     0.19488   0.505617  0.38349      1.74212    0.100416   0.505617  0.290584     2.84814
mean               1000     0.201849  0.526604  0.394961     1.884      0.0973285  0.526604  0.292        3.238

Challenge file is read: /apc/dataset/test/10fold_10K_b/fold-002.json
category      instances    precision    recall      ndcg    extender    precision    recall      ndcg    extender
----------  -----------  -----------  --------  --------  ----------  -----------  --------  --------  ----------
1                   323     0.18184   0.547606  0.379703     1.9969     0.0794423  0.547606  0.27581      3.66254
2                   316     0.19158   0.50409   0.383825     1.87658    0.10106    0.50409   0.287735     3.52215
3                   361     0.202162  0.502486  0.388083     1.29086    0.111586   0.502486  0.298873     2.48199
mean               1000     0.192254  0.517567  0.38403      1.704      0.0978776  0.517567  0.287904     3.192

Challenge file is read: /apc/dataset/test/10fold_10K_b/fold-003.json
category      instances    precision    recall      ndcg    extender    precision    recall      ndcg    extender
----------  -----------  -----------  --------  --------  ----------  -----------  --------  --------  ----------
1                   332     0.183705  0.533634  0.373765     2.18373    0.0739165  0.533634  0.270805     4.09639
2                   318     0.192097  0.502211  0.377662     1.87107    0.0979938  0.502211  0.281282     3.06289
3                   350     0.202147  0.49065   0.383747     1.49143    0.103112   0.49065   0.289785     2.68571
mean               1000     0.192828  0.508597  0.378498     1.842      0.0917916  0.508597  0.28078      3.274

Challenge file is read: /apc/dataset/test/10fold_10K_b/fold-004.json
category      instances    precision    recall      ndcg    extender    precision    recall      ndcg    extender
----------  -----------  -----------  --------  --------  ----------  -----------  --------  --------  ----------
1                   333     0.191286  0.52681   0.385667     2.13814    0.0885903  0.52681   0.284138     3.31832
2                   341     0.207888  0.517361  0.396843     1.57185    0.117961   0.517361  0.305574     2.58651
3                   326     0.203018  0.514812  0.399585     1.42025    0.118642   0.514812  0.309786     2.26994
mean               1000     0.200772  0.519677  0.394015     1.711      0.108403   0.519677  0.299809     2.727

Challenge file is read: /apc/dataset/test/10fold_10K_b/fold-005.json
category      instances    precision    recall      ndcg    extender    precision    recall      ndcg    extender
----------  -----------  -----------  --------  --------  ----------  -----------  --------  --------  ----------
1                   300     0.217027  0.550244  0.415206     1.09667    0.105253   0.550244  0.304013     2.85667
2                   360     0.22069   0.525039  0.409512     2.05556    0.106454   0.525039  0.303579     3.67778
3                   340     0.200328  0.492578  0.379581     1.82941    0.0993678  0.492578  0.288851     3.33235
mean               1000     0.212668  0.521564  0.401044     1.691      0.103684   0.521564  0.298702     3.314

Challenge file is read: /apc/dataset/test/10fold_10K_b/fold-006.json
category      instances    precision    recall      ndcg    extender    precision    recall      ndcg    extender
----------  -----------  -----------  --------  --------  ----------  -----------  --------  --------  ----------
1                   352     0.198294  0.5726    0.406744     1.74432    0.0814526  0.5726    0.29068      3.76989
2                   318     0.20024   0.524489  0.39349      1.5        0.0990472  0.524489  0.296091     2.93082
3                   330     0.192298  0.508331  0.384463     1.63636    0.104131   0.508331  0.294193     3.08788
mean               1000     0.196934  0.536092  0.395177     1.631      0.0945314  0.536092  0.29356      3.278

Challenge file is read: /apc/dataset/test/10fold_10K_b/fold-007.json
category      instances    precision    recall      ndcg    extender    precision    recall      ndcg    extender
----------  -----------  -----------  --------  --------  ----------  -----------  --------  --------  ----------
1                   349     0.173376  0.531015  0.367912     2.7765     0.074292   0.531015  0.268158     4.69914
2                   338     0.208697  0.517336  0.400613     2.11834    0.1009     0.517336  0.295605     3.4645
3                   313     0.222351  0.526465  0.41121      1.22364    0.115886   0.526465  0.312443     2.35783
mean               1000     0.200644  0.524967  0.392517     2.068      0.0963042  0.524967  0.291296     3.549

Challenge file is read: /apc/dataset/test/10fold_10K_b/fold-008.json
category      instances    precision    recall      ndcg    extender    precision    recall      ndcg    extender
----------  -----------  -----------  --------  --------  ----------  -----------  --------  --------  ----------
1                   316     0.186806  0.543111  0.386018     2.21203    0.0866782  0.543111  0.286284     3.27848
2                   346     0.21472   0.519567  0.399385     2.33237    0.10986    0.519567  0.296161     3.63873
3                   338     0.20823   0.515467  0.391756     1.68047    0.107253   0.515467  0.298894     3.03846
mean               1000     0.203706  0.525621  0.392582     2.074      0.101654   0.525621  0.293964     3.322

Challenge file is read: /apc/dataset/test/10fold_10K_b/fold-009.json
category      instances    precision    recall      ndcg    extender    precision    recall      ndcg    extender
----------  -----------  -----------  --------  --------  ----------  -----------  --------  --------  ----------
1                   331     0.169359  0.515045  0.355322     1.58912    0.0805554  0.515045  0.270072     2.89124
2                   334     0.196263  0.509932  0.387177     1.84731    0.10033    0.509932  0.291516     3.1018
3                   335     0.203003  0.509574  0.396757     1.95224    0.107683   0.509574  0.299038     3.10746
mean               1000     0.189616  0.511504  0.379842     1.797      0.0962479  0.511504  0.286938     3.034

Challenge file is read: /apc/dataset/test/10fold_10K_b/fold-010.json
category      instances    precision    recall      ndcg    extender    precision    recall      ndcg    extender
----------  -----------  -----------  --------  --------  ----------  -----------  --------  --------  ----------
1                   357     0.188956  0.53429   0.385064     1.82633    0.0834737  0.53429   0.276424     3.39776
2                   329     0.205481  0.507546  0.386333     1.87538    0.0996009  0.507546  0.288315     3.10942
3                   314     0.194608  0.496962  0.380076     2.44904    0.0970768  0.496962  0.286389     4
mean               1000     0.196168  0.513771  0.383915     2.038      0.0930509  0.513771  0.283465     3.492


*** SORTER = GeoSort
*** FEATURES = Lucene TWM features + 33 + 34

Challenge file is read: /apc/dataset/test/10fold_10K_b/fold-001.json
category      instances    precision    recall      ndcg    extender    precision    recall      ndcg    extender
----------  -----------  -----------  --------  --------  ----------  -----------  --------  --------  ----------
1                   329     0.196801  0.554308  0.397239     1.769       0.197741  0.554308  0.397127     1.73556
2                   322     0.21456   0.521046  0.405065     2.15528     0.215716  0.521046  0.40398      1.99068
3                   349     0.19488   0.505617  0.38349      1.74212     0.195788  0.505617  0.384272     1.75358
mean               1000     0.201849  0.526604  0.394961     1.884       0.202847  0.526604  0.394847     1.824

Challenge file is read: /apc/dataset/test/10fold_10K_b/fold-002.json
category      instances    precision    recall      ndcg    extender    precision    recall      ndcg    extender
----------  -----------  -----------  --------  --------  ----------  -----------  --------  --------  ----------
1                   323     0.18184   0.547606  0.379703     1.9969      0.180763  0.547606  0.379475     1.98142
2                   316     0.19158   0.50409   0.383825     1.87658     0.193357  0.50409   0.382997     1.81646
3                   361     0.202162  0.502486  0.388083     1.29086     0.204456  0.502486  0.389576     1.2964
mean               1000     0.192254  0.517567  0.38403      1.704       0.193296  0.517567  0.384235     1.682

Challenge file is read: /apc/dataset/test/10fold_10K_b/fold-003.json
category      instances    precision    recall      ndcg    extender    precision    recall      ndcg    extender
----------  -----------  -----------  --------  --------  ----------  -----------  --------  --------  ----------
1                   332     0.183705  0.533634  0.373765     2.18373     0.181357  0.533634  0.3723       2.21084
2                   318     0.192097  0.502211  0.377662     1.87107     0.190268  0.502211  0.374127     1.82704
3                   350     0.202147  0.49065   0.383747     1.49143     0.201751  0.49065   0.383176     1.54
mean               1000     0.192828  0.508597  0.378498     1.842       0.191328  0.508597  0.376687     1.854

Challenge file is read: /apc/dataset/test/10fold_10K_b/fold-004.json
category      instances    precision    recall      ndcg    extender    precision    recall      ndcg    extender
----------  -----------  -----------  --------  --------  ----------  -----------  --------  --------  ----------
1                   333     0.191286  0.52681   0.385667     2.13814     0.191737  0.52681   0.383543     2.0991
2                   341     0.207888  0.517361  0.396843     1.57185     0.2089    0.517361  0.395901     1.51906
3                   326     0.203018  0.514812  0.399585     1.42025     0.202489  0.514812  0.397785     1.38344
mean               1000     0.200772  0.519677  0.394015     1.711       0.201095  0.519677  0.3924       1.668

Challenge file is read: /apc/dataset/test/10fold_10K_b/fold-005.json
category      instances    precision    recall      ndcg    extender    precision    recall      ndcg    extender
----------  -----------  -----------  --------  --------  ----------  -----------  --------  --------  ----------
1                   300     0.217027  0.550244  0.415206     1.09667     0.220885  0.550244  0.415332     1.13333
2                   360     0.22069   0.525039  0.409512     2.05556     0.219663  0.525039  0.407793     2.08333
3                   340     0.200328  0.492578  0.379581     1.82941     0.200268  0.492578  0.379508     1.84118
mean               1000     0.212668  0.521564  0.401044     1.691       0.213435  0.521564  0.400438     1.716

Challenge file is read: /apc/dataset/test/10fold_10K_b/fold-006.json
category      instances    precision    recall      ndcg    extender    precision    recall      ndcg    extender
----------  -----------  -----------  --------  --------  ----------  -----------  --------  --------  ----------
1                   352     0.198294  0.5726    0.406744     1.74432     0.196473  0.5726    0.405004     1.79545
2                   318     0.20024   0.524489  0.39349      1.5         0.200913  0.524489  0.394694     1.51572
3                   330     0.192298  0.508331  0.384463     1.63636     0.192695  0.508331  0.385067     1.64848
mean               1000     0.196934  0.536092  0.395177     1.631       0.196638  0.536092  0.395146     1.658

Challenge file is read: /apc/dataset/test/10fold_10K_b/fold-007.json
category      instances    precision    recall      ndcg    extender    precision    recall      ndcg    extender
----------  -----------  -----------  --------  --------  ----------  -----------  --------  --------  ----------
1                   349     0.173376  0.531015  0.367912     2.7765      0.172458  0.531015  0.367673     2.76218
2                   338     0.208697  0.517336  0.400613     2.11834     0.209233  0.517336  0.397486     2.10947
3                   313     0.222351  0.526465  0.41121      1.22364     0.221939  0.526465  0.410297     1.28435
mean               1000     0.200644  0.524967  0.392517     2.068       0.200375  0.524967  0.391091     2.079

Challenge file is read: /apc/dataset/test/10fold_10K_b/fold-008.json
category      instances    precision    recall      ndcg    extender    precision    recall      ndcg    extender
----------  -----------  -----------  --------  --------  ----------  -----------  --------  --------  ----------
1                   316     0.186806  0.543111  0.386018     2.21203     0.185183  0.543111  0.383856     2.12025
2                   346     0.21472   0.519567  0.399385     2.33237     0.211881  0.519567  0.398828     2.36994
3                   338     0.20823   0.515467  0.391756     1.68047     0.204259  0.515467  0.390806     1.66272
mean               1000     0.203706  0.525621  0.392582     2.074       0.200868  0.525621  0.391385     2.052

Challenge file is read: /apc/dataset/test/10fold_10K_b/fold-009.json
category      instances    precision    recall      ndcg    extender    precision    recall      ndcg    extender
----------  -----------  -----------  --------  --------  ----------  -----------  --------  --------  ----------
1                   331     0.169359  0.515045  0.355322     1.58912     0.16886   0.515045  0.355808     1.60121
2                   334     0.196263  0.509932  0.387177     1.84731     0.195884  0.509932  0.386269     1.82036
3                   335     0.203003  0.509574  0.396757     1.95224     0.200714  0.509574  0.397566     1.9403
mean               1000     0.189616  0.511504  0.379842     1.797       0.188557  0.511504  0.379971     1.788

Challenge file is read: /apc/dataset/test/10fold_10K_b/fold-010.json
category      instances    precision    recall      ndcg    extender    precision    recall      ndcg    extender
----------  -----------  -----------  --------  --------  ----------  -----------  --------  --------  ----------
1                   357     0.188956  0.53429   0.385064     1.82633     0.18986   0.53429   0.383319     1.77591
2                   329     0.205481  0.507546  0.386333     1.87538     0.206247  0.507546  0.389316     1.7386
3                   314     0.194608  0.496962  0.380076     2.44904     0.1946    0.496962  0.381286     2.46178
mean               1000     0.196168  0.513771  0.383915     2.038       0.196739  0.513771  0.384654     1.979


*** SORTER = GeoSort
*** FEATURES = All features except 30, 33, 34 

Challenge file is read: /apc/dataset/test/10fold_10K_b/fold-001.json
category      instances    precision    recall      ndcg    extender    precision    recall      ndcg    extender
----------  -----------  -----------  --------  --------  ----------  -----------  --------  --------  ----------
1                   329     0.196801  0.554308  0.397239     1.769       0.138176  0.554308  0.335355     2.57751
2                   322     0.21456   0.521046  0.405065     2.15528     0.157724  0.521046  0.349007     2.32298
3                   349     0.19488   0.505617  0.38349      1.74212     0.144049  0.505617  0.332827     1.90544
mean               1000     0.201849  0.526604  0.394961     1.884       0.14652   0.526604  0.338869     2.261

Challenge file is read: /apc/dataset/test/10fold_10K_b/fold-002.json
category      instances    precision    recall      ndcg    extender    precision    recall      ndcg    extender
----------  -----------  -----------  --------  --------  ----------  -----------  --------  --------  ----------
1                   323     0.18184   0.547606  0.379703     1.9969      0.130842  0.547606  0.326183     2.73375
2                   316     0.19158   0.50409   0.383825     1.87658     0.143681  0.50409   0.327977     2.23418
3                   361     0.202162  0.502486  0.388083     1.29086     0.152294  0.502486  0.340265     1.81994
mean               1000     0.192254  0.517567  0.38403      1.704       0.142643  0.517567  0.331833     2.246

Challenge file is read: /apc/dataset/test/10fold_10K_b/fold-003.json
category      instances    precision    recall      ndcg    extender    precision    recall      ndcg    extender
----------  -----------  -----------  --------  --------  ----------  -----------  --------  --------  ----------
1                   332     0.183705  0.533634  0.373765     2.18373     0.126246  0.533634  0.319523     3.16265
2                   318     0.192097  0.502211  0.377662     1.87107     0.140658  0.502211  0.323967     2.22956
3                   350     0.202147  0.49065   0.383747     1.49143     0.152353  0.49065   0.332512     1.85143
mean               1000     0.192828  0.508597  0.378498     1.842       0.139966  0.508597  0.325482     2.407

Challenge file is read: /apc/dataset/test/10fold_10K_b/fold-004.json
category      instances    precision    recall      ndcg    extender    precision    recall      ndcg    extender
----------  -----------  -----------  --------  --------  ----------  -----------  --------  --------  ----------
1                   333     0.191286  0.52681   0.385667     2.13814     0.13332   0.52681   0.328021     2.62763
2                   341     0.207888  0.517361  0.396843     1.57185     0.151062  0.517361  0.343384     1.95308
3                   326     0.203018  0.514812  0.399585     1.42025     0.155487  0.514812  0.347459     1.8865
mean               1000     0.200772  0.519677  0.394015     1.711       0.146597  0.519677  0.339596     2.156

Challenge file is read: /apc/dataset/test/10fold_10K_b/fold-005.json
category      instances    precision    recall      ndcg    extender    precision    recall      ndcg    extender
----------  -----------  -----------  --------  --------  ----------  -----------  --------  --------  ----------
1                   300     0.217027  0.550244  0.415206     1.09667     0.161715  0.550244  0.359545     1.74333
2                   360     0.22069   0.525039  0.409512     2.05556     0.166302  0.525039  0.354051     2.67222
3                   340     0.200328  0.492578  0.379581     1.82941     0.145817  0.492578  0.329513     2.54412
mean               1000     0.212668  0.521564  0.401044     1.691       0.157961  0.521564  0.347356     2.35

Challenge file is read: /apc/dataset/test/10fold_10K_b/fold-006.json
category      instances    precision    recall      ndcg    extender    precision    recall      ndcg    extender
----------  -----------  -----------  --------  --------  ----------  -----------  --------  --------  ----------
1                   352     0.198294  0.5726    0.406744     1.74432     0.146747  0.5726    0.350956     2.4517
2                   318     0.20024   0.524489  0.39349      1.5         0.150994  0.524489  0.348034     2
3                   330     0.192298  0.508331  0.384463     1.63636     0.151502  0.508331  0.334902     2.21515
mean               1000     0.196934  0.536092  0.395177     1.631       0.149667  0.536092  0.344729     2.23

Challenge file is read: /apc/dataset/test/10fold_10K_b/fold-007.json
category      instances    precision    recall      ndcg    extender    precision    recall      ndcg    extender
----------  -----------  -----------  --------  --------  ----------  -----------  --------  --------  ----------
1                   349     0.173376  0.531015  0.367912     2.7765      0.119989  0.531015  0.307653     3.46705
2                   338     0.208697  0.517336  0.400613     2.11834     0.150313  0.517336  0.343161     2.58284
3                   313     0.222351  0.526465  0.41121      1.22364     0.164105  0.526465  0.356447     1.74121
mean               1000     0.200644  0.524967  0.392517     2.068       0.144047  0.524967  0.334927     2.628

Challenge file is read: /apc/dataset/test/10fold_10K_b/fold-008.json
category      instances    precision    recall      ndcg    extender    precision    recall      ndcg    extender
----------  -----------  -----------  --------  --------  ----------  -----------  --------  --------  ----------
1                   316     0.186806  0.543111  0.386018     2.21203     0.129298  0.543111  0.330394     2.54747
2                   346     0.21472   0.519567  0.399385     2.33237     0.15794   0.519567  0.341746     2.86994
3                   338     0.20823   0.515467  0.391756     1.68047     0.153718  0.515467  0.340787     2.10059
mean               1000     0.203706  0.525621  0.392582     2.074       0.147462  0.525621  0.337835     2.508

Challenge file is read: /apc/dataset/test/10fold_10K_b/fold-009.json
category      instances    precision    recall      ndcg    extender    precision    recall      ndcg    extender
----------  -----------  -----------  --------  --------  ----------  -----------  --------  --------  ----------
1                   331     0.169359  0.515045  0.355322     1.58912     0.125143  0.515045  0.310959     2.18429
2                   334     0.196263  0.509932  0.387177     1.84731     0.141385  0.509932  0.329974     2.40719
3                   335     0.203003  0.509574  0.396757     1.95224     0.150625  0.509574  0.342435     2.52537
mean               1000     0.189616  0.511504  0.379842     1.797       0.139104  0.511504  0.327854     2.373

Challenge file is read: /apc/dataset/test/10fold_10K_b/fold-010.json
category      instances    precision    recall      ndcg    extender    precision    recall      ndcg    extender
----------  -----------  -----------  --------  --------  ----------  -----------  --------  --------  ----------
1                   357     0.188956  0.53429   0.385064     1.82633     0.131438  0.53429   0.322603     2.42297
2                   329     0.205481  0.507546  0.386333     1.87538     0.145681  0.507546  0.329149     2.32219
3                   314     0.194608  0.496962  0.380076     2.44904     0.142579  0.496962  0.326986     3.18471
mean               1000     0.196168  0.513771  0.383915     2.038       0.139622  0.513771  0.326133     2.629


*** SORTER = GeoSort
*** FEATURES = All features

Challenge file is read: /apc/dataset/test/10fold_10K_b/fold-001.json
category      instances    precision    recall      ndcg    extender    precision    recall      ndcg    extender
----------  -----------  -----------  --------  --------  ----------  -----------  --------  --------  ----------
1                   329     0.196801  0.554308  0.397239     1.769       0.20344   0.554308  0.402362     1.68389
2                   322     0.21456   0.521046  0.405065     2.15528     0.219237  0.521046  0.408694     2.08696
3                   349     0.19488   0.505617  0.38349      1.74212     0.201175  0.505617  0.38707      1.67335
mean               1000     0.201849  0.526604  0.394961     1.884       0.207736  0.526604  0.399064     1.81

Challenge file is read: /apc/dataset/test/10fold_10K_b/fold-002.json
category      instances    precision    recall      ndcg    extender    precision    recall      ndcg    extender
----------  -----------  -----------  --------  --------  ----------  -----------  --------  --------  ----------
1                   323     0.18184   0.547606  0.379703     1.9969      0.187966  0.547606  0.383585     1.94737
2                   316     0.19158   0.50409   0.383825     1.87658     0.196444  0.50409   0.385405     1.76899
3                   361     0.202162  0.502486  0.388083     1.29086     0.210335  0.502486  0.393201     1.29917
mean               1000     0.192254  0.517567  0.38403      1.704       0.19872   0.517567  0.387631     1.657

Challenge file is read: /apc/dataset/test/10fold_10K_b/fold-003.json
category      instances    precision    recall      ndcg    extender    precision    recall      ndcg    extender
----------  -----------  -----------  --------  --------  ----------  -----------  --------  --------  ----------
1                   332     0.183705  0.533634  0.373765     2.18373     0.189322  0.533634  0.379362     2.16566
2                   318     0.192097  0.502211  0.377662     1.87107     0.196823  0.502211  0.381445     1.7327
3                   350     0.202147  0.49065   0.383747     1.49143     0.205131  0.49065   0.386434     1.39143
mean               1000     0.192828  0.508597  0.378498     1.842       0.197241  0.508597  0.3825       1.757

Challenge file is read: /apc/dataset/test/10fold_10K_b/fold-004.json
category      instances    precision    recall      ndcg    extender    precision    recall      ndcg    extender
----------  -----------  -----------  --------  --------  ----------  -----------  --------  --------  ----------
1                   333     0.191286  0.52681   0.385667     2.13814     0.197497  0.52681   0.388371     2.06607
2                   341     0.207888  0.517361  0.396843     1.57185     0.213666  0.517361  0.399565     1.4868
3                   326     0.203018  0.514812  0.399585     1.42025     0.209927  0.514812  0.40363      1.35276
mean               1000     0.200772  0.519677  0.394015     1.711       0.207063  0.519677  0.397163     1.636

Challenge file is read: /apc/dataset/test/10fold_10K_b/fold-005.json
category      instances    precision    recall      ndcg    extender    precision    recall      ndcg    extender
----------  -----------  -----------  --------  --------  ----------  -----------  --------  --------  ----------
1                   300     0.217027  0.550244  0.415206     1.09667     0.227421  0.550244  0.421463     0.98
2                   360     0.22069   0.525039  0.409512     2.05556     0.223998  0.525039  0.412        1.97778
3                   340     0.200328  0.492578  0.379581     1.82941     0.20589   0.492578  0.381393     1.94118
mean               1000     0.212668  0.521564  0.401044     1.691       0.218868  0.521564  0.404432     1.666

Challenge file is read: /apc/dataset/test/10fold_10K_b/fold-006.json
category      instances    precision    recall      ndcg    extender    precision    recall      ndcg    extender
----------  -----------  -----------  --------  --------  ----------  -----------  --------  --------  ----------
1                   352     0.198294  0.5726    0.406744     1.74432     0.200487  0.5726    0.410007     1.75284
2                   318     0.20024   0.524489  0.39349      1.5         0.206562  0.524489  0.399274     1.48428
3                   330     0.192298  0.508331  0.384463     1.63636     0.197338  0.508331  0.387508     1.59697
mean               1000     0.196934  0.536092  0.395177     1.631       0.20138   0.536092  0.399169     1.616

Challenge file is read: /apc/dataset/test/10fold_10K_b/fold-007.json
category      instances    precision    recall      ndcg    extender    precision    recall      ndcg    extender
----------  -----------  -----------  --------  --------  ----------  -----------  --------  --------  ----------
1                   349     0.173376  0.531015  0.367912     2.7765      0.174669  0.531015  0.370986     2.57307
2                   338     0.208697  0.517336  0.400613     2.11834     0.211532  0.517336  0.40165      2.13018
3                   313     0.222351  0.526465  0.41121      1.22364     0.225415  0.526465  0.414914     1.19808
mean               1000     0.200644  0.524967  0.392517     2.068       0.203012  0.524967  0.3951       1.993

Challenge file is read: /apc/dataset/test/10fold_10K_b/fold-008.json
category      instances    precision    recall      ndcg    extender    precision    recall      ndcg    extender
----------  -----------  -----------  --------  --------  ----------  -----------  --------  --------  ----------
1                   316     0.186806  0.543111  0.386018     2.21203     0.195509  0.543111  0.391272     1.93038
2                   346     0.21472   0.519567  0.399385     2.33237     0.21894   0.519567  0.403133     2.39595
3                   338     0.20823   0.515467  0.391756     1.68047     0.209553  0.515467  0.394381     1.55917
mean               1000     0.203706  0.525621  0.392582     2.074       0.208363  0.525621  0.396427     1.966

Challenge file is read: /apc/dataset/test/10fold_10K_b/fold-009.json
category      instances    precision    recall      ndcg    extender    precision    recall      ndcg    extender
----------  -----------  -----------  --------  --------  ----------  -----------  --------  --------  ----------
1                   331     0.169359  0.515045  0.355322     1.58912     0.174917  0.515045  0.359205     1.53474
2                   334     0.196263  0.509932  0.387177     1.84731     0.201562  0.509932  0.392112     1.78743
3                   335     0.203003  0.509574  0.396757     1.95224     0.207465  0.509574  0.399786     1.89851
mean               1000     0.189616  0.511504  0.379842     1.797       0.19472   0.511504  0.38379      1.741

Challenge file is read: /apc/dataset/test/10fold_10K_b/fold-010.json
category      instances    precision    recall      ndcg    extender    precision    recall      ndcg    extender
----------  -----------  -----------  --------  --------  ----------  -----------  --------  --------  ----------
1                   357     0.188956  0.53429   0.385064     1.82633     0.193369  0.53429   0.385836     1.65826
2                   329     0.205481  0.507546  0.386333     1.87538     0.211292  0.507546  0.390559     1.72948
3                   314     0.194608  0.496962  0.380076     2.44904     0.20207   0.496962  0.385451     2.46815
mean               1000     0.196168  0.513771  0.383915     2.038       0.201998  0.513771  0.387269     1.936
