*** SORTER = GeoSort
*** Features = 1...34 + 35 + 36

Challenge file is read: /apc/dataset/test/10fold_10K_b/fold-001.json
category      instances    precision    recall      ndcg    extender    precision    recall      ndcg    extender
----------  -----------  -----------  --------  --------  ----------  -----------  --------  --------  ----------
1                   329     0.196801  0.554308  0.397239     1.769       0.20503   0.554308  0.400475     1.71429
2                   322     0.21456   0.521046  0.405065     2.15528     0.219251  0.521046  0.407961     2.09317
3                   349     0.19488   0.505617  0.38349      1.74212     0.19825   0.505617  0.386232     1.74212
mean               1000     0.201849  0.526604  0.394961     1.884       0.207243  0.526604  0.397915     1.846

Challenge file is read: /apc/dataset/test/10fold_10K_b/fold-002.json
category      instances    precision    recall      ndcg    extender    precision    recall      ndcg    extender
----------  -----------  -----------  --------  --------  ----------  -----------  --------  --------  ----------
1                   323     0.18184   0.547606  0.379703     1.9969      0.189806  0.547606  0.384897     1.91641
2                   316     0.19158   0.50409   0.383825     1.87658     0.197501  0.50409   0.38496      1.79747
3                   361     0.202162  0.502486  0.388083     1.29086     0.210507  0.502486  0.391613     1.32133
mean               1000     0.192254  0.517567  0.38403      1.704       0.199711  0.517567  0.387341     1.664

Challenge file is read: /apc/dataset/test/10fold_10K_b/fold-003.json
category      instances    precision    recall      ndcg    extender    precision    recall      ndcg    extender
----------  -----------  -----------  --------  --------  ----------  -----------  --------  --------  ----------
1                   332     0.183705  0.533634  0.373765     2.18373     0.186195  0.533634  0.377253     2.17771
2                   318     0.192097  0.502211  0.377662     1.87107     0.195396  0.502211  0.380782     1.84277
3                   350     0.202147  0.49065   0.383747     1.49143     0.204092  0.49065   0.386053     1.40857
mean               1000     0.192828  0.508597  0.378498     1.842       0.195385  0.508597  0.381455     1.802

Challenge file is read: /apc/dataset/test/10fold_10K_b/fold-004.json
category      instances    precision    recall      ndcg    extender    precision    recall      ndcg    extender
----------  -----------  -----------  --------  --------  ----------  -----------  --------  --------  ----------
1                   333     0.191286  0.52681   0.385667     2.13814     0.195604  0.52681   0.387541     2.08709
2                   341     0.207888  0.517361  0.396843     1.57185     0.212596  0.517361  0.399806     1.48387
3                   326     0.203018  0.514812  0.399585     1.42025     0.208006  0.514812  0.403081     1.38957
mean               1000     0.200772  0.519677  0.394015     1.711       0.205442  0.519677  0.39679      1.654

Challenge file is read: /apc/dataset/test/10fold_10K_b/fold-005.json
category      instances    precision    recall      ndcg    extender    precision    recall      ndcg    extender
----------  -----------  -----------  --------  --------  ----------  -----------  --------  --------  ----------
1                   300     0.217027  0.550244  0.415206     1.09667     0.224421  0.550244  0.420779     1.00667
2                   360     0.22069   0.525039  0.409512     2.05556     0.223797  0.525039  0.41175      1.975
3                   340     0.200328  0.492578  0.379581     1.82941     0.205262  0.492578  0.381279     1.96471
mean               1000     0.212668  0.521564  0.401044     1.691       0.217683  0.521564  0.404098     1.681

Challenge file is read: /apc/dataset/test/10fold_10K_b/fold-006.json
category      instances    precision    recall      ndcg    extender    precision    recall      ndcg    extender
----------  -----------  -----------  --------  --------  ----------  -----------  --------  --------  ----------
1                   352     0.198294  0.5726    0.406744     1.74432     0.203274  0.5726    0.411473     1.74148
2                   318     0.20024   0.524489  0.39349      1.5         0.208252  0.524489  0.400358     1.48428
3                   330     0.192298  0.508331  0.384463     1.63636     0.199971  0.508331  0.388457     1.62424
mean               1000     0.196934  0.536092  0.395177     1.631       0.203767  0.536092  0.400343     1.621

Challenge file is read: /apc/dataset/test/10fold_10K_b/fold-007.json
category      instances    precision    recall      ndcg    extender    precision    recall      ndcg    extender
----------  -----------  -----------  --------  --------  ----------  -----------  --------  --------  ----------
1                   349     0.173376  0.531015  0.367912     2.7765      0.173228  0.531015  0.371678     2.59026
2                   338     0.208697  0.517336  0.400613     2.11834     0.21042   0.517336  0.40122      2.1213
3                   313     0.222351  0.526465  0.41121      1.22364     0.225774  0.526465  0.414301     1.19489
mean               1000     0.200644  0.524967  0.392517     2.068       0.202246  0.524967  0.395004     1.995

Challenge file is read: /apc/dataset/test/10fold_10K_b/fold-008.json
category      instances    precision    recall      ndcg    extender    precision    recall      ndcg    extender
----------  -----------  -----------  --------  --------  ----------  -----------  --------  --------  ----------
1                   316     0.186806  0.543111  0.386018     2.21203     0.195803  0.543111  0.392119     1.9557
2                   346     0.21472   0.519567  0.399385     2.33237     0.223162  0.519567  0.403817     2.39017
3                   338     0.20823   0.515467  0.391756     1.68047     0.209098  0.515467  0.393716     1.60059
mean               1000     0.203706  0.525621  0.392582     2.074       0.209763  0.525621  0.396706     1.986

Challenge file is read: /apc/dataset/test/10fold_10K_b/fold-009.json
category      instances    precision    recall      ndcg    extender    precision    recall      ndcg    extender
----------  -----------  -----------  --------  --------  ----------  -----------  --------  --------  ----------
1                   331     0.169359  0.515045  0.355322     1.58912     0.172938  0.515045  0.358816     1.57402
2                   334     0.196263  0.509932  0.387177     1.84731     0.201624  0.509932  0.392122     1.81737
3                   335     0.203003  0.509574  0.396757     1.95224     0.206389  0.509574  0.399632     1.94627
mean               1000     0.189616  0.511504  0.379842     1.797       0.193725  0.511504  0.383613     1.78

Challenge file is read: /apc/dataset/test/10fold_10K_b/fold-010.json
category      instances    precision    recall      ndcg    extender    precision    recall      ndcg    extender
----------  -----------  -----------  --------  --------  ----------  -----------  --------  --------  ----------
1                   357     0.188956  0.53429   0.385064     1.82633     0.192755  0.53429   0.386612     1.60504
2                   329     0.205481  0.507546  0.386333     1.87538     0.212098  0.507546  0.390059     1.74772
3                   314     0.194608  0.496962  0.380076     2.44904     0.203991  0.496962  0.385351     2.50637
mean               1000     0.196168  0.513771  0.383915     2.038       0.202647  0.513771  0.38735      1.935


*** SORTER = GeoSort
*** Features = 1...34 + 35

Challenge file is read: /apc/dataset/test/10fold_10K_b/fold-001.json
category      instances    precision    recall      ndcg    extender    precision    recall      ndcg    extender
----------  -----------  -----------  --------  --------  ----------  -----------  --------  --------  ----------
1                   329     0.196801  0.554308  0.397239     1.769       0.206579  0.554308  0.401565     1.71125
2                   322     0.21456   0.521046  0.405065     2.15528     0.219499  0.521046  0.408777     2.04658
3                   349     0.19488   0.505617  0.38349      1.74212     0.198533  0.505617  0.38624      1.72206
mean               1000     0.201849  0.526604  0.394961     1.884       0.207931  0.526604  0.398539     1.823

Challenge file is read: /apc/dataset/test/10fold_10K_b/fold-002.json
category      instances    precision    recall      ndcg    extender    precision    recall      ndcg    extender
----------  -----------  -----------  --------  --------  ----------  -----------  --------  --------  ----------
1                   323     0.18184   0.547606  0.379703     1.9969      0.190391  0.547606  0.384144     1.9226
2                   316     0.19158   0.50409   0.383825     1.87658     0.196744  0.50409   0.385832     1.82595
3                   361     0.202162  0.502486  0.388083     1.29086     0.210761  0.502486  0.392952     1.3518
mean               1000     0.192254  0.517567  0.38403      1.704       0.199752  0.517567  0.387857     1.686

Challenge file is read: /apc/dataset/test/10fold_10K_b/fold-003.json
category      instances    precision    recall      ndcg    extender    precision    recall      ndcg    extender
----------  -----------  -----------  --------  --------  ----------  -----------  --------  --------  ----------
1                   332     0.183705  0.533634  0.373765     2.18373     0.187678  0.533634  0.376705     2.1747
2                   318     0.192097  0.502211  0.377662     1.87107     0.195066  0.502211  0.380402     1.81761
3                   350     0.202147  0.49065   0.383747     1.49143     0.202991  0.49065   0.385341     1.4
mean               1000     0.192828  0.508597  0.378498     1.842       0.195387  0.508597  0.380903     1.79

Challenge file is read: /apc/dataset/test/10fold_10K_b/fold-004.json
category      instances    precision    recall      ndcg    extender    precision    recall      ndcg    extender
----------  -----------  -----------  --------  --------  ----------  -----------  --------  --------  ----------
1                   333     0.191286  0.52681   0.385667     2.13814     0.196146  0.52681   0.388557     2.06006
2                   341     0.207888  0.517361  0.396843     1.57185     0.211974  0.517361  0.399432     1.51026
3                   326     0.203018  0.514812  0.399585     1.42025     0.205159  0.514812  0.402483     1.40491
mean               1000     0.200772  0.519677  0.394015     1.711       0.204481  0.519677  0.396805     1.659

Challenge file is read: /apc/dataset/test/10fold_10K_b/fold-005.json
category      instances    precision    recall      ndcg    extender    precision    recall      ndcg    extender
----------  -----------  -----------  --------  --------  ----------  -----------  --------  --------  ----------
1                   300     0.217027  0.550244  0.415206     1.09667     0.22437   0.550244  0.418212     1.02667
2                   360     0.22069   0.525039  0.409512     2.05556     0.222864  0.525039  0.411552     2.01111
3                   340     0.200328  0.492578  0.379581     1.82941     0.202783  0.492578  0.381599     1.92941
mean               1000     0.212668  0.521564  0.401044     1.691       0.216488  0.521564  0.403366     1.688

Challenge file is read: /apc/dataset/test/10fold_10K_b/fold-006.json
category      instances    precision    recall      ndcg    extender    precision    recall      ndcg    extender
----------  -----------  -----------  --------  --------  ----------  -----------  --------  --------  ----------
1                   352     0.198294  0.5726    0.406744     1.74432     0.202698  0.5726    0.409887     1.74148
2                   318     0.20024   0.524489  0.39349      1.5         0.207433  0.524489  0.398282     1.49371
3                   330     0.192298  0.508331  0.384463     1.63636     0.197302  0.508331  0.388772     1.59697
mean               1000     0.196934  0.536092  0.395177     1.631       0.202423  0.536092  0.399229     1.615

Challenge file is read: /apc/dataset/test/10fold_10K_b/fold-007.json
category      instances    precision    recall      ndcg    extender    precision    recall      ndcg    extender
----------  -----------  -----------  --------  --------  ----------  -----------  --------  --------  ----------
1                   349     0.173376  0.531015  0.367912     2.7765      0.175387  0.531015  0.371005     2.58166
2                   338     0.208697  0.517336  0.400613     2.11834     0.212397  0.517336  0.400811     2.12722
3                   313     0.222351  0.526465  0.41121      1.22364     0.225484  0.526465  0.413879     1.22364
mean               1000     0.200644  0.524967  0.392517     2.068       0.203577  0.524967  0.394499     2.003

Challenge file is read: /apc/dataset/test/10fold_10K_b/fold-008.json
category      instances    precision    recall      ndcg    extender    precision    recall      ndcg    extender
----------  -----------  -----------  --------  --------  ----------  -----------  --------  --------  ----------
1                   316     0.186806  0.543111  0.386018     2.21203     0.195581  0.543111  0.391576     1.94937
2                   346     0.21472   0.519567  0.399385     2.33237     0.220167  0.519567  0.402827     2.37861
3                   338     0.20823   0.515467  0.391756     1.68047     0.209732  0.515467  0.394419     1.55917
mean               1000     0.203706  0.525621  0.392582     2.074       0.208871  0.525621  0.39643      1.966

Challenge file is read: /apc/dataset/test/10fold_10K_b/fold-009.json
category      instances    precision    recall      ndcg    extender    precision    recall      ndcg    extender
----------  -----------  -----------  --------  --------  ----------  -----------  --------  --------  ----------
1                   331     0.169359  0.515045  0.355322     1.58912     0.175439  0.515045  0.360241     1.60121
2                   334     0.196263  0.509932  0.387177     1.84731     0.202381  0.509932  0.392674     1.81437
3                   335     0.203003  0.509574  0.396757     1.95224     0.206979  0.509574  0.400072     1.93731
mean               1000     0.189616  0.511504  0.379842     1.797       0.195004  0.511504  0.384417     1.785

Challenge file is read: /apc/dataset/test/10fold_10K_b/fold-010.json
category      instances    precision    recall      ndcg    extender    precision    recall      ndcg    extender
----------  -----------  -----------  --------  --------  ----------  -----------  --------  --------  ----------
1                   357     0.188956  0.53429   0.385064     1.82633     0.193623  0.53429   0.387285     1.62745
2                   329     0.205481  0.507546  0.386333     1.87538     0.211942  0.507546  0.390217     1.74164
3                   314     0.194608  0.496962  0.380076     2.44904     0.202212  0.496962  0.385867     2.5
mean               1000     0.196168  0.513771  0.383915     2.038       0.202347  0.513771  0.387804     1.939


*** SORTER = GeoSort
*** Features = 1...34 + 36

Challenge file is read: /apc/dataset/test/10fold_10K_b/fold-001.json
category      instances    precision    recall      ndcg    extender    precision    recall      ndcg    extender
----------  -----------  -----------  --------  --------  ----------  -----------  --------  --------  ----------
1                   329     0.196801  0.554308  0.397239     1.769       0.202866  0.554308  0.39818      1.72036
2                   322     0.21456   0.521046  0.405065     2.15528     0.217309  0.521046  0.407761     2.09627
3                   349     0.19488   0.505617  0.38349      1.74212     0.1987    0.505617  0.385532     1.73066
mean               1000     0.201849  0.526604  0.394961     1.884       0.206063  0.526604  0.396851     1.845

Challenge file is read: /apc/dataset/test/10fold_10K_b/fold-002.json
category      instances    precision    recall      ndcg    extender    precision    recall      ndcg    extender
----------  -----------  -----------  --------  --------  ----------  -----------  --------  --------  ----------
1                   323     0.18184   0.547606  0.379703     1.9969      0.189337  0.547606  0.382499     1.92879
2                   316     0.19158   0.50409   0.383825     1.87658     0.196478  0.50409   0.385412     1.85759
3                   361     0.202162  0.502486  0.388083     1.29086     0.207542  0.502486  0.392091     1.32964
mean               1000     0.192254  0.517567  0.38403      1.704       0.198166  0.517567  0.386882     1.69

Challenge file is read: /apc/dataset/test/10fold_10K_b/fold-003.json
category      instances    precision    recall      ndcg    extender    precision    recall      ndcg    extender
----------  -----------  -----------  --------  --------  ----------  -----------  --------  --------  ----------
1                   332     0.183705  0.533634  0.373765     2.18373     0.191227  0.533634  0.379731     2.1988
2                   318     0.192097  0.502211  0.377662     1.87107     0.195937  0.502211  0.380407     1.78616
3                   350     0.202147  0.49065   0.383747     1.49143     0.205518  0.49065   0.387223     1.41714
mean               1000     0.192828  0.508597  0.378498     1.842       0.197727  0.508597  0.382568     1.794

Challenge file is read: /apc/dataset/test/10fold_10K_b/fold-004.json
category      instances    precision    recall      ndcg    extender    precision    recall      ndcg    extender
----------  -----------  -----------  --------  --------  ----------  -----------  --------  --------  ----------
1                   333     0.191286  0.52681   0.385667     2.13814     0.197364  0.52681   0.387305     2.05706
2                   341     0.207888  0.517361  0.396843     1.57185     0.214268  0.517361  0.400213     1.48974
3                   326     0.203018  0.514812  0.399585     1.42025     0.208545  0.514812  0.401928     1.3681
mean               1000     0.200772  0.519677  0.394015     1.711       0.206773  0.519677  0.396474     1.639

Challenge file is read: /apc/dataset/test/10fold_10K_b/fold-005.json
category      instances    precision    recall      ndcg    extender    precision    recall      ndcg    extender
----------  -----------  -----------  --------  --------  ----------  -----------  --------  --------  ----------
1                   300     0.217027  0.550244  0.415206     1.09667     0.226316  0.550244  0.419236     1.03333
2                   360     0.22069   0.525039  0.409512     2.05556     0.223414  0.525039  0.411937     1.96389
3                   340     0.200328  0.492578  0.379581     1.82941     0.204119  0.492578  0.381005     1.98235
mean               1000     0.212668  0.521564  0.401044     1.691       0.217724  0.521564  0.40361      1.691

Challenge file is read: /apc/dataset/test/10fold_10K_b/fold-006.json
category      instances    precision    recall      ndcg    extender    precision    recall      ndcg    extender
----------  -----------  -----------  --------  --------  ----------  -----------  --------  --------  ----------
1                   352     0.198294  0.5726    0.406744     1.74432     0.202194  0.5726    0.409686     1.7642
2                   318     0.20024   0.524489  0.39349      1.5         0.20594   0.524489  0.399406     1.49371
3                   330     0.192298  0.508331  0.384463     1.63636     0.197967  0.508331  0.388193     1.61212
mean               1000     0.196934  0.536092  0.395177     1.631       0.20199   0.536092  0.399324     1.628

Challenge file is read: /apc/dataset/test/10fold_10K_b/fold-007.json
category      instances    precision    recall      ndcg    extender    precision    recall      ndcg    extender
----------  -----------  -----------  --------  --------  ----------  -----------  --------  --------  ----------
1                   349     0.173376  0.531015  0.367912     2.7765      0.175248  0.531015  0.371411     2.55301
2                   338     0.208697  0.517336  0.400613     2.11834     0.211846  0.517336  0.401086     2.12722
3                   313     0.222351  0.526465  0.41121      1.22364     0.223444  0.526465  0.41429      1.20767
mean               1000     0.200644  0.524967  0.392517     2.068       0.202703  0.524967  0.394863     1.988

Challenge file is read: /apc/dataset/test/10fold_10K_b/fold-008.json
category      instances    precision    recall      ndcg    extender    precision    recall      ndcg    extender
----------  -----------  -----------  --------  --------  ----------  -----------  --------  --------  ----------
1                   316     0.186806  0.543111  0.386018     2.21203     0.194002  0.543111  0.392172     1.98101
2                   346     0.21472   0.519567  0.399385     2.33237     0.216095  0.519567  0.403544     2.42486
3                   338     0.20823   0.515467  0.391756     1.68047     0.209999  0.515467  0.393382     1.58876
mean               1000     0.203706  0.525621  0.392582     2.074       0.207053  0.525621  0.396516     2.002

Challenge file is read: /apc/dataset/test/10fold_10K_b/fold-009.json
category      instances    precision    recall      ndcg    extender    precision    recall      ndcg    extender
----------  -----------  -----------  --------  --------  ----------  -----------  --------  --------  ----------
1                   331     0.169359  0.515045  0.355322     1.58912     0.172451  0.515045  0.358173     1.59517
2                   334     0.196263  0.509932  0.387177     1.84731     0.199909  0.509932  0.391732     1.81737
3                   335     0.203003  0.509574  0.396757     1.95224     0.206223  0.509574  0.398957     1.92239
mean               1000     0.189616  0.511504  0.379842     1.797       0.192935  0.511504  0.383045     1.779

Challenge file is read: /apc/dataset/test/10fold_10K_b/fold-010.json
category      instances    precision    recall      ndcg    extender    precision    recall      ndcg    extender
----------  -----------  -----------  --------  --------  ----------  -----------  --------  --------  ----------
1                   357     0.188956  0.53429   0.385064     1.82633     0.192886  0.53429   0.385927     1.60504
2                   329     0.205481  0.507546  0.386333     1.87538     0.212109  0.507546  0.390244     1.71429
3                   314     0.194608  0.496962  0.380076     2.44904     0.201149  0.496962  0.386121     2.50637
mean               1000     0.196168  0.513771  0.383915     2.038       0.201805  0.513771  0.387408     1.924
