*** SORTER = GeoSort
*** FEATURES = 1...34

Challenge file is read: /apc/dataset/test/10fold_10K_b/fold-001.json
category      instances    precision    recall      ndcg    extender    precision    recall      ndcg    extender
----------  -----------  -----------  --------  --------  ----------  -----------  --------  --------  ----------
1                   329     0.196801  0.584197  0.408095     2.01216     0.203631  0.587878  0.413115     1.93921
2                   322     0.21456   0.547679  0.415808     2.37267     0.219375  0.548077  0.420331     2.27019
3                   349     0.19488   0.537081  0.396387     1.95702     0.200056  0.537254  0.399105     1.90831
mean               1000     0.201849  0.555994  0.406493     2.109       0.207453  0.557394  0.410549     2.035

Challenge file is read: /apc/dataset/test/10fold_10K_b/fold-002.json
category      instances    precision    recall      ndcg    extender    precision    recall      ndcg    extender
----------  -----------  -----------  --------  --------  ----------  -----------  --------  --------  ----------
1                   323     0.18184   0.575161  0.389453     2.2322      0.187874  0.576366  0.392337     2.12384
2                   316     0.19158   0.53563   0.395972     2.06646     0.194461  0.538687  0.399275     2.03165
3                   361     0.202162  0.532197  0.40102      1.39889     0.207361  0.534155  0.404488     1.36565
mean               1000     0.192254  0.547159  0.395689     1.879       0.19699   0.549221  0.398916     1.821

Challenge file is read: /apc/dataset/test/10fold_10K_b/fold-003.json
category      instances    precision    recall      ndcg    extender    precision    recall      ndcg    extender
----------  -----------  -----------  --------  --------  ----------  -----------  --------  --------  ----------
1                   332     0.183705  0.562472  0.38373      2.36145     0.186077  0.567097  0.389271     2.34639
2                   318     0.192097  0.531127  0.388845     2.00314     0.197559  0.53378   0.392749     1.92453
3                   350     0.202147  0.520167  0.39616      1.60857     0.205764  0.520879  0.398104     1.56857
mean               1000     0.192828  0.537698  0.389707     1.984       0.196619  0.540326  0.393469     1.94

Challenge file is read: /apc/dataset/test/10fold_10K_b/fold-004.json
category      instances    precision    recall      ndcg    extender    precision    recall      ndcg    extender
----------  -----------  -----------  --------  --------  ----------  -----------  --------  --------  ----------
1                   333     0.191286  0.556352  0.396727     2.37538     0.196391  0.561439  0.398549     2.35435
2                   341     0.207888  0.542151  0.407517     1.71848     0.210709  0.545227  0.41093      1.63343
3                   326     0.203018  0.543404  0.411622     1.52147     0.208061  0.544624  0.415504     1.49387
mean               1000     0.200772  0.547288  0.405262     1.873       0.205078  0.550429  0.408298     1.828

Challenge file is read: /apc/dataset/test/10fold_10K_b/fold-005.json
category      instances    precision    recall      ndcg    extender    precision    recall      ndcg    extender
----------  -----------  -----------  --------  --------  ----------  -----------  --------  --------  ----------
1                   300     0.217027  0.578931  0.425689     1.19667     0.224374  0.580037  0.431535     1.05
2                   360     0.22069   0.554044  0.420826     2.20556     0.22272   0.554241  0.421254     2.15833
3                   340     0.200328  0.524469  0.39308      1.97941     0.204583  0.526582  0.395967     2.1
mean               1000     0.212668  0.551455  0.412851     1.826       0.21705   0.552576  0.415741     1.806

Challenge file is read: /apc/dataset/test/10fold_10K_b/fold-006.json
category      instances    precision    recall      ndcg    extender    precision    recall      ndcg    extender
----------  -----------  -----------  --------  --------  ----------  -----------  --------  --------  ----------
1                   352     0.198294  0.600608  0.4171       1.89489     0.20392   0.60552   0.422691     1.9233
2                   318     0.20024   0.552949  0.404855     1.69497     0.207589  0.553547  0.412245     1.72327
3                   330     0.192298  0.541577  0.398071     1.77879     0.199033  0.542379  0.402199     1.63939
mean               1000     0.196934  0.565972  0.406926     1.793       0.203474  0.568156  0.412606     1.766

Challenge file is read: /apc/dataset/test/10fold_10K_b/fold-007.json
category      instances    precision    recall      ndcg    extender    precision    recall      ndcg    extender
----------  -----------  -----------  --------  --------  ----------  -----------  --------  --------  ----------
1                   349     0.173376  0.560529  0.37811      3.08883     0.174256  0.563336  0.380804     2.94842
2                   338     0.208697  0.548179  0.413398     2.35207     0.211604  0.551961  0.415499     2.39349
3                   313     0.222351  0.554675  0.423312     1.33227     0.223915  0.557793  0.426642     1.26518
mean               1000     0.200644  0.554522  0.404185     2.29        0.202423  0.557756  0.406878     2.234

Challenge file is read: /apc/dataset/test/10fold_10K_b/fold-008.json
category      instances    precision    recall      ndcg    extender    precision    recall      ndcg    extender
----------  -----------  -----------  --------  --------  ----------  -----------  --------  --------  ----------
1                   316     0.186806  0.57343   0.396604     2.41456     0.19524   0.578365  0.402632     2.18671
2                   346     0.21472   0.548215  0.410789     2.67341     0.219784  0.553987  0.417586     2.65318
3                   338     0.20823   0.54461   0.403673     1.85503     0.210121  0.543361  0.405747     1.72485
mean               1000     0.203706  0.554964  0.403901     2.315       0.208762  0.558099  0.408859     2.192

Challenge file is read: /apc/dataset/test/10fold_10K_b/fold-009.json
category      instances    precision    recall      ndcg    extender    precision    recall      ndcg    extender
----------  -----------  -----------  --------  --------  ----------  -----------  --------  --------  ----------
1                   331     0.169359  0.544062  0.36583      1.67976     0.172938  0.54583   0.368795     1.65861
2                   334     0.196263  0.537327  0.398392     2.08683     0.200424  0.541896  0.402525     2.07186
3                   335     0.203003  0.542536  0.410197     2.2806      0.204976  0.542912  0.412398     2.24776
mean               1000     0.189616  0.541301  0.391569     2.017       0.192851  0.543538  0.394668     1.994

Challenge file is read: /apc/dataset/test/10fold_10K_b/fold-010.json
category      instances    precision    recall      ndcg    extender    precision    recall      ndcg    extender
----------  -----------  -----------  --------  --------  ----------  -----------  --------  --------  ----------
1                   357     0.188956  0.567395  0.396874     1.96078     0.191454  0.569554  0.398781     1.79832
2                   329     0.205481  0.537649  0.398573     2.10638     0.20805   0.538583  0.401181     1.95441
3                   314     0.194608  0.526615  0.392701     2.84395     0.200841  0.527249  0.397083     2.75796
mean               1000     0.196168  0.544803  0.396123     2.286       0.199861  0.546081  0.399037     2.151
