Challenge file is read: /apc/dataset/test/10fold_100K_b/fold-001.json

category      instances    precision    recall      ndcg    extender
----------  -----------  -----------  --------  --------  ----------
1                  3334     0.18478   0.48579   0.358365     2.74025
2                  3279     0.191208  0.46355   0.360896     3.12046
3                  3387     0.195687  0.453208  0.362513     2.72099
mean              10000     0.190582  0.467462  0.3606       2.8584

Challenge file is read: /apc/dataset/test/10fold_100K_b/fold-002.json

category      instances    precision    recall      ndcg    extender
----------  -----------  -----------  --------  --------  ----------
1                  3268     0.18318   0.487984  0.356931     3.03519
2                  3399     0.189648  0.454797  0.356207     3.13033
3                  3333     0.185274  0.435538  0.345977     2.86559
mean              10000     0.186076  0.459224  0.353034     3.011

Challenge file is read: /apc/dataset/test/10fold_100K_b/fold-003.json

category      instances    precision    recall      ndcg    extender
----------  -----------  -----------  --------  --------  ----------
1                  3360     0.186592  0.486662  0.360688     3.19315
2                  3320     0.187311  0.458942  0.357195     2.73464
3                  3320     0.184372  0.438539  0.345825     3.30753
mean              10000     0.186094  0.461482  0.354594     3.0789

Challenge file is read: /apc/dataset/test/10fold_100K_b/fold-004.json

category      instances    precision    recall      ndcg    extender
----------  -----------  -----------  --------  --------  ----------
1                  3378     0.18045   0.481581  0.354266     3.17792
2                  3296     0.190097  0.460683  0.359185     3.02518
3                  3326     0.188371  0.435741  0.348645     2.90619
mean              10000     0.186264  0.459446  0.354018     3.0372

Challenge file is read: /apc/dataset/test/10fold_100K_b/fold-005.json

category      instances    precision    recall      ndcg    extender
----------  -----------  -----------  --------  --------  ----------
1                  3302     0.181913  0.482064  0.356094     3.10206
2                  3374     0.190283  0.458951  0.358114     3.05542
3                  3324     0.189051  0.438168  0.350139     3.02407
mean              10000     0.18711   0.459675  0.354796     3.0604

Challenge file is read: /apc/dataset/test/10fold_100K_b/fold-006.json

category      instances    precision    recall      ndcg    extender
----------  -----------  -----------  --------  --------  ----------
1                  3417     0.18273   0.487036  0.355775     3.2669
2                  3258     0.195052  0.455385  0.360688     2.87907
3                  3325     0.191186  0.441159  0.353033     2.96782
mean              10000     0.189556  0.46147   0.356464     3.0411

Challenge file is read: /apc/dataset/test/10fold_100K_b/fold-007.json

category      instances    precision    recall      ndcg    extender
----------  -----------  -----------  --------  --------  ----------
1                  3344     0.179908  0.482047  0.35264      3.1881
2                  3313     0.189416  0.459202  0.35758      2.96287
3                  3343     0.189183  0.440675  0.352038     2.90637
mean              10000     0.186159  0.460648  0.354076     3.0193

Challenge file is read: /apc/dataset/test/10fold_100K_b/fold-008.json

category      instances    precision    recall      ndcg    extender
----------  -----------  -----------  --------  --------  ----------
1                  3373     0.18333   0.483121  0.356378     3.13638
2                  3310     0.191136  0.456004  0.358094     3.07734
3                  3317     0.188067  0.437136  0.348311     2.98402
mean              10000     0.187485  0.458892  0.35427      3.0663

Challenge file is read: /apc/dataset/test/10fold_100K_b/fold-009.json

category      instances    precision    recall      ndcg    extender
----------  -----------  -----------  --------  --------  ----------
1                  3371     0.177536  0.479956  0.351383     3.20231
2                  3272     0.189931  0.452808  0.355539     3.27292
3                  3357     0.190359  0.445515  0.354195     3.01519
mean              10000     0.185897  0.459511  0.353687     3.1626

Challenge file is read: /apc/dataset/test/10fold_100K_b/fold-010.json

category      instances    precision    recall      ndcg    extender
----------  -----------  -----------  --------  --------  ----------
1                  3281     0.183204  0.487253  0.358263     3.03657
2                  3365     0.196012  0.460671  0.36344      2.9896
3                  3354     0.191173  0.440629  0.353347     3.29934
mean              10000     0.190187  0.46267   0.358356     3.1089
