Challenge file is read: /apc/dataset/test/10fold_100K_b/fold-001.json

category      instances    precision    recall      ndcg    extender
----------  -----------  -----------  --------  --------  ----------
1                  3334     0.18728   0.567312  0.392172     1.85183
2                  3279     0.198228  0.548716  0.401676     2.13053
3                  3387     0.206018  0.541649  0.408028     1.73782
mean              10000     0.197216  0.552522  0.400659     1.9046

Challenge file is read: /apc/dataset/test/10fold_100K_b/fold-002.json
category      instances    precision    recall      ndcg    extender
----------  -----------  -----------  --------  --------  ----------
1                  3268     0.184245  0.563752  0.391329     2.19033
2                  3399     0.198196  0.540627  0.398769     2.03678
3                  3333     0.195172  0.524368  0.392131     1.958
mean              10000     0.192629  0.542765  0.394125     2.0607

Challenge file is read: /apc/dataset/test/10fold_100K_b/fold-003.json
category      instances    precision    recall      ndcg    extender
----------  -----------  -----------  --------  --------  ----------
1                  3360     0.187448  0.565376  0.393856     2.33244
2                  3320     0.195777  0.542912  0.399776     1.72801
3                  3320     0.192912  0.527022  0.391998     2.20904
mean              10000     0.192027  0.545184  0.395204     2.0908

Challenge file is read: /apc/dataset/test/10fold_100K_b/fold-004.json
category      instances    precision    recall      ndcg    extender
----------  -----------  -----------  --------  --------  ----------
1                  3378     0.18354   0.560926  0.388534     2.32564
2                  3296     0.198001  0.544964  0.401379     1.9557
3                  3326     0.19798   0.523764  0.395154     2.00391
mean              10000     0.193109  0.543305  0.39497      2.0967

Challenge file is read: /apc/dataset/test/10fold_100K_b/fold-005.json
category      instances    precision    recall      ndcg    extender
----------  -----------  -----------  --------  --------  ----------
1                  3302     0.18352   0.560158  0.38844      2.14234
2                  3374     0.196304  0.543099  0.399687     1.89478
3                  3324     0.20018   0.528342  0.398012     2.24248
mean              10000     0.193371  0.543827  0.395416     2.0921

Challenge file is read: /apc/dataset/test/10fold_100K_b/fold-006.json
category      instances    precision    recall      ndcg    extender
----------  -----------  -----------  --------  --------  ----------
1                  3417     0.181392  0.567104  0.387315     2.28651
2                  3258     0.200061  0.542906  0.403641     1.90454
3                  3325     0.20243   0.53165   0.401753     1.87459
mean              10000     0.194469  0.547432  0.397435     2.0251

Challenge file is read: /apc/dataset/test/10fold_100K_b/fold-007.json
category      instances    precision    recall      ndcg    extender
----------  -----------  -----------  --------  --------  ----------
1                  3344     0.182266  0.561734  0.387229     2.33433
2                  3313     0.196095  0.543427  0.399311     2.00392
3                  3343     0.198511  0.526663  0.397901     1.9988
mean              10000     0.192278  0.543945  0.394799     2.1127

Challenge file is read: /apc/dataset/test/10fold_100K_b/fold-008.json
category      instances    precision    recall      ndcg    extender
----------  -----------  -----------  --------  --------  ----------
1                  3373     0.18431   0.563732  0.390253     2.0922
2                  3310     0.197386  0.542101  0.401001     2.14864
3                  3317     0.196918  0.525277  0.394508     2.08713
mean              10000     0.19282   0.543817  0.395222     2.1092

Challenge file is read: /apc/dataset/test/10fold_100K_b/fold-009.json
category      instances    precision    recall      ndcg    extender
----------  -----------  -----------  --------  --------  ----------
1                  3371     0.179855  0.556218  0.383713     2.21299
2                  3272     0.196778  0.541194  0.399123     2.0761
3                  3357     0.200862  0.53371   0.401865     2.15371
mean              10000     0.192444  0.543746  0.394849     2.1483

Challenge file is read: /apc/dataset/test/10fold_100K_b/fold-010.json
category      instances    precision    recall      ndcg    extender
----------  -----------  -----------  --------  --------  ----------
1                  3281     0.182184  0.56538   0.388902     2.04877
2                  3365     0.200554  0.544751  0.404973     1.81842
3                  3354     0.200191  0.527066  0.398231     2.23673
mean              10000     0.194405  0.545588  0.397439     2.0343
