Challenge file is read: /apc/dataset/test/10fold_100K_b/fold-001.json
category      instances    precision    recall      ndcg    extender    precision    recall      ndcg    extender
----------  -----------  -----------  --------  --------  ----------  -----------  --------  --------  ----------
1                  3334     0.187431  0.540022  0.38264      1.85993    0.0589405  0.540022  0.259969     5.06239
2                  3279     0.198703  0.520294  0.390554     2.22842    0.073767   0.520294  0.276593     4.73071
3                  3387     0.206649  0.514098  0.396882     1.8261     0.0833135  0.514098  0.284753     4.31001
mean              10000     0.197636  0.524772  0.390059     1.9693     0.0720573  0.524772  0.273814     4.6988

Challenge file is read: /apc/dataset/test/10fold_100K_b/fold-002.json
category      instances    precision    recall      ndcg    extender    precision    recall      ndcg    extender
----------  -----------  -----------  --------  --------  ----------  -----------  --------  --------  ----------
1                  3268     0.184716  0.537051  0.381905     2.16922    0.0619298  0.537051  0.262363     5.14015
2                  3399     0.198925  0.512945  0.388055     2.08503    0.0775744  0.512945  0.276511     4.6652
3                  3333     0.195582  0.496951  0.381028     1.994      0.0792422  0.496951  0.275231     4.33693
mean              10000     0.193168  0.515492  0.383703     2.0822     0.0730176  0.515492  0.271461     4.711

Challenge file is read: /apc/dataset/test/10fold_100K_b/fold-003.json
category      instances    precision    recall      ndcg    extender    precision    recall      ndcg    extender
----------  -----------  -----------  --------  --------  ----------  -----------  --------  --------  ----------
1                  3360     0.187795  0.539875  0.384734     2.30625    0.0623524  0.539875  0.264918     5.43631
2                  3320     0.195824  0.515463  0.38918      1.74036    0.072939   0.515463  0.275091     4.29548
3                  3320     0.19349   0.499358  0.38091      2.27289    0.0775885  0.499358  0.275635     4.55512
mean              10000     0.192351  0.518318  0.38494      2.1073     0.0709256  0.518318  0.271853     4.765

Challenge file is read: /apc/dataset/test/10fold_100K_b/fold-004.json
category      instances    precision    recall      ndcg    extender    precision    recall      ndcg    extender
----------  -----------  -----------  --------  --------  ----------  -----------  --------  --------  ----------
1                  3378     0.183957  0.532987  0.378651     2.29692    0.0662699  0.532987  0.265295     5.12433
2                  3296     0.198717  0.517662  0.390747     1.98089    0.0789968  0.517662  0.281056     4.46754
3                  3326     0.198697  0.497699  0.384388     2.04029    0.0833349  0.497699  0.279799     4.55773
mean              10000     0.193724  0.516199  0.384546     2.1074     0.0761405  0.516199  0.275314     4.7194

Challenge file is read: /apc/dataset/test/10fold_100K_b/fold-005.json
category      instances    precision    recall      ndcg    extender    precision    recall      ndcg    extender
----------  -----------  -----------  --------  --------  ----------  -----------  --------  --------  ----------
1                  3302     0.183915  0.533915  0.378906     2.12326    0.0628111  0.533915  0.263697     5.05118
2                  3374     0.196742  0.516004  0.389362     1.91286    0.072848   0.516004  0.275163     4.5821
3                  3324     0.200944  0.500282  0.386528     2.25361    0.0826014  0.500282  0.280464     4.48436
mean              10000     0.193903  0.516692  0.384967     2.0956     0.0727758  0.516692  0.273139     4.7045

Challenge file is read: /apc/dataset/test/10fold_100K_b/fold-006.json
category      instances    precision    recall      ndcg    extender    precision    recall      ndcg    extender
----------  -----------  -----------  --------  --------  ----------  -----------  --------  --------  ----------
1                  3417     0.181786  0.539697  0.377783     2.28358    0.0629845  0.539697  0.263516     5.30904
2                  3258     0.200311  0.515379  0.392668     1.91344    0.0822096  0.515379  0.284219     4.45396
3                  3325     0.202876  0.503367  0.390283     1.96451    0.0849939  0.503367  0.284077     4.23098
mean              10000     0.194834  0.519695  0.386789     2.0569     0.0765661  0.519695  0.277098     4.672

Challenge file is read: /apc/dataset/test/10fold_100K_b/fold-007.json
category      instances    precision    recall      ndcg    extender    precision    recall      ndcg    extender
----------  -----------  -----------  --------  --------  ----------  -----------  --------  --------  ----------
1                  3344     0.182745  0.534972  0.377627     2.31429    0.0621313  0.534972  0.262138     5.42374
2                  3313     0.196636  0.515807  0.388599     2.06459    0.075899   0.515807  0.276858     4.6067
3                  3343     0.198645  0.498149  0.38631      2.08705    0.0826937  0.498149  0.279306     4.45079
mean              10000     0.192663  0.516313  0.384165     2.1556     0.0735666  0.516313  0.272754     4.8278

Challenge file is read: /apc/dataset/test/10fold_100K_b/fold-008.json
category      instances    precision    recall      ndcg    extender    precision    recall      ndcg    extender
----------  -----------  -----------  --------  --------  ----------  -----------  --------  --------  ----------
1                  3373     0.18456   0.53574   0.380321     2.07175    0.0561463  0.53574   0.257132     5.32019
2                  3310     0.197763  0.513537  0.389718     2.20091    0.0690428  0.513537  0.272025     4.97462
3                  3317     0.197408  0.496593  0.382909     2.18963    0.0731827  0.496593  0.270418     4.85921
mean              10000     0.193192  0.515406  0.38429      2.1536     0.066066   0.515406  0.266469     5.0529

Challenge file is read: /apc/dataset/test/10fold_100K_b/fold-009.json
category      instances    precision    recall      ndcg    extender    precision    recall      ndcg    extender
----------  -----------  -----------  --------  --------  ----------  -----------  --------  --------  ----------
1                  3371     0.180211  0.528842  0.374075     2.22338    0.0638601  0.528842  0.261848     5.26491
2                  3272     0.19723   0.512529  0.38806      2.11675    0.0810778  0.512529  0.28102      4.47097
3                  3357     0.201504  0.504869  0.390589     2.2675     0.0863201  0.504869  0.284372     4.45159
mean              10000     0.192928  0.515457  0.384195     2.2033     0.0770336  0.515457  0.275683     4.7321

Challenge file is read: /apc/dataset/test/10fold_100K_b/fold-010.json
category      instances    precision    recall      ndcg    extender    precision    recall      ndcg    extender
----------  -----------  -----------  --------  --------  ----------  -----------  --------  --------  ----------
1                  3281     0.182639  0.536889  0.378979     2.03414    0.0630308  0.536889  0.262933     4.93539
2                  3365     0.200718  0.516765  0.394028     1.8633     0.0753727  0.516765  0.276553     4.53551
3                  3354     0.200467  0.498603  0.386966     2.3229     0.0800353  0.498603  0.277443     4.67174
mean              10000     0.194702  0.517276  0.386722     2.0735     0.0728871  0.517276  0.272383     4.7124
