Challenge file is read: /apc/dataset/test/10fold_10K_b/fold-001.json
category      instances    precision    recall      ndcg    extender    precision    recall      ndcg    extender
----------  -----------  -----------  --------  --------  ----------  -----------  --------  --------  ----------
1                   329     0.191494  0.550236  0.392425     2.06079    0.049581   0.550236  0.25462      4.47112
2                   322     0.207674  0.51312   0.39721      2.81056    0.0589354  0.51312   0.261918     5.01242
3                   349     0.19272   0.501682  0.380624     2.01719    0.0623653  0.501682  0.262155     4.02865
mean               1000     0.197132  0.521339  0.389847     2.287      0.0570548  0.521339  0.2596       4.491

Challenge file is read: /apc/dataset/test/10fold_10K_b/fold-002.json
category      instances    precision    recall      ndcg    extender    precision    recall      ndcg    extender
----------  -----------  -----------  --------  --------  ----------  -----------  --------  --------  ----------
1                   323     0.175701  0.541674  0.372575     2.35604    0.0405074  0.541674  0.241255     5.50464
2                   316     0.191087  0.497934  0.378844     2.33228    0.0518509  0.497934  0.246493     4.56646
3                   361     0.197921  0.496632  0.383        1.70914    0.0617988  0.496632  0.260135     3.79224
mean               1000     0.188584  0.511592  0.378319     2.115      0.0517781  0.511592  0.249726     4.59

Challenge file is read: /apc/dataset/test/10fold_10K_b/fold-003.json
category      instances    precision    recall      ndcg    extender    precision    recall      ndcg    extender
----------  -----------  -----------  --------  --------  ----------  -----------  --------  --------  ----------
1                   332     0.176749  0.525011  0.364454     2.95181    0.0426383  0.525011  0.239591     5.89157
2                   318     0.185909  0.499427  0.371411     2.00943    0.056648   0.499427  0.251948     4.03459
3                   350     0.197982  0.487476  0.379288     1.86571    0.0580847  0.487476  0.255447     3.71429
mean               1000     0.187093  0.503738  0.371858     2.272      0.0524996  0.503738  0.24907      4.539

Challenge file is read: /apc/dataset/test/10fold_10K_b/fold-004.json
category      instances    precision    recall      ndcg    extender    precision    recall      ndcg    extender
----------  -----------  -----------  --------  --------  ----------  -----------  --------  --------  ----------
1                   333     0.18841   0.519626  0.37994      2.45646    0.0474535  0.519626  0.244718     5.37237
2                   341     0.197849  0.513458  0.390549     1.77126    0.059453   0.513458  0.266044     4.15249
3                   326     0.20028   0.509303  0.393905     1.7638     0.0659258  0.509303  0.271179     4.1227
mean               1000     0.195498  0.514158  0.38811      1.997      0.0575673  0.514158  0.260617     4.549

Challenge file is read: /apc/dataset/test/10fold_10K_b/fold-005.json
category      instances    precision    recall      ndcg    extender    precision    recall      ndcg    extender
----------  -----------  -----------  --------  --------  ----------  -----------  --------  --------  ----------
1                   300     0.212464  0.541513  0.404461     1.38333    0.0540141  0.541513  0.259757     4.19
2                   360     0.212597  0.519102  0.401289     2.49444    0.0591805  0.519102  0.266963     4.28056
3                   340     0.195661  0.487773  0.376164     2.00882    0.0695219  0.487773  0.268808     3.93235
mean               1000     0.206799  0.515174  0.393698     1.996      0.0611467  0.515174  0.265428     4.135

Challenge file is read: /apc/dataset/test/10fold_10K_b/fold-006.json
category      instances    precision    recall      ndcg    extender    precision    recall      ndcg    extender
----------  -----------  -----------  --------  --------  ----------  -----------  --------  --------  ----------
1                   352     0.186095  0.559447  0.394298     2.28409    0.0461145  0.559447  0.255902     4.75
2                   318     0.19585   0.517332  0.387569     1.98113    0.0573605  0.517332  0.263359     4.07233
3                   330     0.186774  0.497896  0.377183     2.16667    0.0639588  0.497896  0.263424     4.0697
mean               1000     0.189421  0.525743  0.38651      2.149      0.0555793  0.525743  0.260756     4.31

Challenge file is read: /apc/dataset/test/10fold_10K_b/fold-007.json
category      instances    precision    recall      ndcg    extender    precision    recall      ndcg    extender
----------  -----------  -----------  --------  --------  ----------  -----------  --------  --------  ----------
1                   349     0.168802  0.525843  0.362106     3.31805    0.0387296  0.525843  0.231017     6.16332
2                   338     0.203123  0.509073  0.39367      2.7574     0.0581007  0.509073  0.264607     4.91124
3                   313     0.21864   0.523012  0.408572     1.38658    0.0647627  0.523012  0.278299     3.34185
mean               1000     0.196002  0.519289  0.387319     2.524      0.0534254  0.519289  0.25717      4.857

Challenge file is read: /apc/dataset/test/10fold_10K_b/fold-008.json
category      instances    precision    recall      ndcg    extender    precision    recall      ndcg    extender
----------  -----------  -----------  --------  --------  ----------  -----------  --------  --------  ----------
1                   316     0.184991  0.537591  0.381221     2.56962    0.0442449  0.537591  0.247729     5.34494
2                   346     0.209631  0.516622  0.394981     2.65607    0.0541087  0.516622  0.258691     5.07225
3                   338     0.201952  0.510286  0.386692     2.05917    0.0589111  0.510286  0.2644       4.51183
mean               1000     0.199249  0.521106  0.387831     2.427      0.0526149  0.521106  0.257157     4.969

Challenge file is read: /apc/dataset/test/10fold_10K_b/fold-009.json
category      instances    precision    recall      ndcg    extender    precision    recall      ndcg    extender
----------  -----------  -----------  --------  --------  ----------  -----------  --------  --------  ----------
1                   331     0.162178  0.509441  0.347661     1.7432     0.0405835  0.509441  0.231699     4.66465
2                   334     0.191676  0.508549  0.383023     2.08084    0.0584138  0.508549  0.260144     3.84731
3                   335     0.193587  0.496589  0.38598      2.92836    0.0623795  0.496589  0.265401     4.93731
mean               1000     0.182552  0.504838  0.372309     2.253      0.0538405  0.504838  0.25249      4.483

Challenge file is read: /apc/dataset/test/10fold_10K_b/fold-010.json
category      instances    precision    recall      ndcg    extender    precision    recall      ndcg    extender
----------  -----------  -----------  --------  --------  ----------  -----------  --------  --------  ----------
1                   357     0.184145  0.530252  0.379953     2.05882    0.0461976  0.530252  0.247336     5.23249
2                   329     0.200348  0.498549  0.381828     2.41945    0.0551106  0.498549  0.254404     4.71429
3                   314     0.192948  0.489412  0.374167     3.26752    0.0639258  0.489412  0.261185     5.41401
mean               1000     0.19224   0.506998  0.378753     2.557      0.0546966  0.506998  0.25401      5.119
