Challenge file is read: /apc/dataset/test/10fold_10K_b/fold-001.json
category      instances    precision    recall      ndcg    extender    precision    recall      ndcg    extender
----------  -----------  -----------  --------  --------  ----------  -----------  --------  --------  ----------
1                   329     0.191494  0.550236  0.392425     2.06079    0.0496525  0.550236  0.257228     5.64438
2                   322     0.207674  0.51312   0.39721      2.81056    0.0684743  0.51312   0.266629     5.87267
3                   349     0.19272   0.501682  0.380624     2.01719    0.0707533  0.501682  0.27239      4.6361
mean               1000     0.197132  0.521339  0.389847     2.287      0.0630773  0.521339  0.265547     5.366

Challenge file is read: /apc/dataset/test/10fold_10K_b/fold-002.json
category      instances    precision    recall      ndcg    extender    precision    recall      ndcg    extender
----------  -----------  -----------  --------  --------  ----------  -----------  --------  --------  ----------
1                   323     0.175701  0.541674  0.372575     2.35604    0.0549327  0.541674  0.256194     5.96285
2                   316     0.191087  0.497934  0.378844     2.33228    0.0649764  0.497934  0.257463     4.78797
3                   361     0.197921  0.496632  0.383        1.70914    0.0779062  0.496632  0.274935     4.0277
mean               1000     0.188584  0.511592  0.378319     2.115      0.0664     0.511592  0.26336      4.893

Challenge file is read: /apc/dataset/test/10fold_10K_b/fold-003.json
category      instances    precision    recall      ndcg    extender    precision    recall      ndcg    extender
----------  -----------  -----------  --------  --------  ----------  -----------  --------  --------  ----------
1                   332     0.176749  0.525011  0.364454     2.95181    0.0700005  0.525011  0.264737     6.13554
2                   318     0.185909  0.499427  0.371411     2.00943    0.0751573  0.499427  0.26877      4.5
3                   350     0.197982  0.487476  0.379288     1.86571    0.0936756  0.487476  0.286017     4.36571
mean               1000     0.187093  0.503738  0.371858     2.272      0.0799267  0.503738  0.273467     4.996

Challenge file is read: /apc/dataset/test/10fold_10K_b/fold-004.json
category      instances    precision    recall      ndcg    extender    precision    recall      ndcg    extender
----------  -----------  -----------  --------  --------  ----------  -----------  --------  --------  ----------
1                   333     0.18841   0.519626  0.37994      2.45646    0.0749551  0.519626  0.27113      4.72673
2                   341     0.197849  0.513458  0.390549     1.77126    0.0914042  0.513458  0.29369      4.15249
3                   326     0.20028   0.509303  0.393905     1.7638     0.0898794  0.509303  0.293103     4.27301
mean               1000     0.195498  0.514158  0.38811      1.997      0.0854296  0.514158  0.285986     4.383

Challenge file is read: /apc/dataset/test/10fold_10K_b/fold-005.json
category      instances    precision    recall      ndcg    extender    precision    recall      ndcg    extender
----------  -----------  -----------  --------  --------  ----------  -----------  --------  --------  ----------
1                   300     0.212464  0.541513  0.404461     1.38333    0.072989   0.541513  0.279387     4.2
2                   360     0.212597  0.519102  0.401289     2.49444    0.0855078  0.519102  0.2893       4.96667
3                   340     0.195661  0.487773  0.376164     2.00882    0.10123    0.487773  0.293926     3.97353
mean               1000     0.206799  0.515174  0.393698     1.996      0.0870978  0.515174  0.287899     4.399

Challenge file is read: /apc/dataset/test/10fold_10K_b/fold-006.json
category      instances    precision    recall      ndcg    extender    precision    recall      ndcg    extender
----------  -----------  -----------  --------  --------  ----------  -----------  --------  --------  ----------
1                   352     0.186095  0.559447  0.394298     2.28409    0.0646589  0.559447  0.275589     5.36648
2                   318     0.19585   0.517332  0.387569     1.98113    0.0777631  0.517332  0.278883     4.15409
3                   330     0.186774  0.497896  0.377183     2.16667    0.0870135  0.497896  0.287001     4.01212
mean               1000     0.189421  0.525743  0.38651      2.149      0.076203   0.525743  0.280402     4.534

Challenge file is read: /apc/dataset/test/10fold_10K_b/fold-007.json
category      instances    precision    recall      ndcg    extender    precision    recall      ndcg    extender
----------  -----------  -----------  --------  --------  ----------  -----------  --------  --------  ----------
1                   349     0.168802  0.525843  0.362106     3.31805    0.0495616  0.525843  0.242979     6.63897
2                   338     0.203123  0.509073  0.39367      2.7574     0.0707618  0.509073  0.2736       5.88757
3                   313     0.21864   0.523012  0.408572     1.38658    0.0781199  0.523012  0.288667     4.10863
mean               1000     0.196002  0.519289  0.387319     2.524      0.065666   0.519289  0.267629     5.593

Challenge file is read: /apc/dataset/test/10fold_10K_b/fold-008.json
category      instances    precision    recall      ndcg    extender    precision    recall      ndcg    extender
----------  -----------  -----------  --------  --------  ----------  -----------  --------  --------  ----------
1                   316     0.184991  0.537591  0.381221     2.56962    0.0686458  0.537591  0.271863     5.41772
2                   346     0.209631  0.516622  0.394981     2.65607    0.0890552  0.516622  0.290384     5.2659
3                   338     0.201952  0.510286  0.386692     2.05917    0.0818399  0.510286  0.28721      4.47041
mean               1000     0.199249  0.521106  0.387831     2.427      0.080167   0.521106  0.283458     5.045

Challenge file is read: /apc/dataset/test/10fold_10K_b/fold-009.json
category      instances    precision    recall      ndcg    extender    precision    recall      ndcg    extender
----------  -----------  -----------  --------  --------  ----------  -----------  --------  --------  ----------
1                   331     0.162178  0.509441  0.347661     1.7432     0.068633   0.509441  0.256845     4.99396
2                   334     0.191676  0.508549  0.383023     2.08084    0.0954872  0.508549  0.292476     3.97605
3                   335     0.193587  0.496589  0.38598      2.92836    0.0972     0.496589  0.29469      4.6209
mean               1000     0.182552  0.504838  0.372309     2.253      0.0871723  0.504838  0.281424     4.529

Challenge file is read: /apc/dataset/test/10fold_10K_b/fold-010.json
category      instances    precision    recall      ndcg    extender    precision    recall      ndcg    extender
----------  -----------  -----------  --------  --------  ----------  -----------  --------  --------  ----------
1                   357     0.184145  0.530252  0.379953     2.05882    0.0664894  0.530252  0.264772     5.41457
2                   329     0.200348  0.498549  0.381828     2.41945    0.0724806  0.498549  0.273196     5.5076
3                   314     0.192948  0.489412  0.374167     3.26752    0.0811541  0.489412  0.27587      5.53503
mean               1000     0.19224   0.506998  0.378753     2.557      0.0730652  0.506998  0.271028     5.483
