Challenge file is read: /apc/dataset/test/10fold_10K_b/fold-001.json
category      instances    precision    recall      ndcg    extender    precision    recall      ndcg    extender
----------  -----------  -----------  --------  --------  ----------  -----------  --------  --------  ----------
1                   329     0.191494  0.550236  0.392425     2.06079    0.0597575  0.550236  0.261065     5.67781
2                   322     0.207674  0.51312   0.39721      2.81056    0.0734294  0.51312   0.272403     5.79814
3                   349     0.19272   0.501682  0.380624     2.01719    0.0781982  0.501682  0.276554     3.81375
mean               1000     0.197132  0.521339  0.389847     2.287      0.0705957  0.521339  0.270122     5.066

Challenge file is read: /apc/dataset/test/10fold_10K_b/fold-002.json
category      instances    precision    recall      ndcg    extender    precision    recall      ndcg    extender
----------  -----------  -----------  --------  --------  ----------  -----------  --------  --------  ----------
1                   323     0.175701  0.541674  0.372575     2.35604    0.06416    0.541674  0.262388     5.82353
2                   316     0.191087  0.497934  0.378844     2.33228    0.0747176  0.497934  0.267326     4.92405
3                   361     0.197921  0.496632  0.383        1.70914    0.0779468  0.496632  0.275236     4.10803
mean               1000     0.188584  0.511592  0.378319     2.115      0.0724732  0.511592  0.268587     4.92

Challenge file is read: /apc/dataset/test/10fold_10K_b/fold-003.json
category      instances    precision    recall      ndcg    extender    precision    recall      ndcg    extender
----------  -----------  -----------  --------  --------  ----------  -----------  --------  --------  ----------
1                   332     0.176749  0.525011  0.364454     2.95181     0.113762  0.525011  0.306257     4.33735
2                   318     0.185909  0.499427  0.371411     2.00943     0.117357  0.499427  0.3048       3.44025
3                   350     0.197982  0.487476  0.379288     1.86571     0.131856  0.487476  0.319991     3.05429
mean               1000     0.187093  0.503738  0.371858     2.272       0.121238  0.503738  0.3106       3.603

Challenge file is read: /apc/dataset/test/10fold_10K_b/fold-004.json
category      instances    precision    recall      ndcg    extender    precision    recall      ndcg    extender
----------  -----------  -----------  --------  --------  ----------  -----------  --------  --------  ----------
1                   333     0.18841   0.519626  0.37994      2.45646    0.0728823  0.519626  0.269509     5.47147
2                   341     0.197849  0.513458  0.390549     1.77126    0.0927983  0.513458  0.293358     3.9824
3                   326     0.20028   0.509303  0.393905     1.7638     0.0970361  0.509303  0.300631     4.31288
mean               1000     0.195498  0.514158  0.38811      1.997      0.0875478  0.514158  0.287787     4.586

Challenge file is read: /apc/dataset/test/10fold_10K_b/fold-005.json
category      instances    precision    recall      ndcg    extender    precision    recall      ndcg    extender
----------  -----------  -----------  --------  --------  ----------  -----------  --------  --------  ----------
1                   300     0.212464  0.541513  0.404461     1.38333    0.0769639  0.541513  0.281063     4.26333
2                   360     0.212597  0.519102  0.401289     2.49444    0.098292   0.519102  0.300061     4.16944
3                   340     0.195661  0.487773  0.376164     2.00882    0.0952716  0.487773  0.288528     3.87647
mean               1000     0.206799  0.515174  0.393698     1.996      0.0908666  0.515174  0.29044      4.098

Challenge file is read: /apc/dataset/test/10fold_10K_b/fold-006.json
category      instances    precision    recall      ndcg    extender    precision    recall      ndcg    extender
----------  -----------  -----------  --------  --------  ----------  -----------  --------  --------  ----------
1                   352     0.186095  0.559447  0.394298     2.28409    0.0628209  0.559447  0.275773     5.13352
2                   318     0.19585   0.517332  0.387569     1.98113    0.0797717  0.517332  0.280393     4.74528
3                   330     0.186774  0.497896  0.377183     2.16667    0.0793749  0.497896  0.282138     4.37879
mean               1000     0.189421  0.525743  0.38651      2.149      0.0736741  0.525743  0.279343     4.761

Challenge file is read: /apc/dataset/test/10fold_10K_b/fold-007.json
category      instances    precision    recall      ndcg    extender    precision    recall      ndcg    extender
----------  -----------  -----------  --------  --------  ----------  -----------  --------  --------  ----------
1                   349     0.168802  0.525843  0.362106     3.31805    0.0573351  0.525843  0.248523     6.52722
2                   338     0.203123  0.509073  0.39367      2.7574     0.0749543  0.509073  0.277736     5.25444
3                   313     0.21864   0.523012  0.408572     1.38658    0.0824171  0.523012  0.292142     3.6869
mean               1000     0.196002  0.519289  0.387319     2.524      0.0711411  0.519289  0.27205      5.208

Challenge file is read: /apc/dataset/test/10fold_10K_b/fold-008.json
category      instances    precision    recall      ndcg    extender    precision    recall      ndcg    extender
----------  -----------  -----------  --------  --------  ----------  -----------  --------  --------  ----------
1                   316     0.184991  0.537591  0.381221     2.56962    0.0619511  0.537591  0.264443     5.41772
2                   346     0.209631  0.516622  0.394981     2.65607    0.0807495  0.516622  0.27844      5.21965
3                   338     0.201952  0.510286  0.386692     2.05917    0.0820574  0.510286  0.28062      4.41124
mean               1000     0.199249  0.521106  0.387831     2.427      0.0752513  0.521106  0.274753     5.009

Challenge file is read: /apc/dataset/test/10fold_10K_b/fold-009.json
category      instances    precision    recall      ndcg    extender    precision    recall      ndcg    extender
----------  -----------  -----------  --------  --------  ----------  -----------  --------  --------  ----------
1                   331     0.162178  0.509441  0.347661     1.7432     0.0850401  0.509441  0.273394     3.96375
2                   334     0.191676  0.508549  0.383023     2.08084    0.106757   0.508549  0.304305     3.44012
3                   335     0.193587  0.496589  0.38598      2.92836    0.106632   0.496589  0.30612      4.4806
mean               1000     0.182552  0.504838  0.372309     2.253      0.0995269  0.504838  0.294682     3.962

Challenge file is read: /apc/dataset/test/10fold_10K_b/fold-010.json
category      instances    precision    recall      ndcg    extender    precision    recall      ndcg    extender
----------  -----------  -----------  --------  --------  ----------  -----------  --------  --------  ----------
1                   357     0.184145  0.530252  0.379953     2.05882    0.065546   0.530252  0.264384     5.45938
2                   329     0.200348  0.498549  0.381828     2.41945    0.0816013  0.498549  0.27843      5.00912
3                   314     0.192948  0.489412  0.374167     3.26752    0.0785416  0.489412  0.275939     6.31529
mean               1000     0.19224   0.506998  0.378753     2.557      0.0749088  0.506998  0.272633     5.58
