
Challenge file is read: /apc/dataset/test/10fold_10K_b/fold-001.json
category      instances    precision    recall      ndcg    extender    precision    recall      ndcg    extender
----------  -----------  -----------  --------  --------  ----------  -----------  --------  --------  ----------
1                   329     0.197075  0.462016  0.359172     2.22796     0.099152  0.462016  0.268572     4.01216
2                   322     0.211527  0.423423  0.359915     2.66149     0.111764  0.423423  0.270505     4.36025
3                   349     0.192937  0.40198   0.338229     2.24069     0.110365  0.40198   0.26595      3.30086
mean               1000     0.200284  0.428637  0.352102     2.372       0.107127  0.428637  0.268279     3.876

Challenge file is read: /apc/dataset/test/10fold_10K_b/fold-002.json
category      instances    precision    recall      ndcg    extender    precision    recall      ndcg    extender
----------  -----------  -----------  --------  --------  ----------  -----------  --------  --------  ----------
1                   323     0.182154  0.449044  0.343134     2.27554    0.0664216  0.449044  0.239192     4.32508
2                   316     0.192573  0.404274  0.339139     2.4557     0.0815318  0.404274  0.238653     4.28797
3                   361     0.202525  0.403213  0.343188     1.6205     0.0964825  0.403213  0.254002     3.4903
mean               1000     0.192801  0.418352  0.341891     2.096      0.0820484  0.418352  0.244368     4.012

Challenge file is read: /apc/dataset/test/10fold_10K_b/fold-003.json
category      instances    precision    recall      ndcg    extender    precision    recall      ndcg    extender
----------  -----------  -----------  --------  --------  ----------  -----------  --------  --------  ----------
1                   332     0.180277  0.433748  0.335268     3.53012    0.0898213  0.433748  0.252775     4.79217
2                   318     0.192258  0.404303  0.333106     2.45912    0.116854   0.404303  0.262542     3.52201
3                   350     0.20105   0.390766  0.34018      1.82       0.114923   0.390766  0.261928     2.86857
mean               1000     0.191357  0.409341  0.3363       2.591      0.107203   0.409341  0.259084     3.715

Challenge file is read: /apc/dataset/test/10fold_10K_b/fold-004.json
category      instances    precision    recall      ndcg    extender    precision    recall      ndcg    extender
----------  -----------  -----------  --------  --------  ----------  -----------  --------  --------  ----------
1                   333     0.191917  0.432124  0.346365     2.55556     0.126284  0.432124  0.282755     3.3003
2                   341     0.203479  0.413292  0.350139     1.96188     0.148122  0.413292  0.298161     2.46041
3                   326     0.204531  0.414938  0.352744     2           0.151863  0.414938  0.297067     2.50613
mean               1000     0.199972  0.4201    0.349732     2.172       0.14207   0.4201    0.292674     2.755

Challenge file is read: /apc/dataset/test/10fold_10K_b/fold-005.json
category      instances    precision    recall      ndcg    extender    precision    recall      ndcg    extender
----------  -----------  -----------  --------  --------  ----------  -----------  --------  --------  ----------
1                   300     0.214523  0.452284  0.372109     1.34667     0.113105  0.452284  0.276147     2.54667
2                   360     0.21518   0.420333  0.359596     2.60556     0.125525  0.420333  0.275118     3.42222
3                   340     0.199181  0.390875  0.332234     2.89118     0.134206  0.390875  0.270026     3.82059
mean               1000     0.209543  0.419903  0.354047     2.325       0.124751  0.419903  0.273695     3.295

Challenge file is read: /apc/dataset/test/10fold_10K_b/fold-006.json
category      instances    precision    recall      ndcg    extender    precision    recall      ndcg    extender
----------  -----------  -----------  --------  --------  ----------  -----------  --------  --------  ----------
1                   352     0.195014  0.469041  0.364685     2.23295     0.105725  0.469041  0.281395     3.53409
2                   318     0.200823  0.420216  0.346731     1.92767     0.119348  0.420216  0.273717     2.93711
3                   330     0.194327  0.402883  0.337532     2.29091     0.121648  0.402883  0.271854     3.23636
mean               1000     0.196635  0.431682  0.350015     2.155       0.115311  0.431682  0.275805     3.246

Challenge file is read: /apc/dataset/test/10fold_10K_b/fold-007.json
category      instances    precision    recall      ndcg    extender    precision    recall      ndcg    extender
----------  -----------  -----------  --------  --------  ----------  -----------  --------  --------  ----------
1                   349     0.173679  0.428502  0.328275     3.41261    0.0701992  0.428502  0.224976     5.10315
2                   338     0.208222  0.417014  0.355113     2.52367    0.0922594  0.417014  0.25395      3.99408
3                   313     0.221422  0.426767  0.365548     1.51118    0.114316   0.426767  0.272474     2.80831
mean               1000     0.200298  0.424076  0.349012     2.517      0.0914641  0.424076  0.249636     4.01

Challenge file is read: /apc/dataset/test/10fold_10K_b/fold-008.json
category      instances    precision    recall      ndcg    extender    precision    recall      ndcg    extender
----------  -----------  -----------  --------  --------  ----------  -----------  --------  --------  ----------
1                   316     0.187146  0.445049  0.347992     2.82595    0.0785578  0.445049  0.248572     4.13291
2                   346     0.21581   0.426469  0.360068     3.05491    0.106618   0.426469  0.264093     4.30636
3                   338     0.206508  0.409648  0.345358     2.01775    0.112875   0.409648  0.260122     3.14201
mean               1000     0.203608  0.426655  0.35128      2.632      0.0998658  0.426655  0.257846     3.858

Challenge file is read: /apc/dataset/test/10fold_10K_b/fold-009.json
category      instances    precision    recall      ndcg    extender    precision    recall      ndcg    extender
----------  -----------  -----------  --------  --------  ----------  -----------  --------  --------  ----------
1                   331     0.171207  0.414304  0.315264     2.06042     0.122206  0.414304  0.271871     2.9003
2                   334     0.194988  0.405312  0.340027     2.69162     0.153772  0.405312  0.302187     3.20659
3                   335     0.19689   0.406321  0.34875      2.28358     0.149961  0.406321  0.303261     2.84179
mean               1000     0.187754  0.408626  0.334753     2.346       0.142047  0.408626  0.292512     2.983

Challenge file is read: /apc/dataset/test/10fold_10K_b/fold-010.json
category      instances    precision    recall      ndcg    extender    precision    recall      ndcg    extender
----------  -----------  -----------  --------  --------  ----------  -----------  --------  --------  ----------
1                   357     0.189911  0.432387  0.345257     2.63025    0.0975567  0.432387  0.254451     4.19608
2                   329     0.206104  0.407249  0.344796     2.68997    0.123649   0.407249  0.270478     3.74164
3                   314     0.195446  0.391514  0.331031     3.21975    0.1218     0.391514  0.259581     4.21656
mean               1000     0.196977  0.411282  0.340639     2.835      0.113753   0.411282  0.261335     4.053
